20:40:25:345  INFO 40968 --- [main] com.hmall.pay.PayApplication             : Starting PayApplication using Java 11.0.15.1 on DESKTOP-R9FFT3M with PID 40968 (D:\Desktop\Technology-Stack\Microservices\hmall\pay-service\target\classes started by 86183 in D:\Desktop\Technology-Stack\Microservices\hmall)
20:40:25:348 DEBUG 40968 --- [main] com.hmall.pay.PayApplication             : Running with Spring Boot v2.7.12, Spring v5.3.27
20:40:25:348  INFO 40968 --- [main] com.hmall.pay.PayApplication             : The following 1 profile is active: "local"
20:40:26:058  INFO 40968 --- [main] o.s.cloud.context.scope.GenericScope     : BeanFactory id=f0bcb0b0-eac2-3045-af24-30641a5383c6
20:40:26:373  INFO 40968 --- [main] o.s.b.w.embedded.tomcat.TomcatWebServer  : Tomcat initialized with port(s): 8086 (http)
20:40:26:380  INFO 40968 --- [main] o.apache.catalina.core.StandardService   : Starting service [Tomcat]
20:40:26:380  INFO 40968 --- [main] org.apache.catalina.core.StandardEngine  : Starting Servlet engine: [Apache Tomcat/9.0.75]
20:40:26:481  INFO 40968 --- [main] o.a.c.c.C.[Tomcat].[localhost].[/]       : Initializing Spring embedded WebApplicationContext
20:40:26:481  INFO 40968 --- [main] w.s.c.ServletWebServerApplicationContext : Root WebApplicationContext: initialization completed in 1101 ms
20:40:26:649  INFO 40968 --- [main] o.s.c.openfeign.FeignClientFactoryBean   : For 'user-service' URL not provided. Will try picking an instance via load-balancing.
20:40:26:684  INFO 40968 --- [main] o.s.c.openfeign.FeignClientFactoryBean   : For 'trade-service' URL not provided. Will try picking an instance via load-balancing.
20:40:27:447  INFO 40968 --- [main] c.a.c.sentinel.SentinelWebMvcConfigurer  : [Sentinel Starter] register SentinelWebInterceptor with urlPatterns: [/**].
20:40:27:846  INFO 40968 --- [main] pertySourcedRequestMappingHandlerMapping : Mapped URL path [/v2/api-docs] onto method [springfox.documentation.swagger2.web.Swagger2ControllerWebMvc#getDocumentation(String, HttpServletRequest)]
20:40:28:311  INFO 40968 --- [main] com.alibaba.nacos.common.remote.client   : [RpcClientFactory] create a new rpc client of fdc5942d-e165-49ac-8c9e-395a1cf93976
20:40:28:344  INFO 40968 --- [main] org.reflections.Reflections              : Reflections took 16 ms to scan 1 urls, producing 3 keys and 6 values 
20:40:28:375  INFO 40968 --- [main] org.reflections.Reflections              : Reflections took 18 ms to scan 1 urls, producing 4 keys and 9 values 
20:40:28:385  INFO 40968 --- [main] org.reflections.Reflections              : Reflections took 8 ms to scan 1 urls, producing 3 keys and 10 values 
20:40:28:387  WARN 40968 --- [main] org.reflections.Reflections              : given scan urls are empty. set urls in the configuration
20:40:28:395  INFO 40968 --- [main] org.reflections.Reflections              : Reflections took 7 ms to scan 1 urls, producing 1 keys and 5 values 
20:40:28:404  INFO 40968 --- [main] org.reflections.Reflections              : Reflections took 8 ms to scan 1 urls, producing 1 keys and 7 values 
20:40:28:414  INFO 40968 --- [main] org.reflections.Reflections              : Reflections took 8 ms to scan 1 urls, producing 2 keys and 8 values 
20:40:28:415  WARN 40968 --- [main] org.reflections.Reflections              : given scan urls are empty. set urls in the configuration
20:40:28:416  INFO 40968 --- [main] com.alibaba.nacos.common.remote.client   : [fdc5942d-e165-49ac-8c9e-395a1cf93976] RpcClient init label, labels = {module=naming, source=sdk}
20:40:28:418  INFO 40968 --- [main] com.alibaba.nacos.common.remote.client   : [fdc5942d-e165-49ac-8c9e-395a1cf93976] RpcClient init, ServerListFactory = com.alibaba.nacos.client.naming.core.ServerListManager
20:40:28:418  INFO 40968 --- [main] com.alibaba.nacos.common.remote.client   : [fdc5942d-e165-49ac-8c9e-395a1cf93976] Registry connection listener to current client:com.alibaba.nacos.client.naming.remote.gprc.redo.NamingGrpcRedoService
20:40:28:418  INFO 40968 --- [main] com.alibaba.nacos.common.remote.client   : [fdc5942d-e165-49ac-8c9e-395a1cf93976] Register server push request handler:com.alibaba.nacos.client.naming.remote.gprc.NamingPushRequestHandler
20:40:28:420  INFO 40968 --- [main] com.alibaba.nacos.common.remote.client   : [fdc5942d-e165-49ac-8c9e-395a1cf93976] Try to connect to server on start up, server: {serverIp = '192.168.88.132', server main port = 8848}
20:40:29:430  INFO 40968 --- [main] com.alibaba.nacos.common.remote.client   : [fdc5942d-e165-49ac-8c9e-395a1cf93976] Success to connect to server [192.168.88.132:8848] on start up, connectionId = 1704544829169_192.168.88.1_61465
20:40:29:431  INFO 40968 --- [com.alibaba.nacos.client.remote.worker] com.alibaba.nacos.common.remote.client   : [fdc5942d-e165-49ac-8c9e-395a1cf93976] Notify connected event to listeners.
20:40:29:432  INFO 40968 --- [main] com.alibaba.nacos.common.remote.client   : [fdc5942d-e165-49ac-8c9e-395a1cf93976] Register server push request handler:com.alibaba.nacos.common.remote.client.RpcClient$ConnectResetRequestHandler
20:40:29:433  INFO 40968 --- [main] com.alibaba.nacos.common.remote.client   : [fdc5942d-e165-49ac-8c9e-395a1cf93976] Register server push request handler:com.alibaba.nacos.common.remote.client.RpcClient$$Lambda$998/0x0000000800743840
20:40:29:472  INFO 40968 --- [main] o.s.b.w.embedded.tomcat.TomcatWebServer  : Tomcat started on port(s): 8086 (http) with context path ''
20:40:29:490  INFO 40968 --- [main] c.a.c.n.registry.NacosServiceRegistry    : nacos registry, DEFAULT_GROUP pay-service 172.18.112.1:8086 register finished
20:40:29:677  INFO 40968 --- [main] d.s.w.p.DocumentationPluginsBootstrapper : Documentation plugins bootstrapped
20:40:29:680  INFO 40968 --- [main] d.s.w.p.DocumentationPluginsBootstrapper : Found 1 custom documentation plugin(s)
20:40:29:694  INFO 40968 --- [main] s.d.s.w.s.ApiListingReferenceScanner     : Scanning for api listing references
20:40:29:747  INFO 40968 --- [main] com.hmall.pay.PayApplication             : Started PayApplication in 5.02 seconds (JVM running for 5.769)
20:40:30:069  INFO 40968 --- [nacos-grpc-client-executor-10] com.alibaba.nacos.common.remote.client   : [fdc5942d-e165-49ac-8c9e-395a1cf93976] Receive server push request, request = NotifySubscriberRequest, requestId = 37
20:40:30:071  INFO 40968 --- [nacos-grpc-client-executor-10] com.alibaba.nacos.common.remote.client   : [fdc5942d-e165-49ac-8c9e-395a1cf93976] Ack server push request, request = NotifySubscriberRequest, requestId = 37
20:49:06:723  WARN 40968 --- [Thread-7] c.a.n.common.http.HttpClientBeanHolder   : [HttpClientBeanHolder] Start destroying common HttpClient
20:49:06:723  WARN 40968 --- [Thread-4] c.a.nacos.common.notify.NotifyCenter     : [NotifyCenter] Start destroying Publisher
20:49:06:723  WARN 40968 --- [Thread-4] c.a.nacos.common.notify.NotifyCenter     : [NotifyCenter] Destruction of the end
20:49:06:724  WARN 40968 --- [Thread-7] c.a.n.common.http.HttpClientBeanHolder   : [HttpClientBeanHolder] Destruction of the end
20:49:06:913  INFO 40968 --- [SpringApplicationShutdownHook] c.a.c.n.registry.NacosServiceRegistry    : De-registering from Nacos Server now...
20:49:06:924  INFO 40968 --- [SpringApplicationShutdownHook] c.a.c.n.registry.NacosServiceRegistry    : De-registration finished.
20:49:07:253  INFO 40968 --- [SpringApplicationShutdownHook] com.alibaba.nacos.common.remote.client   : Shutdown rpc client, set status to shutdown
20:49:07:253  INFO 40968 --- [SpringApplicationShutdownHook] com.alibaba.nacos.common.remote.client   : Shutdown client event executor java.util.concurrent.ScheduledThreadPoolExecutor@5ae818ce[Running, pool size = 2, active threads = 2, queued tasks = 0, completed tasks = 0]
20:49:07:253  INFO 40968 --- [SpringApplicationShutdownHook] com.alibaba.nacos.common.remote.client   : Close current connection 1704544829169_192.168.88.1_61465
20:49:07:258  INFO 40968 --- [SpringApplicationShutdownHook] c.a.n.c.remote.client.grpc.GrpcClient    : Shutdown grpc executor java.util.concurrent.ThreadPoolExecutor@2ac9107d[Running, pool size = 4, active threads = 0, queued tasks = 0, completed tasks = 129]
20:49:11:838  INFO 8724 --- [main] com.hmall.pay.PayApplication             : Starting PayApplication using Java 11.0.15.1 on DESKTOP-R9FFT3M with PID 8724 (D:\Desktop\Technology-Stack\Microservices\hmall\pay-service\target\classes started by 86183 in D:\Desktop\Technology-Stack\Microservices\hmall)
20:49:11:840 DEBUG 8724 --- [main] com.hmall.pay.PayApplication             : Running with Spring Boot v2.7.12, Spring v5.3.27
20:49:11:840  INFO 8724 --- [main] com.hmall.pay.PayApplication             : The following 1 profile is active: "local"
20:49:12:707  INFO 8724 --- [main] o.s.cloud.context.scope.GenericScope     : BeanFactory id=f0bcb0b0-eac2-3045-af24-30641a5383c6
20:49:13:113  INFO 8724 --- [main] o.s.b.w.embedded.tomcat.TomcatWebServer  : Tomcat initialized with port(s): 8086 (http)
20:49:13:121  INFO 8724 --- [main] o.apache.catalina.core.StandardService   : Starting service [Tomcat]
20:49:13:121  INFO 8724 --- [main] org.apache.catalina.core.StandardEngine  : Starting Servlet engine: [Apache Tomcat/9.0.75]
20:49:13:244  INFO 8724 --- [main] o.a.c.c.C.[Tomcat].[localhost].[/]       : Initializing Spring embedded WebApplicationContext
20:49:13:244  INFO 8724 --- [main] w.s.c.ServletWebServerApplicationContext : Root WebApplicationContext: initialization completed in 1373 ms
20:49:13:502  INFO 8724 --- [main] o.s.c.openfeign.FeignClientFactoryBean   : For 'user-service' URL not provided. Will try picking an instance via load-balancing.
20:49:13:555  INFO 8724 --- [main] o.s.c.openfeign.FeignClientFactoryBean   : For 'trade-service' URL not provided. Will try picking an instance via load-balancing.
20:49:14:785  INFO 8724 --- [main] c.a.c.sentinel.SentinelWebMvcConfigurer  : [Sentinel Starter] register SentinelWebInterceptor with urlPatterns: [/**].
20:49:15:733  INFO 8724 --- [main] pertySourcedRequestMappingHandlerMapping : Mapped URL path [/v2/api-docs] onto method [springfox.documentation.swagger2.web.Swagger2ControllerWebMvc#getDocumentation(String, HttpServletRequest)]
20:49:16:208  INFO 8724 --- [main] com.alibaba.nacos.common.remote.client   : [RpcClientFactory] create a new rpc client of a89196dc-3c51-4b26-9a8d-da563115e0b7
20:49:16:239  INFO 8724 --- [main] org.reflections.Reflections              : Reflections took 17 ms to scan 1 urls, producing 3 keys and 6 values 
20:49:16:257  INFO 8724 --- [main] org.reflections.Reflections              : Reflections took 8 ms to scan 1 urls, producing 4 keys and 9 values 
20:49:16:278  INFO 8724 --- [main] org.reflections.Reflections              : Reflections took 8 ms to scan 1 urls, producing 3 keys and 10 values 
20:49:16:280  WARN 8724 --- [main] org.reflections.Reflections              : given scan urls are empty. set urls in the configuration
20:49:16:287  INFO 8724 --- [main] org.reflections.Reflections              : Reflections took 7 ms to scan 1 urls, producing 1 keys and 5 values 
20:49:16:297  INFO 8724 --- [main] org.reflections.Reflections              : Reflections took 8 ms to scan 1 urls, producing 1 keys and 7 values 
20:49:16:306  INFO 8724 --- [main] org.reflections.Reflections              : Reflections took 7 ms to scan 1 urls, producing 2 keys and 8 values 
20:49:16:308  WARN 8724 --- [main] org.reflections.Reflections              : given scan urls are empty. set urls in the configuration
20:49:16:309  INFO 8724 --- [main] com.alibaba.nacos.common.remote.client   : [a89196dc-3c51-4b26-9a8d-da563115e0b7] RpcClient init label, labels = {module=naming, source=sdk}
20:49:16:312  INFO 8724 --- [main] com.alibaba.nacos.common.remote.client   : [a89196dc-3c51-4b26-9a8d-da563115e0b7] RpcClient init, ServerListFactory = com.alibaba.nacos.client.naming.core.ServerListManager
20:49:16:312  INFO 8724 --- [main] com.alibaba.nacos.common.remote.client   : [a89196dc-3c51-4b26-9a8d-da563115e0b7] Registry connection listener to current client:com.alibaba.nacos.client.naming.remote.gprc.redo.NamingGrpcRedoService
20:49:16:312  INFO 8724 --- [main] com.alibaba.nacos.common.remote.client   : [a89196dc-3c51-4b26-9a8d-da563115e0b7] Register server push request handler:com.alibaba.nacos.client.naming.remote.gprc.NamingPushRequestHandler
20:49:16:313  INFO 8724 --- [main] com.alibaba.nacos.common.remote.client   : [a89196dc-3c51-4b26-9a8d-da563115e0b7] Try to connect to server on start up, server: {serverIp = '192.168.88.132', server main port = 8848}
20:49:17:321  INFO 8724 --- [main] com.alibaba.nacos.common.remote.client   : [a89196dc-3c51-4b26-9a8d-da563115e0b7] Success to connect to server [192.168.88.132:8848] on start up, connectionId = 1704545357060_192.168.88.1_63285
20:49:17:322  INFO 8724 --- [com.alibaba.nacos.client.remote.worker] com.alibaba.nacos.common.remote.client   : [a89196dc-3c51-4b26-9a8d-da563115e0b7] Notify connected event to listeners.
20:49:17:322  INFO 8724 --- [main] com.alibaba.nacos.common.remote.client   : [a89196dc-3c51-4b26-9a8d-da563115e0b7] Register server push request handler:com.alibaba.nacos.common.remote.client.RpcClient$ConnectResetRequestHandler
20:49:17:323  INFO 8724 --- [main] com.alibaba.nacos.common.remote.client   : [a89196dc-3c51-4b26-9a8d-da563115e0b7] Register server push request handler:com.alibaba.nacos.common.remote.client.RpcClient$$Lambda$998/0x000000080074b840
20:49:17:356  INFO 8724 --- [main] o.s.b.w.embedded.tomcat.TomcatWebServer  : Tomcat started on port(s): 8086 (http) with context path ''
20:49:17:367  INFO 8724 --- [main] c.a.c.n.registry.NacosServiceRegistry    : nacos registry, DEFAULT_GROUP pay-service 172.18.112.1:8086 register finished
20:49:17:559  INFO 8724 --- [main] d.s.w.p.DocumentationPluginsBootstrapper : Documentation plugins bootstrapped
20:49:17:562  INFO 8724 --- [main] d.s.w.p.DocumentationPluginsBootstrapper : Found 1 custom documentation plugin(s)
20:49:17:578  INFO 8724 --- [main] s.d.s.w.s.ApiListingReferenceScanner     : Scanning for api listing references
20:49:17:640  INFO 8724 --- [main] com.hmall.pay.PayApplication             : Started PayApplication in 6.465 seconds (JVM running for 7.135)
20:49:17:889  INFO 8724 --- [nacos-grpc-client-executor-9] com.alibaba.nacos.common.remote.client   : [a89196dc-3c51-4b26-9a8d-da563115e0b7] Receive server push request, request = NotifySubscriberRequest, requestId = 40
20:49:17:891  INFO 8724 --- [nacos-grpc-client-executor-9] com.alibaba.nacos.common.remote.client   : [a89196dc-3c51-4b26-9a8d-da563115e0b7] Ack server push request, request = NotifySubscriberRequest, requestId = 40
21:11:54:514  WARN 8724 --- [Thread-4] c.a.nacos.common.notify.NotifyCenter     : [NotifyCenter] Start destroying Publisher
21:11:54:514  WARN 8724 --- [Thread-7] c.a.n.common.http.HttpClientBeanHolder   : [HttpClientBeanHolder] Start destroying common HttpClient
21:11:54:516  WARN 8724 --- [Thread-4] c.a.nacos.common.notify.NotifyCenter     : [NotifyCenter] Destruction of the end
21:11:54:518  WARN 8724 --- [Thread-7] c.a.n.common.http.HttpClientBeanHolder   : [HttpClientBeanHolder] Destruction of the end
21:11:54:698  INFO 8724 --- [SpringApplicationShutdownHook] c.a.c.n.registry.NacosServiceRegistry    : De-registering from Nacos Server now...
21:11:54:714  INFO 8724 --- [SpringApplicationShutdownHook] c.a.c.n.registry.NacosServiceRegistry    : De-registration finished.
21:11:55:045  INFO 8724 --- [SpringApplicationShutdownHook] com.alibaba.nacos.common.remote.client   : Shutdown rpc client, set status to shutdown
21:11:55:045  INFO 8724 --- [SpringApplicationShutdownHook] com.alibaba.nacos.common.remote.client   : Shutdown client event executor java.util.concurrent.ScheduledThreadPoolExecutor@621a6cfd[Running, pool size = 2, active threads = 2, queued tasks = 0, completed tasks = 0]
21:11:55:045  INFO 8724 --- [SpringApplicationShutdownHook] com.alibaba.nacos.common.remote.client   : Close current connection 1704545357060_192.168.88.1_63285
21:11:55:047  INFO 8724 --- [nacos-grpc-client-executor-306] c.a.n.c.remote.client.grpc.GrpcClient    : [1704545357060_192.168.88.1_63285]Ignore complete event,isRunning:false,isAbandon=false
21:11:55:052  INFO 8724 --- [SpringApplicationShutdownHook] c.a.n.c.remote.client.grpc.GrpcClient    : Shutdown grpc executor java.util.concurrent.ThreadPoolExecutor@745186ce[Running, pool size = 5, active threads = 0, queued tasks = 0, completed tasks = 307]
21:11:57:756  INFO 30060 --- [main] com.hmall.pay.PayApplication             : Starting PayApplication using Java 11.0.15.1 on DESKTOP-R9FFT3M with PID 30060 (D:\Desktop\Technology-Stack\Microservices\hmall\pay-service\target\classes started by 86183 in D:\Desktop\Technology-Stack\Microservices\hmall)
21:11:57:758 DEBUG 30060 --- [main] com.hmall.pay.PayApplication             : Running with Spring Boot v2.7.12, Spring v5.3.27
21:11:57:758  INFO 30060 --- [main] com.hmall.pay.PayApplication             : The following 1 profile is active: "local"
21:11:58:445  INFO 30060 --- [main] o.s.cloud.context.scope.GenericScope     : BeanFactory id=f0bcb0b0-eac2-3045-af24-30641a5383c6
21:11:58:743  INFO 30060 --- [main] o.s.b.w.embedded.tomcat.TomcatWebServer  : Tomcat initialized with port(s): 8086 (http)
21:11:58:749  INFO 30060 --- [main] o.apache.catalina.core.StandardService   : Starting service [Tomcat]
21:11:58:750  INFO 30060 --- [main] org.apache.catalina.core.StandardEngine  : Starting Servlet engine: [Apache Tomcat/9.0.75]
21:11:58:848  INFO 30060 --- [main] o.a.c.c.C.[Tomcat].[localhost].[/]       : Initializing Spring embedded WebApplicationContext
21:11:58:848  INFO 30060 --- [main] w.s.c.ServletWebServerApplicationContext : Root WebApplicationContext: initialization completed in 1061 ms
21:11:59:012  INFO 30060 --- [main] o.s.c.openfeign.FeignClientFactoryBean   : For 'user-service' URL not provided. Will try picking an instance via load-balancing.
21:11:59:046  INFO 30060 --- [main] o.s.c.openfeign.FeignClientFactoryBean   : For 'trade-service' URL not provided. Will try picking an instance via load-balancing.
21:11:59:813  INFO 30060 --- [main] c.a.c.sentinel.SentinelWebMvcConfigurer  : [Sentinel Starter] register SentinelWebInterceptor with urlPatterns: [/**].
21:12:00:195  INFO 30060 --- [main] pertySourcedRequestMappingHandlerMapping : Mapped URL path [/v2/api-docs] onto method [springfox.documentation.swagger2.web.Swagger2ControllerWebMvc#getDocumentation(String, HttpServletRequest)]
21:12:00:690  INFO 30060 --- [main] com.alibaba.nacos.common.remote.client   : [RpcClientFactory] create a new rpc client of 13ed7303-b540-433b-a612-e0a8f2a19909
21:12:00:724  INFO 30060 --- [main] org.reflections.Reflections              : Reflections took 19 ms to scan 1 urls, producing 3 keys and 6 values 
21:12:00:748  INFO 30060 --- [main] org.reflections.Reflections              : Reflections took 8 ms to scan 1 urls, producing 4 keys and 9 values 
21:12:00:768  INFO 30060 --- [main] org.reflections.Reflections              : Reflections took 16 ms to scan 1 urls, producing 3 keys and 10 values 
21:12:00:770  WARN 30060 --- [main] org.reflections.Reflections              : given scan urls are empty. set urls in the configuration
21:12:00:776  INFO 30060 --- [main] org.reflections.Reflections              : Reflections took 6 ms to scan 1 urls, producing 1 keys and 5 values 
21:12:00:785  INFO 30060 --- [main] org.reflections.Reflections              : Reflections took 7 ms to scan 1 urls, producing 1 keys and 7 values 
21:12:00:793  INFO 30060 --- [main] org.reflections.Reflections              : Reflections took 6 ms to scan 1 urls, producing 2 keys and 8 values 
21:12:00:795  WARN 30060 --- [main] org.reflections.Reflections              : given scan urls are empty. set urls in the configuration
21:12:00:796  INFO 30060 --- [main] com.alibaba.nacos.common.remote.client   : [13ed7303-b540-433b-a612-e0a8f2a19909] RpcClient init label, labels = {module=naming, source=sdk}
21:12:00:798  INFO 30060 --- [main] com.alibaba.nacos.common.remote.client   : [13ed7303-b540-433b-a612-e0a8f2a19909] RpcClient init, ServerListFactory = com.alibaba.nacos.client.naming.core.ServerListManager
21:12:00:798  INFO 30060 --- [main] com.alibaba.nacos.common.remote.client   : [13ed7303-b540-433b-a612-e0a8f2a19909] Registry connection listener to current client:com.alibaba.nacos.client.naming.remote.gprc.redo.NamingGrpcRedoService
21:12:00:799  INFO 30060 --- [main] com.alibaba.nacos.common.remote.client   : [13ed7303-b540-433b-a612-e0a8f2a19909] Register server push request handler:com.alibaba.nacos.client.naming.remote.gprc.NamingPushRequestHandler
21:12:00:801  INFO 30060 --- [main] com.alibaba.nacos.common.remote.client   : [13ed7303-b540-433b-a612-e0a8f2a19909] Try to connect to server on start up, server: {serverIp = '192.168.88.132', server main port = 8848}
21:12:01:969  INFO 30060 --- [main] com.alibaba.nacos.common.remote.client   : [13ed7303-b540-433b-a612-e0a8f2a19909] Success to connect to server [192.168.88.132:8848] on start up, connectionId = 1704546721666_192.168.88.1_50064
21:12:01:971  INFO 30060 --- [com.alibaba.nacos.client.remote.worker] com.alibaba.nacos.common.remote.client   : [13ed7303-b540-433b-a612-e0a8f2a19909] Notify connected event to listeners.
21:12:01:972  INFO 30060 --- [main] com.alibaba.nacos.common.remote.client   : [13ed7303-b540-433b-a612-e0a8f2a19909] Register server push request handler:com.alibaba.nacos.common.remote.client.RpcClient$ConnectResetRequestHandler
21:12:01:973  INFO 30060 --- [main] com.alibaba.nacos.common.remote.client   : [13ed7303-b540-433b-a612-e0a8f2a19909] Register server push request handler:com.alibaba.nacos.common.remote.client.RpcClient$$Lambda$998/0x000000080074b840
21:12:02:007  INFO 30060 --- [main] o.s.b.w.embedded.tomcat.TomcatWebServer  : Tomcat started on port(s): 8086 (http) with context path ''
21:12:02:021  INFO 30060 --- [main] c.a.c.n.registry.NacosServiceRegistry    : nacos registry, DEFAULT_GROUP pay-service 172.18.112.1:8086 register finished
21:12:02:256  INFO 30060 --- [main] d.s.w.p.DocumentationPluginsBootstrapper : Documentation plugins bootstrapped
21:12:02:259  INFO 30060 --- [main] d.s.w.p.DocumentationPluginsBootstrapper : Found 1 custom documentation plugin(s)
21:12:02:275  INFO 30060 --- [main] s.d.s.w.s.ApiListingReferenceScanner     : Scanning for api listing references
21:12:02:336  INFO 30060 --- [main] com.hmall.pay.PayApplication             : Started PayApplication in 5.143 seconds (JVM running for 5.875)
21:12:02:557  INFO 30060 --- [nacos-grpc-client-executor-9] com.alibaba.nacos.common.remote.client   : [13ed7303-b540-433b-a612-e0a8f2a19909] Receive server push request, request = NotifySubscriberRequest, requestId = 41
21:12:02:559  INFO 30060 --- [nacos-grpc-client-executor-9] com.alibaba.nacos.common.remote.client   : [13ed7303-b540-433b-a612-e0a8f2a19909] Ack server push request, request = NotifySubscriberRequest, requestId = 41
21:14:12:711  WARN 30060 --- [Thread-7] c.a.n.common.http.HttpClientBeanHolder   : [HttpClientBeanHolder] Start destroying common HttpClient
21:14:12:711  WARN 30060 --- [Thread-4] c.a.nacos.common.notify.NotifyCenter     : [NotifyCenter] Start destroying Publisher
21:14:12:712  WARN 30060 --- [Thread-4] c.a.nacos.common.notify.NotifyCenter     : [NotifyCenter] Destruction of the end
21:14:12:713  WARN 30060 --- [Thread-7] c.a.n.common.http.HttpClientBeanHolder   : [HttpClientBeanHolder] Destruction of the end
21:14:12:943  INFO 30060 --- [SpringApplicationShutdownHook] c.a.c.n.registry.NacosServiceRegistry    : De-registering from Nacos Server now...
21:14:12:968  INFO 30060 --- [SpringApplicationShutdownHook] c.a.c.n.registry.NacosServiceRegistry    : De-registration finished.
21:14:13:302  INFO 30060 --- [SpringApplicationShutdownHook] com.alibaba.nacos.common.remote.client   : Shutdown rpc client, set status to shutdown
21:14:13:302  INFO 30060 --- [SpringApplicationShutdownHook] com.alibaba.nacos.common.remote.client   : Shutdown client event executor java.util.concurrent.ScheduledThreadPoolExecutor@39073fe4[Running, pool size = 2, active threads = 2, queued tasks = 0, completed tasks = 0]
21:14:13:302  INFO 30060 --- [SpringApplicationShutdownHook] com.alibaba.nacos.common.remote.client   : Close current connection 1704546721666_192.168.88.1_50064
21:14:13:305  INFO 30060 --- [nacos-grpc-client-executor-42] c.a.n.c.remote.client.grpc.GrpcClient    : [1704546721666_192.168.88.1_50064]Ignore complete event,isRunning:false,isAbandon=false
21:14:13:309  INFO 30060 --- [SpringApplicationShutdownHook] c.a.n.c.remote.client.grpc.GrpcClient    : Shutdown grpc executor java.util.concurrent.ThreadPoolExecutor@14f63a0a[Running, pool size = 5, active threads = 0, queued tasks = 0, completed tasks = 43]
21:18:42:023  INFO 2564 --- [main] com.hmall.pay.PayApplication             : Starting PayApplication using Java 11.0.15.1 on DESKTOP-R9FFT3M with PID 2564 (D:\Desktop\Technology-Stack\Microservices\hmall\pay-service\target\classes started by 86183 in D:\Desktop\Technology-Stack\Microservices\hmall)
21:18:42:024 DEBUG 2564 --- [main] com.hmall.pay.PayApplication             : Running with Spring Boot v2.7.12, Spring v5.3.27
21:18:42:025  INFO 2564 --- [main] com.hmall.pay.PayApplication             : The following 1 profile is active: "local"
21:18:43:025  INFO 2564 --- [main] o.s.cloud.context.scope.GenericScope     : BeanFactory id=f0bcb0b0-eac2-3045-af24-30641a5383c6
21:18:43:563  INFO 2564 --- [main] o.s.b.w.embedded.tomcat.TomcatWebServer  : Tomcat initialized with port(s): 8086 (http)
21:18:43:574  INFO 2564 --- [main] o.apache.catalina.core.StandardService   : Starting service [Tomcat]
21:18:43:574  INFO 2564 --- [main] org.apache.catalina.core.StandardEngine  : Starting Servlet engine: [Apache Tomcat/9.0.75]
21:18:43:726  INFO 2564 --- [main] o.a.c.c.C.[Tomcat].[localhost].[/]       : Initializing Spring embedded WebApplicationContext
21:18:43:727  INFO 2564 --- [main] w.s.c.ServletWebServerApplicationContext : Root WebApplicationContext: initialization completed in 1672 ms
21:18:44:068  INFO 2564 --- [main] o.s.c.openfeign.FeignClientFactoryBean   : For 'user-service' URL not provided. Will try picking an instance via load-balancing.
21:18:44:140  INFO 2564 --- [main] o.s.c.openfeign.FeignClientFactoryBean   : For 'trade-service' URL not provided. Will try picking an instance via load-balancing.
21:18:45:577  INFO 2564 --- [main] c.a.c.sentinel.SentinelWebMvcConfigurer  : [Sentinel Starter] register SentinelWebInterceptor with urlPatterns: [/**].
21:18:46:395  INFO 2564 --- [main] pertySourcedRequestMappingHandlerMapping : Mapped URL path [/v2/api-docs] onto method [springfox.documentation.swagger2.web.Swagger2ControllerWebMvc#getDocumentation(String, HttpServletRequest)]
21:18:47:580  INFO 2564 --- [main] com.alibaba.nacos.common.remote.client   : [RpcClientFactory] create a new rpc client of fb3bf34b-6bd6-4f80-9553-a5538c54e30f
21:18:47:626  INFO 2564 --- [main] org.reflections.Reflections              : Reflections took 24 ms to scan 1 urls, producing 3 keys and 6 values 
21:18:47:652  INFO 2564 --- [main] org.reflections.Reflections              : Reflections took 10 ms to scan 1 urls, producing 4 keys and 9 values 
21:18:47:665  INFO 2564 --- [main] org.reflections.Reflections              : Reflections took 10 ms to scan 1 urls, producing 3 keys and 10 values 
21:18:47:668  WARN 2564 --- [main] org.reflections.Reflections              : given scan urls are empty. set urls in the configuration
21:18:47:676  INFO 2564 --- [main] org.reflections.Reflections              : Reflections took 7 ms to scan 1 urls, producing 1 keys and 5 values 
21:18:47:685  INFO 2564 --- [main] org.reflections.Reflections              : Reflections took 7 ms to scan 1 urls, producing 1 keys and 7 values 
21:18:47:706  INFO 2564 --- [main] org.reflections.Reflections              : Reflections took 18 ms to scan 1 urls, producing 2 keys and 8 values 
21:18:47:708  WARN 2564 --- [main] org.reflections.Reflections              : given scan urls are empty. set urls in the configuration
21:18:47:709  INFO 2564 --- [main] com.alibaba.nacos.common.remote.client   : [fb3bf34b-6bd6-4f80-9553-a5538c54e30f] RpcClient init label, labels = {module=naming, source=sdk}
21:18:47:710  INFO 2564 --- [main] com.alibaba.nacos.common.remote.client   : [fb3bf34b-6bd6-4f80-9553-a5538c54e30f] RpcClient init, ServerListFactory = com.alibaba.nacos.client.naming.core.ServerListManager
21:18:47:711  INFO 2564 --- [main] com.alibaba.nacos.common.remote.client   : [fb3bf34b-6bd6-4f80-9553-a5538c54e30f] Registry connection listener to current client:com.alibaba.nacos.client.naming.remote.gprc.redo.NamingGrpcRedoService
21:18:47:711  INFO 2564 --- [main] com.alibaba.nacos.common.remote.client   : [fb3bf34b-6bd6-4f80-9553-a5538c54e30f] Register server push request handler:com.alibaba.nacos.client.naming.remote.gprc.NamingPushRequestHandler
21:18:47:713  INFO 2564 --- [main] com.alibaba.nacos.common.remote.client   : [fb3bf34b-6bd6-4f80-9553-a5538c54e30f] Try to connect to server on start up, server: {serverIp = '192.168.88.132', server main port = 8848}
21:18:49:435  INFO 2564 --- [main] com.alibaba.nacos.common.remote.client   : [fb3bf34b-6bd6-4f80-9553-a5538c54e30f] Success to connect to server [192.168.88.132:8848] on start up, connectionId = 1704547129144_192.168.88.1_51607
21:18:49:436  INFO 2564 --- [com.alibaba.nacos.client.remote.worker] com.alibaba.nacos.common.remote.client   : [fb3bf34b-6bd6-4f80-9553-a5538c54e30f] Notify connected event to listeners.
21:18:49:436  INFO 2564 --- [main] com.alibaba.nacos.common.remote.client   : [fb3bf34b-6bd6-4f80-9553-a5538c54e30f] Register server push request handler:com.alibaba.nacos.common.remote.client.RpcClient$ConnectResetRequestHandler
21:18:49:437  INFO 2564 --- [main] com.alibaba.nacos.common.remote.client   : [fb3bf34b-6bd6-4f80-9553-a5538c54e30f] Register server push request handler:com.alibaba.nacos.common.remote.client.RpcClient$$Lambda$998/0x000000080074b840
21:18:49:472  INFO 2564 --- [main] o.s.b.w.embedded.tomcat.TomcatWebServer  : Tomcat started on port(s): 8086 (http) with context path ''
21:18:49:481  INFO 2564 --- [main] c.a.c.n.registry.NacosServiceRegistry    : nacos registry, DEFAULT_GROUP pay-service 172.18.112.1:8086 register finished
21:18:49:735  INFO 2564 --- [main] d.s.w.p.DocumentationPluginsBootstrapper : Documentation plugins bootstrapped
21:18:49:738  INFO 2564 --- [main] d.s.w.p.DocumentationPluginsBootstrapper : Found 1 custom documentation plugin(s)
21:18:49:759  INFO 2564 --- [main] s.d.s.w.s.ApiListingReferenceScanner     : Scanning for api listing references
21:18:49:820  INFO 2564 --- [main] com.hmall.pay.PayApplication             : Started PayApplication in 8.684 seconds (JVM running for 9.393)
21:18:50:021  INFO 2564 --- [nacos-grpc-client-executor-9] com.alibaba.nacos.common.remote.client   : [fb3bf34b-6bd6-4f80-9553-a5538c54e30f] Receive server push request, request = NotifySubscriberRequest, requestId = 53
21:18:50:023  INFO 2564 --- [nacos-grpc-client-executor-9] com.alibaba.nacos.common.remote.client   : [fb3bf34b-6bd6-4f80-9553-a5538c54e30f] Ack server push request, request = NotifySubscriberRequest, requestId = 53
22:05:45:008  WARN 2564 --- [Thread-7] c.a.n.common.http.HttpClientBeanHolder   : [HttpClientBeanHolder] Start destroying common HttpClient
22:05:45:007  WARN 2564 --- [Thread-4] c.a.nacos.common.notify.NotifyCenter     : [NotifyCenter] Start destroying Publisher
22:05:45:015  WARN 2564 --- [Thread-4] c.a.nacos.common.notify.NotifyCenter     : [NotifyCenter] Destruction of the end
22:05:45:019  WARN 2564 --- [Thread-7] c.a.n.common.http.HttpClientBeanHolder   : [HttpClientBeanHolder] Destruction of the end
22:05:45:292  INFO 2564 --- [SpringApplicationShutdownHook] c.a.c.n.registry.NacosServiceRegistry    : De-registering from Nacos Server now...
22:05:45:310  INFO 2564 --- [SpringApplicationShutdownHook] c.a.c.n.registry.NacosServiceRegistry    : De-registration finished.
22:05:45:633  INFO 2564 --- [SpringApplicationShutdownHook] com.alibaba.nacos.common.remote.client   : Shutdown rpc client, set status to shutdown
22:05:45:633  INFO 2564 --- [SpringApplicationShutdownHook] com.alibaba.nacos.common.remote.client   : Shutdown client event executor java.util.concurrent.ScheduledThreadPoolExecutor@38005581[Running, pool size = 2, active threads = 2, queued tasks = 0, completed tasks = 0]
22:05:45:633  INFO 2564 --- [SpringApplicationShutdownHook] com.alibaba.nacos.common.remote.client   : Close current connection 1704547129144_192.168.88.1_51607
22:05:45:637  INFO 2564 --- [nacos-grpc-client-executor-613] c.a.n.c.remote.client.grpc.GrpcClient    : [1704547129144_192.168.88.1_51607]Ignore complete event,isRunning:false,isAbandon=false
22:05:45:645  INFO 2564 --- [SpringApplicationShutdownHook] c.a.n.c.remote.client.grpc.GrpcClient    : Shutdown grpc executor java.util.concurrent.ThreadPoolExecutor@2a73765f[Running, pool size = 5, active threads = 0, queued tasks = 0, completed tasks = 614]
22:05:50:607  INFO 17440 --- [main] com.hmall.pay.PayApplication             : Starting PayApplication using Java 11.0.15.1 on DESKTOP-R9FFT3M with PID 17440 (D:\Desktop\Technology-Stack\Microservices\hmall\pay-service\target\classes started by 86183 in D:\Desktop\Technology-Stack\Microservices\hmall)
22:05:50:610 DEBUG 17440 --- [main] com.hmall.pay.PayApplication             : Running with Spring Boot v2.7.12, Spring v5.3.27
22:05:50:610  INFO 17440 --- [main] com.hmall.pay.PayApplication             : The following 1 profile is active: "local"
22:05:51:587  INFO 17440 --- [main] o.s.cloud.context.scope.GenericScope     : BeanFactory id=f0bcb0b0-eac2-3045-af24-30641a5383c6
22:05:51:984  INFO 17440 --- [main] o.s.b.w.embedded.tomcat.TomcatWebServer  : Tomcat initialized with port(s): 8086 (http)
22:05:51:999  INFO 17440 --- [main] o.apache.catalina.core.StandardService   : Starting service [Tomcat]
22:05:51:999  INFO 17440 --- [main] org.apache.catalina.core.StandardEngine  : Starting Servlet engine: [Apache Tomcat/9.0.75]
22:05:52:132  INFO 17440 --- [main] o.a.c.c.C.[Tomcat].[localhost].[/]       : Initializing Spring embedded WebApplicationContext
22:05:52:133  INFO 17440 --- [main] w.s.c.ServletWebServerApplicationContext : Root WebApplicationContext: initialization completed in 1477 ms
22:05:52:384  INFO 17440 --- [main] o.s.c.openfeign.FeignClientFactoryBean   : For 'user-service' URL not provided. Will try picking an instance via load-balancing.
22:05:52:420  INFO 17440 --- [main] o.s.c.openfeign.FeignClientFactoryBean   : For 'trade-service' URL not provided. Will try picking an instance via load-balancing.
22:05:53:384  INFO 17440 --- [main] c.a.c.sentinel.SentinelWebMvcConfigurer  : [Sentinel Starter] register SentinelWebInterceptor with urlPatterns: [/**].
22:05:53:894  INFO 17440 --- [main] pertySourcedRequestMappingHandlerMapping : Mapped URL path [/v2/api-docs] onto method [springfox.documentation.swagger2.web.Swagger2ControllerWebMvc#getDocumentation(String, HttpServletRequest)]
22:05:54:472  INFO 17440 --- [main] com.alibaba.nacos.common.remote.client   : [RpcClientFactory] create a new rpc client of 25eecf13-34d0-4b12-9037-eae60c23ce5e
22:05:54:505  INFO 17440 --- [main] org.reflections.Reflections              : Reflections took 18 ms to scan 1 urls, producing 3 keys and 6 values 
22:05:54:524  INFO 17440 --- [main] org.reflections.Reflections              : Reflections took 8 ms to scan 1 urls, producing 4 keys and 9 values 
22:05:54:540  INFO 17440 --- [main] org.reflections.Reflections              : Reflections took 11 ms to scan 1 urls, producing 3 keys and 10 values 
22:05:54:544  WARN 17440 --- [main] org.reflections.Reflections              : given scan urls are empty. set urls in the configuration
22:05:54:554  INFO 17440 --- [main] org.reflections.Reflections              : Reflections took 8 ms to scan 1 urls, producing 1 keys and 5 values 
22:05:54:567  INFO 17440 --- [main] org.reflections.Reflections              : Reflections took 10 ms to scan 1 urls, producing 1 keys and 7 values 
22:05:54:592  INFO 17440 --- [main] org.reflections.Reflections              : Reflections took 23 ms to scan 1 urls, producing 2 keys and 8 values 
22:05:54:594  WARN 17440 --- [main] org.reflections.Reflections              : given scan urls are empty. set urls in the configuration
22:05:54:595  INFO 17440 --- [main] com.alibaba.nacos.common.remote.client   : [25eecf13-34d0-4b12-9037-eae60c23ce5e] RpcClient init label, labels = {module=naming, source=sdk}
22:05:54:598  INFO 17440 --- [main] com.alibaba.nacos.common.remote.client   : [25eecf13-34d0-4b12-9037-eae60c23ce5e] RpcClient init, ServerListFactory = com.alibaba.nacos.client.naming.core.ServerListManager
22:05:54:598  INFO 17440 --- [main] com.alibaba.nacos.common.remote.client   : [25eecf13-34d0-4b12-9037-eae60c23ce5e] Registry connection listener to current client:com.alibaba.nacos.client.naming.remote.gprc.redo.NamingGrpcRedoService
22:05:54:598  INFO 17440 --- [main] com.alibaba.nacos.common.remote.client   : [25eecf13-34d0-4b12-9037-eae60c23ce5e] Register server push request handler:com.alibaba.nacos.client.naming.remote.gprc.NamingPushRequestHandler
22:05:54:600  INFO 17440 --- [main] com.alibaba.nacos.common.remote.client   : [25eecf13-34d0-4b12-9037-eae60c23ce5e] Try to connect to server on start up, server: {serverIp = '192.168.88.132', server main port = 8848}
22:05:55:822  INFO 17440 --- [main] com.alibaba.nacos.common.remote.client   : [25eecf13-34d0-4b12-9037-eae60c23ce5e] Success to connect to server [192.168.88.132:8848] on start up, connectionId = 1704549955488_192.168.88.1_56593
22:05:55:823  INFO 17440 --- [com.alibaba.nacos.client.remote.worker] com.alibaba.nacos.common.remote.client   : [25eecf13-34d0-4b12-9037-eae60c23ce5e] Notify connected event to listeners.
22:05:55:824  INFO 17440 --- [main] com.alibaba.nacos.common.remote.client   : [25eecf13-34d0-4b12-9037-eae60c23ce5e] Register server push request handler:com.alibaba.nacos.common.remote.client.RpcClient$ConnectResetRequestHandler
22:05:55:824  INFO 17440 --- [main] com.alibaba.nacos.common.remote.client   : [25eecf13-34d0-4b12-9037-eae60c23ce5e] Register server push request handler:com.alibaba.nacos.common.remote.client.RpcClient$$Lambda$998/0x000000080074b840
22:05:55:858  INFO 17440 --- [main] o.s.b.w.embedded.tomcat.TomcatWebServer  : Tomcat started on port(s): 8086 (http) with context path ''
22:05:55:868  INFO 17440 --- [main] c.a.c.n.registry.NacosServiceRegistry    : nacos registry, DEFAULT_GROUP pay-service 172.18.112.1:8086 register finished
22:05:56:118  INFO 17440 --- [main] d.s.w.p.DocumentationPluginsBootstrapper : Documentation plugins bootstrapped
22:05:56:122  INFO 17440 --- [main] d.s.w.p.DocumentationPluginsBootstrapper : Found 1 custom documentation plugin(s)
22:05:56:147  INFO 17440 --- [main] s.d.s.w.s.ApiListingReferenceScanner     : Scanning for api listing references
22:05:56:229  INFO 17440 --- [main] com.hmall.pay.PayApplication             : Started PayApplication in 6.547 seconds (JVM running for 7.368)
22:05:56:376  INFO 17440 --- [nacos-grpc-client-executor-9] com.alibaba.nacos.common.remote.client   : [25eecf13-34d0-4b12-9037-eae60c23ce5e] Receive server push request, request = NotifySubscriberRequest, requestId = 107
22:05:56:378  INFO 17440 --- [nacos-grpc-client-executor-9] com.alibaba.nacos.common.remote.client   : [25eecf13-34d0-4b12-9037-eae60c23ce5e] Ack server push request, request = NotifySubscriberRequest, requestId = 107
22:07:32:237  INFO 17440 --- [http-nio-8086-exec-6] o.a.c.c.C.[Tomcat].[localhost].[/]       : Initializing Spring DispatcherServlet 'dispatcherServlet'
22:07:32:238  INFO 17440 --- [http-nio-8086-exec-6] o.s.web.servlet.DispatcherServlet        : Initializing Servlet 'dispatcherServlet'
22:07:32:239  INFO 17440 --- [http-nio-8086-exec-6] o.s.web.servlet.DispatcherServlet        : Completed initialization in 1 ms
22:07:39:724  INFO 17440 --- [http-nio-8086-exec-7] com.zaxxer.hikari.HikariDataSource       : HikariPool-1 - Starting...
22:07:40:075  INFO 17440 --- [http-nio-8086-exec-7] com.zaxxer.hikari.HikariDataSource       : HikariPool-1 - Start completed.
22:07:40:081 DEBUG 17440 --- [http-nio-8086-exec-7] c.h.p.mapper.PayOrderMapper.selectList   : ==>  Preparing: SELECT id,biz_order_no,pay_order_no,biz_user_id,pay_channel_code,amount,pay_type,status,expand_json,result_code,result_msg,pay_success_time,pay_over_time,qr_code_url,create_time,update_time,creater,updater,is_delete FROM pay_order
22:07:40:095 DEBUG 17440 --- [http-nio-8086-exec-7] c.h.p.mapper.PayOrderMapper.selectList   : ==> Parameters: 
22:07:40:129 DEBUG 17440 --- [http-nio-8086-exec-7] c.h.p.mapper.PayOrderMapper.selectList   : <==      Total: 3
23:04:27:556  INFO 10012 --- [main] com.hmall.pay.PayApplication             : Starting PayApplication using Java 11.0.15.1 on DESKTOP-R9FFT3M with PID 10012 (D:\Desktop\Technology-Stack\Microservices\hmall\pay-service\target\classes started by 86183 in D:\Desktop\Technology-Stack\Microservices\hmall)
23:04:27:558 DEBUG 10012 --- [main] com.hmall.pay.PayApplication             : Running with Spring Boot v2.7.12, Spring v5.3.27
23:04:27:558  INFO 10012 --- [main] com.hmall.pay.PayApplication             : The following 1 profile is active: "local"
23:04:28:192  INFO 10012 --- [main] o.s.cloud.context.scope.GenericScope     : BeanFactory id=f0bcb0b0-eac2-3045-af24-30641a5383c6
23:04:28:476  INFO 10012 --- [main] o.s.b.w.embedded.tomcat.TomcatWebServer  : Tomcat initialized with port(s): 8086 (http)
23:04:28:482  INFO 10012 --- [main] o.apache.catalina.core.StandardService   : Starting service [Tomcat]
23:04:28:482  INFO 10012 --- [main] org.apache.catalina.core.StandardEngine  : Starting Servlet engine: [Apache Tomcat/9.0.75]
23:04:28:574  INFO 10012 --- [main] o.a.c.c.C.[Tomcat].[localhost].[/]       : Initializing Spring embedded WebApplicationContext
23:04:28:574  INFO 10012 --- [main] w.s.c.ServletWebServerApplicationContext : Root WebApplicationContext: initialization completed in 991 ms
23:04:28:730  INFO 10012 --- [main] o.s.c.openfeign.FeignClientFactoryBean   : For 'user-service' URL not provided. Will try picking an instance via load-balancing.
23:04:28:763  INFO 10012 --- [main] o.s.c.openfeign.FeignClientFactoryBean   : For 'trade-service' URL not provided. Will try picking an instance via load-balancing.
23:04:29:485  INFO 10012 --- [main] c.a.c.sentinel.SentinelWebMvcConfigurer  : [Sentinel Starter] register SentinelWebInterceptor with urlPatterns: [/**].
23:04:29:882  INFO 10012 --- [main] pertySourcedRequestMappingHandlerMapping : Mapped URL path [/v2/api-docs] onto method [springfox.documentation.swagger2.web.Swagger2ControllerWebMvc#getDocumentation(String, HttpServletRequest)]
23:04:30:301  INFO 10012 --- [main] com.alibaba.nacos.common.remote.client   : [RpcClientFactory] create a new rpc client of 1bb4991c-8416-4e50-9083-964d5b7a2f74
23:04:30:328  INFO 10012 --- [main] org.reflections.Reflections              : Reflections took 15 ms to scan 1 urls, producing 3 keys and 6 values 
23:04:30:345  INFO 10012 --- [main] org.reflections.Reflections              : Reflections took 7 ms to scan 1 urls, producing 4 keys and 9 values 
23:04:30:352  INFO 10012 --- [main] org.reflections.Reflections              : Reflections took 5 ms to scan 1 urls, producing 3 keys and 10 values 
23:04:30:353  WARN 10012 --- [main] org.reflections.Reflections              : given scan urls are empty. set urls in the configuration
23:04:30:359  INFO 10012 --- [main] org.reflections.Reflections              : Reflections took 6 ms to scan 1 urls, producing 1 keys and 5 values 
23:04:30:366  INFO 10012 --- [main] org.reflections.Reflections              : Reflections took 6 ms to scan 1 urls, producing 1 keys and 7 values 
23:04:30:373  INFO 10012 --- [main] org.reflections.Reflections              : Reflections took 6 ms to scan 1 urls, producing 2 keys and 8 values 
23:04:30:374  WARN 10012 --- [main] org.reflections.Reflections              : given scan urls are empty. set urls in the configuration
23:04:30:375  INFO 10012 --- [main] com.alibaba.nacos.common.remote.client   : [1bb4991c-8416-4e50-9083-964d5b7a2f74] RpcClient init label, labels = {module=naming, source=sdk}
23:04:30:377  INFO 10012 --- [main] com.alibaba.nacos.common.remote.client   : [1bb4991c-8416-4e50-9083-964d5b7a2f74] RpcClient init, ServerListFactory = com.alibaba.nacos.client.naming.core.ServerListManager
23:04:30:377  INFO 10012 --- [main] com.alibaba.nacos.common.remote.client   : [1bb4991c-8416-4e50-9083-964d5b7a2f74] Registry connection listener to current client:com.alibaba.nacos.client.naming.remote.gprc.redo.NamingGrpcRedoService
23:04:30:377  INFO 10012 --- [main] com.alibaba.nacos.common.remote.client   : [1bb4991c-8416-4e50-9083-964d5b7a2f74] Register server push request handler:com.alibaba.nacos.client.naming.remote.gprc.NamingPushRequestHandler
23:04:30:378  INFO 10012 --- [main] com.alibaba.nacos.common.remote.client   : [1bb4991c-8416-4e50-9083-964d5b7a2f74] Try to connect to server on start up, server: {serverIp = '192.168.88.132', server main port = 8848}
23:04:31:335  INFO 10012 --- [main] com.alibaba.nacos.common.remote.client   : [1bb4991c-8416-4e50-9083-964d5b7a2f74] Success to connect to server [192.168.88.132:8848] on start up, connectionId = 1704553470987_192.168.88.1_59569
23:04:31:336  INFO 10012 --- [main] com.alibaba.nacos.common.remote.client   : [1bb4991c-8416-4e50-9083-964d5b7a2f74] Register server push request handler:com.alibaba.nacos.common.remote.client.RpcClient$ConnectResetRequestHandler
23:04:31:335  INFO 10012 --- [com.alibaba.nacos.client.remote.worker] com.alibaba.nacos.common.remote.client   : [1bb4991c-8416-4e50-9083-964d5b7a2f74] Notify connected event to listeners.
23:04:31:337  INFO 10012 --- [main] com.alibaba.nacos.common.remote.client   : [1bb4991c-8416-4e50-9083-964d5b7a2f74] Register server push request handler:com.alibaba.nacos.common.remote.client.RpcClient$$Lambda$1001/0x0000000800838440
23:04:31:367  INFO 10012 --- [main] o.s.b.w.embedded.tomcat.TomcatWebServer  : Tomcat started on port(s): 8086 (http) with context path ''
23:04:31:375  INFO 10012 --- [main] c.a.c.n.registry.NacosServiceRegistry    : nacos registry, DEFAULT_GROUP pay-service 172.18.112.1:8086 register finished
23:04:31:563  INFO 10012 --- [main] d.s.w.p.DocumentationPluginsBootstrapper : Documentation plugins bootstrapped
23:04:31:567  INFO 10012 --- [main] d.s.w.p.DocumentationPluginsBootstrapper : Found 1 custom documentation plugin(s)
23:04:31:581  INFO 10012 --- [main] s.d.s.w.s.ApiListingReferenceScanner     : Scanning for api listing references
23:04:31:630  INFO 10012 --- [main] com.hmall.pay.PayApplication             : Started PayApplication in 4.659 seconds (JVM running for 5.242)
23:04:31:898  INFO 10012 --- [nacos-grpc-client-executor-9] com.alibaba.nacos.common.remote.client   : [1bb4991c-8416-4e50-9083-964d5b7a2f74] Receive server push request, request = NotifySubscriberRequest, requestId = 122
23:04:31:901  INFO 10012 --- [nacos-grpc-client-executor-9] com.alibaba.nacos.common.remote.client   : [1bb4991c-8416-4e50-9083-964d5b7a2f74] Ack server push request, request = NotifySubscriberRequest, requestId = 122
23:43:32:532  INFO 10012 --- [nacos-grpc-client-executor-206] com.alibaba.nacos.common.remote.client   : [1bb4991c-8416-4e50-9083-964d5b7a2f74] Receive server push request, request = ClientDetectionRequest, requestId = 133
23:43:32:540  INFO 10012 --- [nacos-grpc-client-executor-206] com.alibaba.nacos.common.remote.client   : [1bb4991c-8416-4e50-9083-964d5b7a2f74] Ack server push request, request = ClientDetectionRequest, requestId = 133
23:43:50:497  WARN 10012 --- [Thread-7] c.a.n.common.http.HttpClientBeanHolder   : [HttpClientBeanHolder] Start destroying common HttpClient
23:43:50:497  WARN 10012 --- [Thread-4] c.a.nacos.common.notify.NotifyCenter     : [NotifyCenter] Start destroying Publisher
23:43:50:498  WARN 10012 --- [Thread-4] c.a.nacos.common.notify.NotifyCenter     : [NotifyCenter] Destruction of the end
23:43:50:499  WARN 10012 --- [Thread-7] c.a.n.common.http.HttpClientBeanHolder   : [HttpClientBeanHolder] Destruction of the end
23:43:51:032  INFO 10012 --- [SpringApplicationShutdownHook] c.a.c.n.registry.NacosServiceRegistry    : De-registering from Nacos Server now...
23:43:51:085  INFO 10012 --- [SpringApplicationShutdownHook] c.a.c.n.registry.NacosServiceRegistry    : De-registration finished.
23:43:51:089  INFO 10012 --- [SpringApplicationShutdownHook] com.alibaba.nacos.common.remote.client   : Shutdown rpc client, set status to shutdown
23:43:51:089  INFO 10012 --- [SpringApplicationShutdownHook] com.alibaba.nacos.common.remote.client   : Shutdown client event executor java.util.concurrent.ScheduledThreadPoolExecutor@1e4390fa[Running, pool size = 2, active threads = 2, queued tasks = 0, completed tasks = 0]
23:43:51:089  INFO 10012 --- [SpringApplicationShutdownHook] com.alibaba.nacos.common.remote.client   : Close current connection 1704553470987_192.168.88.1_59569
23:43:51:091  INFO 10012 --- [nacos-grpc-client-executor-211] c.a.n.c.remote.client.grpc.GrpcClient    : [1704553470987_192.168.88.1_59569]Ignore complete event,isRunning:false,isAbandon=false
23:43:51:097  INFO 10012 --- [SpringApplicationShutdownHook] c.a.n.c.remote.client.grpc.GrpcClient    : Shutdown grpc executor java.util.concurrent.ThreadPoolExecutor@62b9c81d[Running, pool size = 5, active threads = 0, queued tasks = 0, completed tasks = 212]
