#
# There is insufficient memory for the Java Runtime Environment to continue.
# Native memory allocation (mmap) failed to map 63963136 bytes for Failed to commit area from 0x0000000716f00000 to 0x000000071ac00000 of length 63963136.
# Possible reasons:
#   The system is out of physical RAM or swap space
#   The process is running with CompressedOops enabled, and the Java Heap may be blocking the growth of the native heap
# Possible solutions:
#   Reduce memory load on the system
#   Increase physical memory or swap space
#   Check if swap backing store is full
#   Decrease Java heap size (-Xmx/-Xms)
#   Decrease number of Java threads
#   Decrease Java thread stack sizes (-Xss)
#   Set larger code cache with -XX:ReservedCodeCacheSize=
#   JVM is running with Zero Based Compressed Oops mode in which the Java heap is
#     placed in the first 32GB address space. The Java Heap base address is the
#     maximum limit for the native heap growth. Please use -XX:HeapBaseMinAddress
#     to set the Java Heap base and to place the Java Heap above 32GB virtual address.
# This output file may be truncated or incomplete.
#
#  Out of Memory Error (./open/src/hotspot/os/windows/os_windows.cpp:3287), pid=45400, tid=39756
#
# JRE version: Java(TM) SE Runtime Environment 18.9 (11.0.15.1+2) (build 11.0.15.1+2-LTS-10)
# Java VM: Java HotSpot(TM) 64-Bit Server VM 18.9 (11.0.15.1+2-LTS-10, mixed mode, tiered, compressed oops, g1 gc, windows-amd64)
# No core dump will be written. Minidumps are not enabled by default on client versions of Windows
#

---------------  S U M M A R Y ------------

Command Line: -XX:TieredStopAtLevel=1 -Xverify:none -Dspring.profiles.active=local -Dspring.output.ansi.enabled=always -Dcom.sun.management.jmxremote -Dspring.jmx.enabled=true -Dspring.liveBeansView.mbeanDomain -Dspring.application.admin.enabled=true -Dmanagement.endpoints.jmx.exposure.include=* -javaagent:F:\idea\IntelliJ IDEA 2023.2.2\lib\idea_rt.jar=57934:F:\idea\IntelliJ IDEA 2023.2.2\bin -Dfile.encoding=UTF-8 com.hmall.cart.CartApplication

Host: 11th Gen Intel(R) Core(TM) i7-11800H @ 2.30GHz, 16 cores, 15G,  Windows 11 , 64 bit Build 22621 (10.0.22621.2506)
Time: Mon Jan  8 14:50:07 2024 中国标准时间 elapsed time: 21.575773 seconds (0d 0h 0m 21s)

---------------  T H R E A D  ---------------

Current thread (0x000001a88bd55000):  VMThread "VM Thread" [stack: 0x00000023dda00000,0x00000023ddb00000] [id=39756]

Stack: [0x00000023dda00000,0x00000023ddb00000]
[error occurred during error reporting (printing stack bounds), id 0xc0000005, EXCEPTION_ACCESS_VIOLATION (0xc0000005) at pc=0x000001a8eeda10e7]

Native frames: (J=compiled Java code, j=interpreted, Vv=VM code, C=native code)
V  [jvm.dll+0x629d8a]
V  [jvm.dll+0x7638ff]
V  [jvm.dll+0x764fa9]
V  [jvm.dll+0x765595]
V  [jvm.dll+0x76554b]
V  [jvm.dll+0x629273]
V  [jvm.dll+0x629988]
C  [ntdll.dll+0xa441f]
C  [ntdll.dll+0x1e466]
C  [ntdll.dll+0xa340e]
C  0x000001a8eeda10e7

VM_Operation (0x00000023e4cfb1c0): G1CollectForAllocation, mode: safepoint, requested by thread 0x000001a8987a8000


---------------  P R O C E S S  ---------------

Threads class SMR info:
_java_thread_list=0x000001a88d7b92f0, length=89, elements={
0x000001a88bd57000, 0x000001a88bd60800, 0x000001a88bdca000, 0x000001a88bdcd000,
0x000001a88bdcf000, 0x000001a88bdd0800, 0x000001a88bdda000, 0x000001a88bf7d800,
0x000001a88c8a0000, 0x000001a88ca0f000, 0x000001a88d076000, 0x000001a88d0b1800,
0x000001a88d1d1800, 0x000001a88d1e0800, 0x000001a88d44c000, 0x000001a88d61e000,
0x000001a88d61e800, 0x000001a88d61d000, 0x000001a88d61f800, 0x000001a88d620000,
0x000001a88d621000, 0x000001a88d622000, 0x000001a88d61c000, 0x000001a88d622800,
0x000001a88f617800, 0x000001a88f622800, 0x000001a88f620000, 0x000001a88f624000,
0x000001a88f624800, 0x000001a88f61f000, 0x000001a88ff3a000, 0x000001a88ff39000,
0x000001a88ff38800, 0x000001a88ff3b800, 0x000001a88ff3a800, 0x000001a88ff3c800,
0x000001a88ff42000, 0x000001a88ff3e000, 0x000001a88ff44800, 0x000001a88ff3f000,
0x000001a88ff45800, 0x000001a88ff46000, 0x000001a88ff40800, 0x000001a8901e1800,
0x000001a8901e4800, 0x000001a8901e5800, 0x000001a8901e3000, 0x000001a8901df800,
0x000001a8901e4000, 0x000001a8901eb000, 0x000001a8901ec000, 0x000001a8901e7000,
0x000001a8901e6000, 0x000001a8901e8800, 0x000001a8901e8000, 0x000001a8901ed000,
0x000001a8901e9800, 0x000001a8985c0000, 0x000001a8985c8800, 0x000001a8985c5000,
0x000001a8985c9000, 0x000001a8985ca000, 0x000001a8985cb000, 0x000001a8985cb800,
0x000001a8985c6000, 0x000001a8985cc800, 0x000001a8985ce000, 0x000001a8987a6000,
0x000001a8987a8000, 0x000001a8987ac800, 0x000001a8987a8800, 0x000001a8987aa800,
0x000001a8987a9800, 0x000001a8987ac000, 0x000001a8987a7000, 0x000001a8987b1800,
0x000001a8987b1000, 0x000001a8987b2800, 0x000001a8987b0000, 0x000001a8987ae800,
0x000001a8987b3000, 0x000001a89884c000, 0x000001a898848000, 0x000001a89884e800,
0x000001a898849800, 0x000001a89884a800, 0x000001a898849000, 0x000001a89884e000,
0x000001a89884b800
}

Java Threads: ( => current thread )
  0x000001a88bd57000 JavaThread "Reference Handler" daemon [_thread_blocked, id=32420, stack(0x00000023ddb00000,0x00000023ddc00000)]
  0x000001a88bd60800 JavaThread "Finalizer" daemon [_thread_blocked, id=36620, stack(0x00000023ddc00000,0x00000023ddd00000)]
  0x000001a88bdca000 JavaThread "Signal Dispatcher" daemon [_thread_blocked, id=11784, stack(0x00000023ddd00000,0x00000023dde00000)]
  0x000001a88bdcd000 JavaThread "Attach Listener" daemon [_thread_blocked, id=25084, stack(0x00000023dde00000,0x00000023ddf00000)]
  0x000001a88bdcf000 JavaThread "Service Thread" daemon [_thread_blocked, id=16032, stack(0x00000023ddf00000,0x00000023de000000)]
  0x000001a88bdd0800 JavaThread "C1 CompilerThread0" daemon [_thread_blocked, id=50368, stack(0x00000023de000000,0x00000023de100000)]
  0x000001a88bdda000 JavaThread "Sweeper thread" daemon [_thread_blocked, id=27236, stack(0x00000023de100000,0x00000023de200000)]
  0x000001a88bf7d800 JavaThread "Common-Cleaner" daemon [_thread_blocked, id=52580, stack(0x00000023de200000,0x00000023de300000)]
  0x000001a88c8a0000 JavaThread "Monitor Ctrl-Break" daemon [_thread_in_native, id=36532, stack(0x00000023de300000,0x00000023de400000)]
  0x000001a88ca0f000 JavaThread "RMI TCP Accept-0" daemon [_thread_in_native, id=36964, stack(0x00000023de400000,0x00000023de500000)]
  0x000001a88d076000 JavaThread "RMI TCP Connection(1)-192.168.1.114" daemon [_thread_in_native, id=39696, stack(0x00000023deb00000,0x00000023dec00000)]
  0x000001a88d0b1800 JavaThread "RMI Scheduler(0)" daemon [_thread_blocked, id=48364, stack(0x00000023dec00000,0x00000023ded00000)]
  0x000001a88d1d1800 JavaThread "logback-1" daemon [_thread_blocked, id=53368, stack(0x00000023def00000,0x00000023df000000)]
  0x000001a88d1e0800 JavaThread "logback-2" daemon [_thread_blocked, id=37504, stack(0x00000023df000000,0x00000023df100000)]
  0x000001a88d44c000 JavaThread "logback-3" daemon [_thread_blocked, id=13332, stack(0x00000023df200000,0x00000023df300000)]
  0x000001a88d61e000 JavaThread "com.alibaba.nacos.client.identify.watcher.0" daemon [_thread_blocked, id=50624, stack(0x00000023df300000,0x00000023df400000)]
  0x000001a88d61e800 JavaThread "com.alibaba.nacos.client.Worker" daemon [_thread_blocked, id=38332, stack(0x00000023df400000,0x00000023df500000)]
  0x000001a88d61d000 JavaThread "logback-4" daemon [_thread_blocked, id=40584, stack(0x00000023df100000,0x00000023df200000)]
  0x000001a88d61f800 JavaThread "logback-5" daemon [_thread_blocked, id=2368, stack(0x00000023df500000,0x00000023df600000)]
  0x000001a88d620000 JavaThread "nacos.publisher-com.alibaba.nacos.common.notify.SlowEvent" daemon [_thread_blocked, id=40812, stack(0x00000023df600000,0x00000023df700000)]
  0x000001a88d621000 JavaThread "com.alibaba.nacos.client.remote.worker" daemon [_thread_blocked, id=41176, stack(0x00000023df700000,0x00000023df800000)]
  0x000001a88d622000 JavaThread "com.alibaba.nacos.client.remote.worker" daemon [_thread_blocked, id=43372, stack(0x00000023df800000,0x00000023df900000)]
  0x000001a88d61c000 JavaThread "grpc-nio-worker-ELG-1-1" daemon [_thread_in_native, id=28760, stack(0x00000023df900000,0x00000023dfa00000)]
  0x000001a88d622800 JavaThread "grpc-default-executor-0" daemon [_thread_blocked, id=4184, stack(0x00000023dfa00000,0x00000023dfb00000)]
  0x000001a88f617800 JavaThread "grpc-nio-worker-ELG-1-2" daemon [_thread_in_native, id=29120, stack(0x00000023dfb00000,0x00000023dfc00000)]
  0x000001a88f622800 JavaThread "fileListener_3_1" daemon [_thread_blocked, id=49208, stack(0x00000023e0a00000,0x00000023e0b00000)]
  0x000001a88f620000 JavaThread "timeoutChecker_1_1" daemon [_thread_blocked, id=18272, stack(0x00000023e0b00000,0x00000023e0c00000)]
  0x000001a88f624000 JavaThread "nacos.publisher-com.alibaba.nacos.client.naming.event.InstancesChangeEvent" daemon [_thread_blocked, id=19884, stack(0x00000023e0c00000,0x00000023e0d00000)]
  0x000001a88f624800 JavaThread "com.alibaba.nacos.naming.failover" daemon [_thread_blocked, id=47404, stack(0x00000023e0d00000,0x00000023e0e00000)]
  0x000001a88f61f000 JavaThread "com.alibaba.nacos.client.naming.security" daemon [_thread_blocked, id=39008, stack(0x00000023e0e00000,0x00000023e0f00000)]
  0x000001a88ff3a000 JavaThread "com.alibaba.nacos.naming.push.receiver" daemon [_thread_in_native, id=43804, stack(0x00000023e0f00000,0x00000023e1000000)]
  0x000001a88ff39000 JavaThread "com.alibaba.nacos.client.naming.grpc.redo.0" daemon [_thread_blocked, id=29836, stack(0x00000023e1000000,0x00000023e1100000)]
  0x000001a88ff38800 JavaThread "com.alibaba.nacos.client.remote.worker" daemon [_thread_blocked, id=24372, stack(0x00000023e1100000,0x00000023e1200000)]
  0x000001a88ff3b800 JavaThread "com.alibaba.nacos.client.remote.worker" daemon [_thread_blocked, id=39768, stack(0x00000023e1200000,0x00000023e1300000)]
  0x000001a88ff3a800 JavaThread "grpc-nio-worker-ELG-1-3" daemon [_thread_in_native, id=50180, stack(0x00000023e1300000,0x00000023e1400000)]
  0x000001a88ff3c800 JavaThread "grpc-nio-worker-ELG-1-4" daemon [_thread_in_native, id=25244, stack(0x00000023e1400000,0x00000023e1500000)]
  0x000001a88ff42000 JavaThread "com.alibaba.nacos.client.naming.updater.0" daemon [_thread_blocked, id=29556, stack(0x00000023e1900000,0x00000023e1a00000)]
  0x000001a88ff3e000 JavaThread "NettyClientSelector_TMROLE_1_1" daemon [_thread_in_native, id=38604, stack(0x00000023e1c00000,0x00000023e1d00000)]
  0x000001a88ff44800 JavaThread "AsyncWorker_1_1_2" daemon [_thread_blocked, id=47564, stack(0x00000023e1d00000,0x00000023e1e00000)]
  0x000001a88ff3f000 JavaThread "xaTwoPhaseTimeoutChecker_1_1" daemon [_thread_blocked, id=19556, stack(0x00000023e1e00000,0x00000023e1f00000)]
  0x000001a88ff45800 JavaThread "timeoutChecker_2_1" daemon [_thread_blocked, id=10636, stack(0x00000023e1f00000,0x00000023e2000000)]
  0x000001a88ff46000 JavaThread "rpcMergeMessageSend_RMROLE_1_1" daemon [_thread_blocked, id=21580, stack(0x00000023e2000000,0x00000023e2100000)]
  0x000001a88ff40800 JavaThread "AsyncWorker_1_2_2" daemon [_thread_blocked, id=30336, stack(0x00000023e2100000,0x00000023e2200000)]
  0x000001a8901e1800 JavaThread "Catalina-utility-1" [_thread_blocked, id=42392, stack(0x00000023e2500000,0x00000023e2600000)]
  0x000001a8901e4800 JavaThread "Catalina-utility-2" [_thread_blocked, id=27492, stack(0x00000023e2600000,0x00000023e2700000)]
  0x000001a8901e5800 JavaThread "container-0" [_thread_blocked, id=31256, stack(0x00000023e2700000,0x00000023e2800000)]
  0x000001a8901e3000 JavaThread "com.alibaba.nacos.client.naming.updater.1" daemon [_thread_blocked, id=41404, stack(0x00000023e2b00000,0x00000023e2c00000)]
  0x000001a8901df800 JavaThread "mysql-cj-abandoned-connection-cleanup" daemon [_thread_blocked, id=732, stack(0x00000023e2c00000,0x00000023e2d00000)]
  0x000001a8901e4000 JavaThread "HikariPool-1 housekeeper" daemon [_thread_blocked, id=32064, stack(0x00000023e2d00000,0x00000023e2e00000)]
  0x000001a8901eb000 JavaThread "NettyClientSelector_RMROLE_1_1" daemon [_thread_in_native, id=44900, stack(0x00000023e2e00000,0x00000023e2f00000)]
  0x000001a8901ec000 JavaThread "tableMetaChecker_1_1" daemon [_thread_blocked, id=30644, stack(0x00000023e2f00000,0x00000023e3000000)]
  0x000001a8901e7000 JavaThread "spring.cloud.inetutils" daemon [_thread_blocked, id=38384, stack(0x00000023e3100000,0x00000023e3200000)]
  0x000001a8901e6000 JavaThread "fenceLogCleanThread_1_1" daemon [_thread_blocked, id=43740, stack(0x00000023e3200000,0x00000023e3300000)]
  0x000001a8901e8800 JavaThread "com.alibaba.nacos.client.Worker" daemon [_thread_blocked, id=38180, stack(0x00000023e3300000,0x00000023e3400000)]
  0x000001a8901e8000 JavaThread "com.alibaba.nacos.client.remote.worker" daemon [_thread_blocked, id=49928, stack(0x00000023e3400000,0x00000023e3500000)]
  0x000001a8901ed000 JavaThread "com.alibaba.nacos.client.remote.worker" daemon [_thread_blocked, id=43824, stack(0x00000023e3500000,0x00000023e3600000)]
  0x000001a8901e9800 JavaThread "grpc-nio-worker-ELG-1-5" daemon [_thread_in_native, id=35740, stack(0x00000023e3600000,0x00000023e3700000)]
  0x000001a8985c0000 JavaThread "grpc-nio-worker-ELG-1-6" daemon [_thread_in_native, id=6424, stack(0x00000023e3700000,0x00000023e3800000)]
  0x000001a8985c8800 JavaThread "com.alibaba.nacos.naming.failover" daemon [_thread_blocked, id=37580, stack(0x00000023e3e00000,0x00000023e3f00000)]
  0x000001a8985c5000 JavaThread "com.alibaba.nacos.client.naming.security" daemon [_thread_blocked, id=42036, stack(0x00000023e3f00000,0x00000023e4000000)]
  0x000001a8985c9000 JavaThread "com.alibaba.nacos.naming.push.receiver" daemon [_thread_in_native, id=50528, stack(0x00000023e4000000,0x00000023e4100000)]
  0x000001a8985ca000 JavaThread "com.alibaba.nacos.client.naming.grpc.redo.0" daemon [_thread_blocked, id=4620, stack(0x00000023e4100000,0x00000023e4200000)]
  0x000001a8985cb000 JavaThread "com.alibaba.nacos.client.remote.worker" daemon [_thread_blocked, id=35532, stack(0x00000023e4200000,0x00000023e4300000)]
  0x000001a8985cb800 JavaThread "com.alibaba.nacos.client.remote.worker" daemon [_thread_blocked, id=50284, stack(0x00000023e4300000,0x00000023e4400000)]
  0x000001a8985c6000 JavaThread "grpc-nio-worker-ELG-1-7" daemon [_thread_in_native, id=41332, stack(0x00000023e4400000,0x00000023e4500000)]
  0x000001a8985cc800 JavaThread "grpc-nio-worker-ELG-1-8" daemon [_thread_in_native, id=39880, stack(0x00000023e4500000,0x00000023e4600000)]
  0x000001a8985ce000 JavaThread "com.alibaba.nacos.client.naming.updater.0" daemon [_thread_blocked, id=39668, stack(0x00000023e4900000,0x00000023e4a00000)]
  0x000001a8987a6000 JavaThread "Nacos-Watch-Task-Scheduler-1" [_thread_blocked, id=51448, stack(0x00000023e4b00000,0x00000023e4c00000)]
  0x000001a8987a8000 JavaThread "http-nio-8082-exec-1" daemon [_thread_blocked, id=37196, stack(0x00000023e4c00000,0x00000023e4d00000)]
  0x000001a8987ac800 JavaThread "http-nio-8082-exec-2" daemon [_thread_blocked, id=19336, stack(0x00000023e4d00000,0x00000023e4e00000)]
  0x000001a8987a8800 JavaThread "http-nio-8082-exec-3" daemon [_thread_blocked, id=47124, stack(0x00000023e4e00000,0x00000023e4f00000)]
  0x000001a8987aa800 JavaThread "http-nio-8082-exec-4" daemon [_thread_blocked, id=16624, stack(0x00000023e4f00000,0x00000023e5000000)]
  0x000001a8987a9800 JavaThread "http-nio-8082-exec-5" daemon [_thread_blocked, id=37168, stack(0x00000023e5000000,0x00000023e5100000)]
  0x000001a8987ac000 JavaThread "http-nio-8082-exec-6" daemon [_thread_blocked, id=19652, stack(0x00000023e5100000,0x00000023e5200000)]
  0x000001a8987a7000 JavaThread "http-nio-8082-exec-7" daemon [_thread_blocked, id=20812, stack(0x00000023e5200000,0x00000023e5300000)]
  0x000001a8987b1800 JavaThread "http-nio-8082-exec-8" daemon [_thread_blocked, id=53244, stack(0x00000023e5300000,0x00000023e5400000)]
  0x000001a8987b1000 JavaThread "http-nio-8082-exec-9" daemon [_thread_blocked, id=22080, stack(0x00000023e5400000,0x00000023e5500000)]
  0x000001a8987b2800 JavaThread "http-nio-8082-exec-10" daemon [_thread_blocked, id=23520, stack(0x00000023e5500000,0x00000023e5600000)]
  0x000001a8987b0000 JavaThread "http-nio-8082-Poller" daemon [_thread_in_native, id=41144, stack(0x00000023e5600000,0x00000023e5700000)]
  0x000001a8987ae800 JavaThread "http-nio-8082-Acceptor" daemon [_thread_in_native, id=52400, stack(0x00000023e5700000,0x00000023e5800000)]
  0x000001a8987b3000 JavaThread "DestroyJavaVM" [_thread_blocked, id=43940, stack(0x00000023dd400000,0x00000023dd500000)]
  0x000001a89884c000 JavaThread "RMI TCP Connection(2)-192.168.1.114" daemon [_thread_in_native, id=43164, stack(0x00000023e5c00000,0x00000023e5d00000)]
  0x000001a898848000 JavaThread "RMI TCP Connection(3)-192.168.1.114" daemon [_thread_in_native, id=38764, stack(0x00000023e5e00000,0x00000023e5f00000)]
  0x000001a89884e800 JavaThread "com.alibaba.nacos.client.naming.updater.1" daemon [_thread_blocked, id=32520, stack(0x00000023e6000000,0x00000023e6100000)]
  0x000001a898849800 JavaThread "nacos-grpc-client-executor-10" daemon [_thread_blocked, id=46952, stack(0x00000023dfd00000,0x00000023dfe00000)]
  0x000001a89884a800 JavaThread "nacos-grpc-client-executor-16" daemon [_thread_blocked, id=4084, stack(0x00000023dfe00000,0x00000023dff00000)]
  0x000001a898849000 JavaThread "nacos-grpc-client-executor-6" daemon [_thread_blocked, id=47188, stack(0x00000023dff00000,0x00000023e0000000)]
  0x000001a89884e000 JavaThread "nacos-grpc-client-executor-7" daemon [_thread_blocked, id=10064, stack(0x00000023e0000000,0x00000023e0100000)]
  0x000001a89884b800 JavaThread "nacos-grpc-client-executor-11" daemon [_thread_blocked, id=38012, stack(0x00000023e0100000,0x00000023e0200000)]

Other Threads:
=>0x000001a88bd55000 VMThread "VM Thread" [stack: 0x00000023dda00000,0x00000023ddb00000] [id=39756]
  0x000001a88ca0c000 WatcherThread [stack: 0x00000023de500000,0x00000023de600000] [id=17816]
  0x000001a8e5f5f000 GCTaskThread "GC Thread#0" [stack: 0x00000023dd500000,0x00000023dd600000] [id=49996]
  0x000001a88cd16800 GCTaskThread "GC Thread#1" [stack: 0x00000023de600000,0x00000023de700000] [id=41148]
  0x000001a88cd17000 GCTaskThread "GC Thread#2" [stack: 0x00000023de700000,0x00000023de800000] [id=46908]
  0x000001a88cd14000 GCTaskThread "GC Thread#3" [stack: 0x00000023de800000,0x00000023de900000] [id=50388]
  0x000001a88cd14800 GCTaskThread "GC Thread#4" [stack: 0x00000023de900000,0x00000023dea00000] [id=9304]
  0x000001a88cd15800 GCTaskThread "GC Thread#5" [stack: 0x00000023dea00000,0x00000023deb00000] [id=27292]
  0x000001a89009a800 GCTaskThread "GC Thread#6" [stack: 0x00000023e2200000,0x00000023e2300000] [id=5472]
  0x000001a890235000 GCTaskThread "GC Thread#7" [stack: 0x00000023e2800000,0x00000023e2900000] [id=40744]
  0x000001a898868800 GCTaskThread "GC Thread#8" [stack: 0x00000023e0200000,0x00000023e0300000] [id=11184]
  0x000001a898869000 GCTaskThread "GC Thread#9" [stack: 0x00000023e0300000,0x00000023e0400000] [id=37084]
  0x000001a8e5fbd800 ConcurrentGCThread "G1 Main Marker" [stack: 0x00000023dd600000,0x00000023dd700000] [id=33076]
  0x000001a8e5fbf000 ConcurrentGCThread "G1 Conc#0" [stack: 0x00000023dd700000,0x00000023dd800000] [id=9792]
  0x000001a88d12a000 ConcurrentGCThread "G1 Conc#1" [stack: 0x00000023ded00000,0x00000023dee00000] [id=28936]
  0x000001a88d12c000 ConcurrentGCThread "G1 Conc#2" [stack: 0x00000023dee00000,0x00000023def00000] [id=38452]
  0x000001a88b399800 ConcurrentGCThread "G1 Refine#0" [stack: 0x00000023dd800000,0x00000023dd900000] [id=36028]
  0x000001a88b39a800 ConcurrentGCThread "G1 Young RemSet Sampling" [stack: 0x00000023dd900000,0x00000023dda00000] [id=39800]

Threads with active compile tasks:

VM state:at safepoint (normal execution)

VM Mutex/Monitor currently owned by a thread:  ([mutex/lock_event])
[0x000001a8e5f44fe0] Threads_lock - owner thread: 0x000001a88bd55000
[0x000001a8e5f45730] Heap_lock - owner thread: 0x000001a8987a8000

Heap address: 0x0000000704000000, size: 4032 MB, Compressed Oops mode: Zero based, Oop shift amount: 3
Narrow klass base: 0x0000000800000000, Narrow klass shift: 0
Compressed class space size: 1073741824 Address: 0x0000000800000000

Heap:
 garbage-first heap   total 372736K, used 48850K [0x0000000704000000, 0x0000000800000000)
  region size 1024K, 19 young (19456K), 19 survivors (19456K)
 Metaspace       used 78858K, capacity 81057K, committed 81280K, reserved 1120256K
  class space    used 9970K, capacity 10839K, committed 10880K, reserved 1048576K
Heap Regions: E=young(eden), S=young(survivor), O=old, HS=humongous(starts), HC=humongous(continues), CS=collection set, F=free, A=archive, TAMS=top-at-mark-start (previous, next)
|   0|0x0000000704000000, 0x0000000704100000, 0x0000000704100000|100%|HS|  |TAMS 0x0000000704100000, 0x0000000704000000| Complete 
|   1|0x0000000704100000, 0x0000000704200000, 0x0000000704200000|100%| O|  |TAMS 0x0000000704200000, 0x0000000704100000| Untracked 
|   2|0x0000000704200000, 0x0000000704300000, 0x0000000704300000|100%| O|  |TAMS 0x0000000704300000, 0x0000000704200000| Untracked 
|   3|0x0000000704300000, 0x0000000704400000, 0x0000000704400000|100%| O|  |TAMS 0x0000000704400000, 0x0000000704300000| Untracked 
|   4|0x0000000704400000, 0x0000000704500000, 0x0000000704500000|100%| O|  |TAMS 0x0000000704500000, 0x0000000704400000| Untracked 
|   5|0x0000000704500000, 0x0000000704600000, 0x0000000704600000|100%| O|  |TAMS 0x0000000704600000, 0x0000000704500000| Untracked 
|   6|0x0000000704600000, 0x0000000704700000, 0x0000000704700000|100%| O|  |TAMS 0x0000000704700000, 0x0000000704600000| Untracked 
|   7|0x0000000704700000, 0x0000000704800000, 0x0000000704800000|100%| O|  |TAMS 0x0000000704800000, 0x0000000704700000| Untracked 
|   8|0x0000000704800000, 0x0000000704900000, 0x0000000704900000|100%| O|  |TAMS 0x0000000704900000, 0x0000000704800000| Untracked 
|   9|0x0000000704900000, 0x0000000704a00000, 0x0000000704a00000|100%| O|  |TAMS 0x0000000704a00000, 0x0000000704900000| Untracked 
|  10|0x0000000704a00000, 0x0000000704b00000, 0x0000000704b00000|100%| O|  |TAMS 0x0000000704b00000, 0x0000000704a00000| Untracked 
|  11|0x0000000704b00000, 0x0000000704c00000, 0x0000000704c00000|100%| O|  |TAMS 0x0000000704c00000, 0x0000000704b00000| Untracked 
|  12|0x0000000704c00000, 0x0000000704d00000, 0x0000000704d00000|100%| O|  |TAMS 0x0000000704c00000, 0x0000000704c00000| Untracked 
|  13|0x0000000704d00000, 0x0000000704e00000, 0x0000000704e00000|100%| O|  |TAMS 0x0000000704d00000, 0x0000000704d00000| Untracked 
|  14|0x0000000704e00000, 0x0000000704f00000, 0x0000000704f00000|100%| O|  |TAMS 0x0000000704e00000, 0x0000000704e00000| Untracked 
|  15|0x0000000704f00000, 0x0000000705000000, 0x0000000705000000|100%| O|  |TAMS 0x0000000704f00000, 0x0000000704f00000| Untracked 
|  16|0x0000000705000000, 0x0000000705100000, 0x0000000705100000|100%| O|  |TAMS 0x0000000705000000, 0x0000000705000000| Untracked 
|  17|0x0000000705100000, 0x0000000705200000, 0x0000000705200000|100%| O|  |TAMS 0x0000000705200000, 0x0000000705100000| Untracked 
|  18|0x0000000705200000, 0x0000000705300000, 0x0000000705300000|100%| O|  |TAMS 0x0000000705300000, 0x0000000705200000| Untracked 
|  19|0x0000000705300000, 0x0000000705400000, 0x0000000705400000|100%| O|  |TAMS 0x0000000705400000, 0x0000000705300000| Untracked 
|  20|0x0000000705400000, 0x0000000705500000, 0x0000000705500000|100%| O|  |TAMS 0x0000000705500000, 0x0000000705400000| Untracked 
|  21|0x0000000705500000, 0x0000000705600000, 0x0000000705600000|100%| O|  |TAMS 0x0000000705600000, 0x0000000705500000| Untracked 
|  22|0x0000000705600000, 0x0000000705700000, 0x0000000705700000|100%| O|  |TAMS 0x0000000705700000, 0x0000000705600000| Untracked 
|  23|0x0000000705700000, 0x0000000705800000, 0x0000000705800000|100%| O|  |TAMS 0x0000000705800000, 0x0000000705700000| Untracked 
|  24|0x0000000705800000, 0x0000000705900000, 0x0000000705900000|100%| O|  |TAMS 0x0000000705900000, 0x0000000705800000| Untracked 
|  25|0x0000000705900000, 0x0000000705a00000, 0x0000000705a00000|100%| O|  |TAMS 0x0000000705a00000, 0x0000000705900000| Untracked 
|  26|0x0000000705a00000, 0x0000000705b00000, 0x0000000705b00000|100%| O|  |TAMS 0x0000000705ac4800, 0x0000000705a00000| Untracked 
|  27|0x0000000705b00000, 0x0000000705c00000, 0x0000000705c00000|100%| O|  |TAMS 0x0000000705b00000, 0x0000000705b00000| Untracked 
|  28|0x0000000705c00000, 0x0000000705cd3a00, 0x0000000705d00000| 82%| O|  |TAMS 0x0000000705c00000, 0x0000000705c00000| Untracked 
|  29|0x0000000705d00000, 0x0000000705d00000, 0x0000000705e00000|  0%| F|  |TAMS 0x0000000705d00000, 0x0000000705d00000| Untracked 
|  30|0x0000000705e00000, 0x0000000705e00000, 0x0000000705f00000|  0%| F|  |TAMS 0x0000000705e00000, 0x0000000705e00000| Untracked 
|  31|0x0000000705f00000, 0x0000000705f00000, 0x0000000706000000|  0%| F|  |TAMS 0x0000000705f00000, 0x0000000705f00000| Untracked 
|  32|0x0000000706000000, 0x0000000706000000, 0x0000000706100000|  0%| F|  |TAMS 0x0000000706000000, 0x0000000706000000| Untracked 
|  33|0x0000000706100000, 0x0000000706100000, 0x0000000706200000|  0%| F|  |TAMS 0x0000000706100000, 0x0000000706100000| Untracked 
|  34|0x0000000706200000, 0x0000000706200000, 0x0000000706300000|  0%| F|  |TAMS 0x0000000706200000, 0x0000000706200000| Untracked 
|  35|0x0000000706300000, 0x0000000706300000, 0x0000000706400000|  0%| F|  |TAMS 0x0000000706300000, 0x0000000706300000| Untracked 
|  36|0x0000000706400000, 0x0000000706400000, 0x0000000706500000|  0%| F|  |TAMS 0x0000000706400000, 0x0000000706400000| Untracked 
|  37|0x0000000706500000, 0x0000000706500000, 0x0000000706600000|  0%| F|  |TAMS 0x0000000706500000, 0x0000000706500000| Untracked 
|  38|0x0000000706600000, 0x0000000706600000, 0x0000000706700000|  0%| F|  |TAMS 0x0000000706600000, 0x0000000706600000| Untracked 
|  39|0x0000000706700000, 0x0000000706700000, 0x0000000706800000|  0%| F|  |TAMS 0x0000000706700000, 0x0000000706700000| Untracked 
|  40|0x0000000706800000, 0x0000000706800000, 0x0000000706900000|  0%| F|  |TAMS 0x0000000706800000, 0x0000000706800000| Untracked 
|  41|0x0000000706900000, 0x0000000706900000, 0x0000000706a00000|  0%| F|  |TAMS 0x0000000706900000, 0x0000000706900000| Untracked 
|  42|0x0000000706a00000, 0x0000000706a00000, 0x0000000706b00000|  0%| F|  |TAMS 0x0000000706a00000, 0x0000000706a00000| Untracked 
|  43|0x0000000706b00000, 0x0000000706b00000, 0x0000000706c00000|  0%| F|  |TAMS 0x0000000706b00000, 0x0000000706b00000| Untracked 
|  44|0x0000000706c00000, 0x0000000706c00000, 0x0000000706d00000|  0%| F|  |TAMS 0x0000000706c00000, 0x0000000706c00000| Untracked 
|  45|0x0000000706d00000, 0x0000000706d00000, 0x0000000706e00000|  0%| F|  |TAMS 0x0000000706d00000, 0x0000000706d00000| Untracked 
|  46|0x0000000706e00000, 0x0000000706e00000, 0x0000000706f00000|  0%| F|  |TAMS 0x0000000706e00000, 0x0000000706e00000| Untracked 
|  47|0x0000000706f00000, 0x0000000706f00000, 0x0000000707000000|  0%| F|  |TAMS 0x0000000706f00000, 0x0000000706f00000| Untracked 
|  48|0x0000000707000000, 0x0000000707000000, 0x0000000707100000|  0%| F|  |TAMS 0x0000000707000000, 0x0000000707000000| Untracked 
|  49|0x0000000707100000, 0x0000000707100000, 0x0000000707200000|  0%| F|  |TAMS 0x0000000707100000, 0x0000000707100000| Untracked 
|  50|0x0000000707200000, 0x0000000707200000, 0x0000000707300000|  0%| F|  |TAMS 0x0000000707200000, 0x0000000707200000| Untracked 
|  51|0x0000000707300000, 0x0000000707300000, 0x0000000707400000|  0%| F|  |TAMS 0x0000000707300000, 0x0000000707300000| Untracked 
|  52|0x0000000707400000, 0x0000000707400000, 0x0000000707500000|  0%| F|  |TAMS 0x0000000707400000, 0x0000000707400000| Untracked 
|  53|0x0000000707500000, 0x0000000707500000, 0x0000000707600000|  0%| F|  |TAMS 0x0000000707500000, 0x0000000707500000| Untracked 
|  54|0x0000000707600000, 0x0000000707600000, 0x0000000707700000|  0%| F|  |TAMS 0x0000000707600000, 0x0000000707600000| Untracked 
|  55|0x0000000707700000, 0x0000000707700000, 0x0000000707800000|  0%| F|  |TAMS 0x0000000707700000, 0x0000000707700000| Untracked 
|  56|0x0000000707800000, 0x0000000707800000, 0x0000000707900000|  0%| F|  |TAMS 0x0000000707800000, 0x0000000707800000| Untracked 
|  57|0x0000000707900000, 0x0000000707900000, 0x0000000707a00000|  0%| F|  |TAMS 0x0000000707900000, 0x0000000707900000| Untracked 
|  58|0x0000000707a00000, 0x0000000707a00000, 0x0000000707b00000|  0%| F|  |TAMS 0x0000000707a00000, 0x0000000707a00000| Untracked 
|  59|0x0000000707b00000, 0x0000000707b00000, 0x0000000707c00000|  0%| F|  |TAMS 0x0000000707b00000, 0x0000000707b00000| Untracked 
|  60|0x0000000707c00000, 0x0000000707c00000, 0x0000000707d00000|  0%| F|  |TAMS 0x0000000707c00000, 0x0000000707c00000| Untracked 
|  61|0x0000000707d00000, 0x0000000707d00000, 0x0000000707e00000|  0%| F|  |TAMS 0x0000000707d00000, 0x0000000707d00000| Untracked 
|  62|0x0000000707e00000, 0x0000000707e00000, 0x0000000707f00000|  0%| F|  |TAMS 0x0000000707e00000, 0x0000000707e00000| Untracked 
|  63|0x0000000707f00000, 0x0000000707f00000, 0x0000000708000000|  0%| F|  |TAMS 0x0000000707f00000, 0x0000000707f00000| Untracked 
|  64|0x0000000708000000, 0x0000000708000000, 0x0000000708100000|  0%| F|  |TAMS 0x0000000708000000, 0x0000000708000000| Untracked 
|  65|0x0000000708100000, 0x0000000708100000, 0x0000000708200000|  0%| F|  |TAMS 0x0000000708100000, 0x0000000708100000| Untracked 
|  66|0x0000000708200000, 0x0000000708200000, 0x0000000708300000|  0%| F|  |TAMS 0x0000000708200000, 0x0000000708200000| Untracked 
|  67|0x0000000708300000, 0x0000000708300000, 0x0000000708400000|  0%| F|  |TAMS 0x0000000708300000, 0x0000000708300000| Untracked 
|  68|0x0000000708400000, 0x0000000708400000, 0x0000000708500000|  0%| F|  |TAMS 0x0000000708400000, 0x0000000708400000| Untracked 
|  69|0x0000000708500000, 0x0000000708500000, 0x0000000708600000|  0%| F|  |TAMS 0x0000000708500000, 0x0000000708500000| Untracked 
|  70|0x0000000708600000, 0x0000000708600000, 0x0000000708700000|  0%| F|  |TAMS 0x0000000708600000, 0x0000000708600000| Untracked 
|  71|0x0000000708700000, 0x0000000708700000, 0x0000000708800000|  0%| F|  |TAMS 0x0000000708700000, 0x0000000708700000| Untracked 
|  72|0x0000000708800000, 0x0000000708800000, 0x0000000708900000|  0%| F|  |TAMS 0x0000000708800000, 0x0000000708800000| Untracked 
|  73|0x0000000708900000, 0x0000000708900000, 0x0000000708a00000|  0%| F|  |TAMS 0x0000000708900000, 0x0000000708900000| Untracked 
|  74|0x0000000708a00000, 0x0000000708a00000, 0x0000000708b00000|  0%| F|  |TAMS 0x0000000708a00000, 0x0000000708a00000| Untracked 
|  75|0x0000000708b00000, 0x0000000708b00000, 0x0000000708c00000|  0%| F|  |TAMS 0x0000000708b00000, 0x0000000708b00000| Untracked 
|  76|0x0000000708c00000, 0x0000000708c00000, 0x0000000708d00000|  0%| F|  |TAMS 0x0000000708c00000, 0x0000000708c00000| Untracked 
|  77|0x0000000708d00000, 0x0000000708d00000, 0x0000000708e00000|  0%| F|  |TAMS 0x0000000708d00000, 0x0000000708d00000| Untracked 
|  78|0x0000000708e00000, 0x0000000708e00000, 0x0000000708f00000|  0%| F|  |TAMS 0x0000000708e00000, 0x0000000708e00000| Untracked 
|  79|0x0000000708f00000, 0x0000000708f00000, 0x0000000709000000|  0%| F|  |TAMS 0x0000000708f00000, 0x0000000708f00000| Untracked 
|  80|0x0000000709000000, 0x0000000709000000, 0x0000000709100000|  0%| F|  |TAMS 0x0000000709000000, 0x0000000709000000| Untracked 
|  81|0x0000000709100000, 0x0000000709100000, 0x0000000709200000|  0%| F|  |TAMS 0x0000000709100000, 0x0000000709100000| Untracked 
|  82|0x0000000709200000, 0x0000000709200000, 0x0000000709300000|  0%| F|  |TAMS 0x0000000709200000, 0x0000000709200000| Untracked 
|  83|0x0000000709300000, 0x0000000709300000, 0x0000000709400000|  0%| F|  |TAMS 0x0000000709300000, 0x0000000709300000| Untracked 
|  84|0x0000000709400000, 0x0000000709400000, 0x0000000709500000|  0%| F|  |TAMS 0x0000000709400000, 0x0000000709400000| Untracked 
|  85|0x0000000709500000, 0x0000000709500000, 0x0000000709600000|  0%| F|  |TAMS 0x0000000709500000, 0x0000000709500000| Untracked 
|  86|0x0000000709600000, 0x0000000709600000, 0x0000000709700000|  0%| F|  |TAMS 0x0000000709600000, 0x0000000709600000| Untracked 
|  87|0x0000000709700000, 0x0000000709700000, 0x0000000709800000|  0%| F|  |TAMS 0x0000000709700000, 0x0000000709700000| Untracked 
|  88|0x0000000709800000, 0x0000000709800000, 0x0000000709900000|  0%| F|  |TAMS 0x0000000709800000, 0x0000000709800000| Untracked 
|  89|0x0000000709900000, 0x0000000709900000, 0x0000000709a00000|  0%| F|  |TAMS 0x0000000709900000, 0x0000000709900000| Untracked 
|  90|0x0000000709a00000, 0x0000000709a00000, 0x0000000709b00000|  0%| F|  |TAMS 0x0000000709a00000, 0x0000000709a00000| Untracked 
|  91|0x0000000709b00000, 0x0000000709b00000, 0x0000000709c00000|  0%| F|  |TAMS 0x0000000709b00000, 0x0000000709b00000| Untracked 
|  92|0x0000000709c00000, 0x0000000709c00000, 0x0000000709d00000|  0%| F|  |TAMS 0x0000000709c00000, 0x0000000709c00000| Untracked 
|  93|0x0000000709d00000, 0x0000000709d00000, 0x0000000709e00000|  0%| F|  |TAMS 0x0000000709d00000, 0x0000000709d00000| Untracked 
|  94|0x0000000709e00000, 0x0000000709e00000, 0x0000000709f00000|  0%| F|  |TAMS 0x0000000709e00000, 0x0000000709e00000| Untracked 
|  95|0x0000000709f00000, 0x0000000709f00000, 0x000000070a000000|  0%| F|  |TAMS 0x0000000709f00000, 0x0000000709f00000| Untracked 
|  96|0x000000070a000000, 0x000000070a000000, 0x000000070a100000|  0%| F|  |TAMS 0x000000070a000000, 0x000000070a000000| Untracked 
|  97|0x000000070a100000, 0x000000070a100000, 0x000000070a200000|  0%| F|  |TAMS 0x000000070a100000, 0x000000070a100000| Untracked 
|  98|0x000000070a200000, 0x000000070a200000, 0x000000070a300000|  0%| F|  |TAMS 0x000000070a200000, 0x000000070a200000| Untracked 
|  99|0x000000070a300000, 0x000000070a300000, 0x000000070a400000|  0%| F|  |TAMS 0x000000070a300000, 0x000000070a300000| Untracked 
| 100|0x000000070a400000, 0x000000070a400000, 0x000000070a500000|  0%| F|  |TAMS 0x000000070a400000, 0x000000070a400000| Untracked 
| 101|0x000000070a500000, 0x000000070a500000, 0x000000070a600000|  0%| F|  |TAMS 0x000000070a500000, 0x000000070a500000| Untracked 
| 102|0x000000070a600000, 0x000000070a600000, 0x000000070a700000|  0%| F|  |TAMS 0x000000070a600000, 0x000000070a600000| Untracked 
| 103|0x000000070a700000, 0x000000070a7e0e80, 0x000000070a800000| 87%| S|CS|TAMS 0x000000070a700000, 0x000000070a700000| Complete 
| 104|0x000000070a800000, 0x000000070a900000, 0x000000070a900000|100%| S|CS|TAMS 0x000000070a800000, 0x000000070a800000| Complete 
| 105|0x000000070a900000, 0x000000070a900000, 0x000000070aa00000|  0%| F|  |TAMS 0x000000070a900000, 0x000000070a900000| Untracked 
| 106|0x000000070aa00000, 0x000000070aa00000, 0x000000070ab00000|  0%| F|  |TAMS 0x000000070aa00000, 0x000000070aa00000| Untracked 
| 107|0x000000070ab00000, 0x000000070ab00000, 0x000000070ac00000|  0%| F|  |TAMS 0x000000070ab00000, 0x000000070ab00000| Untracked 
| 108|0x000000070ac00000, 0x000000070ac00000, 0x000000070ad00000|  0%| F|  |TAMS 0x000000070ac00000, 0x000000070ac00000| Untracked 
| 109|0x000000070ad00000, 0x000000070ad00000, 0x000000070ae00000|  0%| F|  |TAMS 0x000000070ad00000, 0x000000070ad00000| Untracked 
| 110|0x000000070ae00000, 0x000000070ae00000, 0x000000070af00000|  0%| F|  |TAMS 0x000000070ae00000, 0x000000070ae00000| Untracked 
| 111|0x000000070af00000, 0x000000070af00000, 0x000000070b000000|  0%| F|  |TAMS 0x000000070af00000, 0x000000070af00000| Untracked 
| 112|0x000000070b000000, 0x000000070b000000, 0x000000070b100000|  0%| F|  |TAMS 0x000000070b000000, 0x000000070b000000| Untracked 
| 113|0x000000070b100000, 0x000000070b100000, 0x000000070b200000|  0%| F|  |TAMS 0x000000070b100000, 0x000000070b100000| Untracked 
| 114|0x000000070b200000, 0x000000070b200000, 0x000000070b300000|  0%| F|  |TAMS 0x000000070b200000, 0x000000070b200000| Untracked 
| 115|0x000000070b300000, 0x000000070b300000, 0x000000070b400000|  0%| F|  |TAMS 0x000000070b300000, 0x000000070b300000| Untracked 
| 116|0x000000070b400000, 0x000000070b400000, 0x000000070b500000|  0%| F|  |TAMS 0x000000070b400000, 0x000000070b400000| Untracked 
| 117|0x000000070b500000, 0x000000070b500000, 0x000000070b600000|  0%| F|  |TAMS 0x000000070b500000, 0x000000070b500000| Untracked 
| 118|0x000000070b600000, 0x000000070b600000, 0x000000070b700000|  0%| F|  |TAMS 0x000000070b600000, 0x000000070b600000| Untracked 
| 119|0x000000070b700000, 0x000000070b700000, 0x000000070b800000|  0%| F|  |TAMS 0x000000070b700000, 0x000000070b700000| Untracked 
| 120|0x000000070b800000, 0x000000070b800000, 0x000000070b900000|  0%| F|  |TAMS 0x000000070b800000, 0x000000070b800000| Untracked 
| 121|0x000000070b900000, 0x000000070b900000, 0x000000070ba00000|  0%| F|  |TAMS 0x000000070b900000, 0x000000070b900000| Untracked 
| 122|0x000000070ba00000, 0x000000070bb00000, 0x000000070bb00000|100%| S|CS|TAMS 0x000000070ba00000, 0x000000070ba00000| Complete 
| 123|0x000000070bb00000, 0x000000070bc00000, 0x000000070bc00000|100%| S|CS|TAMS 0x000000070bb00000, 0x000000070bb00000| Complete 
| 124|0x000000070bc00000, 0x000000070bd00000, 0x000000070bd00000|100%| S|CS|TAMS 0x000000070bc00000, 0x000000070bc00000| Complete 
| 125|0x000000070bd00000, 0x000000070be00000, 0x000000070be00000|100%| S|CS|TAMS 0x000000070bd00000, 0x000000070bd00000| Complete 
| 126|0x000000070be00000, 0x000000070bf00000, 0x000000070bf00000|100%| S|CS|TAMS 0x000000070be00000, 0x000000070be00000| Complete 
| 127|0x000000070bf00000, 0x000000070c000000, 0x000000070c000000|100%| S|CS|TAMS 0x000000070bf00000, 0x000000070bf00000| Complete 
| 128|0x000000070c000000, 0x000000070c100000, 0x000000070c100000|100%| S|CS|TAMS 0x000000070c000000, 0x000000070c000000| Complete 
| 129|0x000000070c100000, 0x000000070c200000, 0x000000070c200000|100%| S|CS|TAMS 0x000000070c100000, 0x000000070c100000| Complete 
| 130|0x000000070c200000, 0x000000070c300000, 0x000000070c300000|100%| S|CS|TAMS 0x000000070c200000, 0x000000070c200000| Complete 
| 131|0x000000070c300000, 0x000000070c400000, 0x000000070c400000|100%| S|CS|TAMS 0x000000070c300000, 0x000000070c300000| Complete 
| 132|0x000000070c400000, 0x000000070c500000, 0x000000070c500000|100%| S|CS|TAMS 0x000000070c400000, 0x000000070c400000| Complete 
| 133|0x000000070c500000, 0x000000070c600000, 0x000000070c600000|100%| S|CS|TAMS 0x000000070c500000, 0x000000070c500000| Complete 
| 134|0x000000070c600000, 0x000000070c700000, 0x000000070c700000|100%| S|CS|TAMS 0x000000070c600000, 0x000000070c600000| Complete 
| 135|0x000000070c700000, 0x000000070c800000, 0x000000070c800000|100%| S|CS|TAMS 0x000000070c700000, 0x000000070c700000| Complete 
| 136|0x000000070c800000, 0x000000070c900000, 0x000000070c900000|100%| S|CS|TAMS 0x000000070c800000, 0x000000070c800000| Complete 
| 137|0x000000070c900000, 0x000000070ca00000, 0x000000070ca00000|100%| S|CS|TAMS 0x000000070c900000, 0x000000070c900000| Complete 
| 138|0x000000070ca00000, 0x000000070cb00000, 0x000000070cb00000|100%| S|CS|TAMS 0x000000070ca00000, 0x000000070ca00000| Complete 
| 139|0x000000070cb00000, 0x000000070cb00000, 0x000000070cc00000|  0%| F|  |TAMS 0x000000070cb00000, 0x000000070cb00000| Untracked 
| 140|0x000000070cc00000, 0x000000070cc00000, 0x000000070cd00000|  0%| F|  |TAMS 0x000000070cc00000, 0x000000070cc00000| Untracked 
| 141|0x000000070cd00000, 0x000000070cd00000, 0x000000070ce00000|  0%| F|  |TAMS 0x000000070cd00000, 0x000000070cd00000| Untracked 
| 142|0x000000070ce00000, 0x000000070ce00000, 0x000000070cf00000|  0%| F|  |TAMS 0x000000070ce00000, 0x000000070ce00000| Untracked 
| 143|0x000000070cf00000, 0x000000070cf00000, 0x000000070d000000|  0%| F|  |TAMS 0x000000070cf00000, 0x000000070cf00000| Untracked 
| 144|0x000000070d000000, 0x000000070d000000, 0x000000070d100000|  0%| F|  |TAMS 0x000000070d000000, 0x000000070d000000| Untracked 
| 145|0x000000070d100000, 0x000000070d100000, 0x000000070d200000|  0%| F|  |TAMS 0x000000070d100000, 0x000000070d100000| Untracked 
| 146|0x000000070d200000, 0x000000070d200000, 0x000000070d300000|  0%| F|  |TAMS 0x000000070d200000, 0x000000070d200000| Untracked 
| 147|0x000000070d300000, 0x000000070d300000, 0x000000070d400000|  0%| F|  |TAMS 0x000000070d300000, 0x000000070d300000| Untracked 
| 148|0x000000070d400000, 0x000000070d400000, 0x000000070d500000|  0%| F|  |TAMS 0x000000070d400000, 0x000000070d400000| Untracked 
| 149|0x000000070d500000, 0x000000070d500000, 0x000000070d600000|  0%| F|  |TAMS 0x000000070d500000, 0x000000070d500000| Untracked 
| 150|0x000000070d600000, 0x000000070d600000, 0x000000070d700000|  0%| F|  |TAMS 0x000000070d600000, 0x000000070d600000| Untracked 
| 151|0x000000070d700000, 0x000000070d700000, 0x000000070d800000|  0%| F|  |TAMS 0x000000070d700000, 0x000000070d700000| Untracked 
| 152|0x000000070d800000, 0x000000070d800000, 0x000000070d900000|  0%| F|  |TAMS 0x000000070d800000, 0x000000070d800000| Untracked 
| 153|0x000000070d900000, 0x000000070d900000, 0x000000070da00000|  0%| F|  |TAMS 0x000000070d900000, 0x000000070d900000| Untracked 
| 154|0x000000070da00000, 0x000000070da00000, 0x000000070db00000|  0%| F|  |TAMS 0x000000070da00000, 0x000000070da00000| Untracked 
| 155|0x000000070db00000, 0x000000070db00000, 0x000000070dc00000|  0%| F|  |TAMS 0x000000070db00000, 0x000000070db00000| Untracked 
| 156|0x000000070dc00000, 0x000000070dc00000, 0x000000070dd00000|  0%| F|  |TAMS 0x000000070dc00000, 0x000000070dc00000| Untracked 
| 157|0x000000070dd00000, 0x000000070dd00000, 0x000000070de00000|  0%| F|  |TAMS 0x000000070dd00000, 0x000000070dd00000| Untracked 
| 158|0x000000070de00000, 0x000000070de00000, 0x000000070df00000|  0%| F|  |TAMS 0x000000070de00000, 0x000000070de00000| Untracked 
| 159|0x000000070df00000, 0x000000070df00000, 0x000000070e000000|  0%| F|  |TAMS 0x000000070df00000, 0x000000070df00000| Untracked 
| 160|0x000000070e000000, 0x000000070e000000, 0x000000070e100000|  0%| F|  |TAMS 0x000000070e000000, 0x000000070e000000| Untracked 
| 161|0x000000070e100000, 0x000000070e100000, 0x000000070e200000|  0%| F|  |TAMS 0x000000070e100000, 0x000000070e100000| Untracked 
| 162|0x000000070e200000, 0x000000070e200000, 0x000000070e300000|  0%| F|  |TAMS 0x000000070e200000, 0x000000070e200000| Untracked 
| 163|0x000000070e300000, 0x000000070e300000, 0x000000070e400000|  0%| F|  |TAMS 0x000000070e300000, 0x000000070e300000| Untracked 
| 164|0x000000070e400000, 0x000000070e400000, 0x000000070e500000|  0%| F|  |TAMS 0x000000070e400000, 0x000000070e400000| Untracked 
| 165|0x000000070e500000, 0x000000070e500000, 0x000000070e600000|  0%| F|  |TAMS 0x000000070e500000, 0x000000070e500000| Untracked 
| 166|0x000000070e600000, 0x000000070e600000, 0x000000070e700000|  0%| F|  |TAMS 0x000000070e600000, 0x000000070e600000| Untracked 
| 167|0x000000070e700000, 0x000000070e700000, 0x000000070e800000|  0%| F|  |TAMS 0x000000070e700000, 0x000000070e700000| Untracked 
| 168|0x000000070e800000, 0x000000070e800000, 0x000000070e900000|  0%| F|  |TAMS 0x000000070e800000, 0x000000070e800000| Untracked 
| 169|0x000000070e900000, 0x000000070e900000, 0x000000070ea00000|  0%| F|  |TAMS 0x000000070e900000, 0x000000070e900000| Untracked 
| 170|0x000000070ea00000, 0x000000070ea00000, 0x000000070eb00000|  0%| F|  |TAMS 0x000000070ea00000, 0x000000070ea00000| Untracked 
| 171|0x000000070eb00000, 0x000000070eb00000, 0x000000070ec00000|  0%| F|  |TAMS 0x000000070eb00000, 0x000000070eb00000| Untracked 
| 172|0x000000070ec00000, 0x000000070ec00000, 0x000000070ed00000|  0%| F|  |TAMS 0x000000070ec00000, 0x000000070ec00000| Untracked 
| 173|0x000000070ed00000, 0x000000070ed00000, 0x000000070ee00000|  0%| F|  |TAMS 0x000000070ed00000, 0x000000070ed00000| Untracked 
| 174|0x000000070ee00000, 0x000000070ee00000, 0x000000070ef00000|  0%| F|  |TAMS 0x000000070ee00000, 0x000000070ee00000| Untracked 
| 175|0x000000070ef00000, 0x000000070ef00000, 0x000000070f000000|  0%| F|  |TAMS 0x000000070ef00000, 0x000000070ef00000| Untracked 
| 176|0x000000070f000000, 0x000000070f000000, 0x000000070f100000|  0%| F|  |TAMS 0x000000070f000000, 0x000000070f000000| Untracked 
| 177|0x000000070f100000, 0x000000070f100000, 0x000000070f200000|  0%| F|  |TAMS 0x000000070f100000, 0x000000070f100000| Untracked 
| 178|0x000000070f200000, 0x000000070f200000, 0x000000070f300000|  0%| F|  |TAMS 0x000000070f200000, 0x000000070f200000| Untracked 
| 179|0x000000070f300000, 0x000000070f300000, 0x000000070f400000|  0%| F|  |TAMS 0x000000070f300000, 0x000000070f300000| Untracked 
| 180|0x000000070f400000, 0x000000070f400000, 0x000000070f500000|  0%| F|  |TAMS 0x000000070f400000, 0x000000070f400000| Untracked 
| 181|0x000000070f500000, 0x000000070f500000, 0x000000070f600000|  0%| F|  |TAMS 0x000000070f500000, 0x000000070f500000| Untracked 
| 182|0x000000070f600000, 0x000000070f600000, 0x000000070f700000|  0%| F|  |TAMS 0x000000070f600000, 0x000000070f600000| Untracked 
| 183|0x000000070f700000, 0x000000070f700000, 0x000000070f800000|  0%| F|  |TAMS 0x000000070f700000, 0x000000070f700000| Untracked 
| 184|0x000000070f800000, 0x000000070f800000, 0x000000070f900000|  0%| F|  |TAMS 0x000000070f800000, 0x000000070f800000| Untracked 
| 185|0x000000070f900000, 0x000000070f900000, 0x000000070fa00000|  0%| F|  |TAMS 0x000000070f900000, 0x000000070f900000| Untracked 
| 186|0x000000070fa00000, 0x000000070fa00000, 0x000000070fb00000|  0%| F|  |TAMS 0x000000070fa00000, 0x000000070fa00000| Untracked 
| 187|0x000000070fb00000, 0x000000070fb00000, 0x000000070fc00000|  0%| F|  |TAMS 0x000000070fb00000, 0x000000070fb00000| Untracked 
| 188|0x000000070fc00000, 0x000000070fc00000, 0x000000070fd00000|  0%| F|  |TAMS 0x000000070fc00000, 0x000000070fc00000| Untracked 
| 189|0x000000070fd00000, 0x000000070fd00000, 0x000000070fe00000|  0%| F|  |TAMS 0x000000070fd00000, 0x000000070fd00000| Untracked 
| 190|0x000000070fe00000, 0x000000070fe00000, 0x000000070ff00000|  0%| F|  |TAMS 0x000000070fe00000, 0x000000070fe00000| Untracked 
| 191|0x000000070ff00000, 0x000000070ff00000, 0x0000000710000000|  0%| F|  |TAMS 0x000000070ff00000, 0x000000070ff00000| Untracked 
| 192|0x0000000710000000, 0x0000000710000000, 0x0000000710100000|  0%| F|  |TAMS 0x0000000710000000, 0x0000000710000000| Untracked 
| 193|0x0000000710100000, 0x0000000710100000, 0x0000000710200000|  0%| F|  |TAMS 0x0000000710100000, 0x0000000710100000| Untracked 
| 194|0x0000000710200000, 0x0000000710200000, 0x0000000710300000|  0%| F|  |TAMS 0x0000000710200000, 0x0000000710200000| Untracked 
| 195|0x0000000710300000, 0x0000000710300000, 0x0000000710400000|  0%| F|  |TAMS 0x0000000710300000, 0x0000000710300000| Untracked 
| 196|0x0000000710400000, 0x0000000710400000, 0x0000000710500000|  0%| F|  |TAMS 0x0000000710400000, 0x0000000710400000| Untracked 
| 197|0x0000000710500000, 0x0000000710500000, 0x0000000710600000|  0%| F|  |TAMS 0x0000000710500000, 0x0000000710500000| Untracked 
| 198|0x0000000710600000, 0x0000000710600000, 0x0000000710700000|  0%| F|  |TAMS 0x0000000710600000, 0x0000000710600000| Untracked 
| 199|0x0000000710700000, 0x0000000710700000, 0x0000000710800000|  0%| F|  |TAMS 0x0000000710700000, 0x0000000710700000| Untracked 
| 200|0x0000000710800000, 0x0000000710800000, 0x0000000710900000|  0%| F|  |TAMS 0x0000000710800000, 0x0000000710800000| Untracked 
| 201|0x0000000710900000, 0x0000000710900000, 0x0000000710a00000|  0%| F|  |TAMS 0x0000000710900000, 0x0000000710900000| Untracked 
| 202|0x0000000710a00000, 0x0000000710a00000, 0x0000000710b00000|  0%| F|  |TAMS 0x0000000710a00000, 0x0000000710a00000| Untracked 
| 203|0x0000000710b00000, 0x0000000710b00000, 0x0000000710c00000|  0%| F|  |TAMS 0x0000000710b00000, 0x0000000710b00000| Untracked 
| 204|0x0000000710c00000, 0x0000000710c00000, 0x0000000710d00000|  0%| F|  |TAMS 0x0000000710c00000, 0x0000000710c00000| Untracked 
| 205|0x0000000710d00000, 0x0000000710d00000, 0x0000000710e00000|  0%| F|  |TAMS 0x0000000710d00000, 0x0000000710d00000| Untracked 
| 206|0x0000000710e00000, 0x0000000710e00000, 0x0000000710f00000|  0%| F|  |TAMS 0x0000000710e00000, 0x0000000710e00000| Untracked 
| 207|0x0000000710f00000, 0x0000000710f00000, 0x0000000711000000|  0%| F|  |TAMS 0x0000000710f00000, 0x0000000710f00000| Untracked 
| 208|0x0000000711000000, 0x0000000711000000, 0x0000000711100000|  0%| F|  |TAMS 0x0000000711000000, 0x0000000711000000| Untracked 
| 209|0x0000000711100000, 0x0000000711100000, 0x0000000711200000|  0%| F|  |TAMS 0x0000000711100000, 0x0000000711100000| Untracked 
| 210|0x0000000711200000, 0x0000000711200000, 0x0000000711300000|  0%| F|  |TAMS 0x0000000711200000, 0x0000000711200000| Untracked 
| 211|0x0000000711300000, 0x0000000711300000, 0x0000000711400000|  0%| F|  |TAMS 0x0000000711300000, 0x0000000711300000| Untracked 
| 212|0x0000000711400000, 0x0000000711400000, 0x0000000711500000|  0%| F|  |TAMS 0x0000000711400000, 0x0000000711400000| Untracked 
| 213|0x0000000711500000, 0x0000000711500000, 0x0000000711600000|  0%| F|  |TAMS 0x0000000711500000, 0x0000000711500000| Untracked 
| 214|0x0000000711600000, 0x0000000711600000, 0x0000000711700000|  0%| F|  |TAMS 0x0000000711600000, 0x0000000711600000| Untracked 
| 215|0x0000000711700000, 0x0000000711700000, 0x0000000711800000|  0%| F|  |TAMS 0x0000000711700000, 0x0000000711700000| Untracked 
| 216|0x0000000711800000, 0x0000000711800000, 0x0000000711900000|  0%| F|  |TAMS 0x0000000711800000, 0x0000000711800000| Untracked 
| 217|0x0000000711900000, 0x0000000711900000, 0x0000000711a00000|  0%| F|  |TAMS 0x0000000711900000, 0x0000000711900000| Untracked 
| 218|0x0000000711a00000, 0x0000000711a00000, 0x0000000711b00000|  0%| F|  |TAMS 0x0000000711a00000, 0x0000000711a00000| Untracked 
| 219|0x0000000711b00000, 0x0000000711b00000, 0x0000000711c00000|  0%| F|  |TAMS 0x0000000711b00000, 0x0000000711b00000| Untracked 
| 220|0x0000000711c00000, 0x0000000711c00000, 0x0000000711d00000|  0%| F|  |TAMS 0x0000000711c00000, 0x0000000711c00000| Untracked 
| 221|0x0000000711d00000, 0x0000000711d00000, 0x0000000711e00000|  0%| F|  |TAMS 0x0000000711d00000, 0x0000000711d00000| Untracked 
| 222|0x0000000711e00000, 0x0000000711e00000, 0x0000000711f00000|  0%| F|  |TAMS 0x0000000711e00000, 0x0000000711e00000| Untracked 
| 223|0x0000000711f00000, 0x0000000711f00000, 0x0000000712000000|  0%| F|  |TAMS 0x0000000711f00000, 0x0000000711f00000| Untracked 
| 224|0x0000000712000000, 0x0000000712000000, 0x0000000712100000|  0%| F|  |TAMS 0x0000000712000000, 0x0000000712000000| Untracked 
| 225|0x0000000712100000, 0x0000000712100000, 0x0000000712200000|  0%| F|  |TAMS 0x0000000712100000, 0x0000000712100000| Untracked 
| 226|0x0000000712200000, 0x0000000712200000, 0x0000000712300000|  0%| F|  |TAMS 0x0000000712200000, 0x0000000712200000| Untracked 
| 227|0x0000000712300000, 0x0000000712300000, 0x0000000712400000|  0%| F|  |TAMS 0x0000000712300000, 0x0000000712300000| Untracked 
| 228|0x0000000712400000, 0x0000000712400000, 0x0000000712500000|  0%| F|  |TAMS 0x0000000712400000, 0x0000000712400000| Untracked 
| 229|0x0000000712500000, 0x0000000712500000, 0x0000000712600000|  0%| F|  |TAMS 0x0000000712500000, 0x0000000712500000| Untracked 
| 230|0x0000000712600000, 0x0000000712600000, 0x0000000712700000|  0%| F|  |TAMS 0x0000000712600000, 0x0000000712600000| Untracked 
| 231|0x0000000712700000, 0x0000000712700000, 0x0000000712800000|  0%| F|  |TAMS 0x0000000712700000, 0x0000000712700000| Untracked 
| 232|0x0000000712800000, 0x0000000712800000, 0x0000000712900000|  0%| F|  |TAMS 0x0000000712800000, 0x0000000712800000| Untracked 
| 233|0x0000000712900000, 0x0000000712900000, 0x0000000712a00000|  0%| F|  |TAMS 0x0000000712900000, 0x0000000712900000| Untracked 
| 234|0x0000000712a00000, 0x0000000712a00000, 0x0000000712b00000|  0%| F|  |TAMS 0x0000000712a00000, 0x0000000712a00000| Untracked 
| 235|0x0000000712b00000, 0x0000000712b00000, 0x0000000712c00000|  0%| F|  |TAMS 0x0000000712b00000, 0x0000000712b00000| Untracked 
| 236|0x0000000712c00000, 0x0000000712c00000, 0x0000000712d00000|  0%| F|  |TAMS 0x0000000712c00000, 0x0000000712c00000| Untracked 
| 237|0x0000000712d00000, 0x0000000712d00000, 0x0000000712e00000|  0%| F|  |TAMS 0x0000000712d00000, 0x0000000712d00000| Untracked 
| 238|0x0000000712e00000, 0x0000000712e00000, 0x0000000712f00000|  0%| F|  |TAMS 0x0000000712e00000, 0x0000000712e00000| Untracked 
| 239|0x0000000712f00000, 0x0000000712f00000, 0x0000000713000000|  0%| F|  |TAMS 0x0000000712f00000, 0x0000000712f00000| Untracked 
| 240|0x0000000713000000, 0x0000000713000000, 0x0000000713100000|  0%| F|  |TAMS 0x0000000713000000, 0x0000000713000000| Untracked 
| 241|0x0000000713100000, 0x0000000713100000, 0x0000000713200000|  0%| F|  |TAMS 0x0000000713100000, 0x0000000713100000| Untracked 
| 242|0x0000000713200000, 0x0000000713200000, 0x0000000713300000|  0%| F|  |TAMS 0x0000000713200000, 0x0000000713200000| Untracked 
| 243|0x0000000713300000, 0x0000000713300000, 0x0000000713400000|  0%| F|  |TAMS 0x0000000713300000, 0x0000000713300000| Untracked 
| 244|0x0000000713400000, 0x0000000713400000, 0x0000000713500000|  0%| F|  |TAMS 0x0000000713400000, 0x0000000713400000| Untracked 
| 245|0x0000000713500000, 0x0000000713500000, 0x0000000713600000|  0%| F|  |TAMS 0x0000000713500000, 0x0000000713500000| Untracked 
| 246|0x0000000713600000, 0x0000000713600000, 0x0000000713700000|  0%| F|  |TAMS 0x0000000713600000, 0x0000000713600000| Untracked 
| 247|0x0000000713700000, 0x0000000713700000, 0x0000000713800000|  0%| F|  |TAMS 0x0000000713700000, 0x0000000713700000| Untracked 
| 248|0x0000000713800000, 0x0000000713800000, 0x0000000713900000|  0%| F|  |TAMS 0x0000000713800000, 0x0000000713800000| Untracked 
| 249|0x0000000713900000, 0x0000000713900000, 0x0000000713a00000|  0%| F|  |TAMS 0x0000000713900000, 0x0000000713900000| Untracked 
| 250|0x0000000713a00000, 0x0000000713a00000, 0x0000000713b00000|  0%| F|  |TAMS 0x0000000713a00000, 0x0000000713a00000| Untracked 
| 251|0x0000000713b00000, 0x0000000713b00000, 0x0000000713c00000|  0%| F|  |TAMS 0x0000000713b00000, 0x0000000713b00000| Untracked 
| 252|0x0000000713c00000, 0x0000000713c00000, 0x0000000713d00000|  0%| F|  |TAMS 0x0000000713c00000, 0x0000000713c00000| Untracked 
| 253|0x0000000713d00000, 0x0000000713d00000, 0x0000000713e00000|  0%| F|  |TAMS 0x0000000713d00000, 0x0000000713d00000| Untracked 
| 254|0x0000000713e00000, 0x0000000713e00000, 0x0000000713f00000|  0%| F|  |TAMS 0x0000000713e00000, 0x0000000713e00000| Untracked 
| 255|0x0000000713f00000, 0x0000000713f00000, 0x0000000714000000|  0%| F|  |TAMS 0x0000000713f00000, 0x0000000713f00000| Untracked 
| 256|0x0000000714000000, 0x0000000714000000, 0x0000000714100000|  0%| F|  |TAMS 0x0000000714000000, 0x0000000714000000| Untracked 
| 257|0x0000000714100000, 0x0000000714100000, 0x0000000714200000|  0%| F|  |TAMS 0x0000000714100000, 0x0000000714100000| Untracked 
| 258|0x0000000714200000, 0x0000000714200000, 0x0000000714300000|  0%| F|  |TAMS 0x0000000714200000, 0x0000000714200000| Untracked 
| 259|0x0000000714300000, 0x0000000714300000, 0x0000000714400000|  0%| F|  |TAMS 0x0000000714300000, 0x0000000714300000| Untracked 
| 260|0x0000000714400000, 0x0000000714400000, 0x0000000714500000|  0%| F|  |TAMS 0x0000000714400000, 0x0000000714400000| Untracked 
| 261|0x0000000714500000, 0x0000000714500000, 0x0000000714600000|  0%| F|  |TAMS 0x0000000714500000, 0x0000000714500000| Untracked 
| 262|0x0000000714600000, 0x0000000714600000, 0x0000000714700000|  0%| F|  |TAMS 0x0000000714600000, 0x0000000714600000| Untracked 
| 263|0x0000000714700000, 0x0000000714700000, 0x0000000714800000|  0%| F|  |TAMS 0x0000000714700000, 0x0000000714700000| Untracked 
| 264|0x0000000714800000, 0x0000000714800000, 0x0000000714900000|  0%| F|  |TAMS 0x0000000714800000, 0x0000000714800000| Untracked 
| 265|0x0000000714900000, 0x0000000714900000, 0x0000000714a00000|  0%| F|  |TAMS 0x0000000714900000, 0x0000000714900000| Untracked 
| 266|0x0000000714a00000, 0x0000000714a00000, 0x0000000714b00000|  0%| F|  |TAMS 0x0000000714a00000, 0x0000000714a00000| Untracked 
| 267|0x0000000714b00000, 0x0000000714b00000, 0x0000000714c00000|  0%| F|  |TAMS 0x0000000714b00000, 0x0000000714b00000| Untracked 
| 268|0x0000000714c00000, 0x0000000714c00000, 0x0000000714d00000|  0%| F|  |TAMS 0x0000000714c00000, 0x0000000714c00000| Untracked 
| 269|0x0000000714d00000, 0x0000000714d00000, 0x0000000714e00000|  0%| F|  |TAMS 0x0000000714d00000, 0x0000000714d00000| Untracked 
| 270|0x0000000714e00000, 0x0000000714e00000, 0x0000000714f00000|  0%| F|  |TAMS 0x0000000714e00000, 0x0000000714e00000| Untracked 
| 271|0x0000000714f00000, 0x0000000714f00000, 0x0000000715000000|  0%| F|  |TAMS 0x0000000714f00000, 0x0000000714f00000| Untracked 
| 272|0x0000000715000000, 0x0000000715000000, 0x0000000715100000|  0%| F|  |TAMS 0x0000000715000000, 0x0000000715000000| Untracked 
| 273|0x0000000715100000, 0x0000000715100000, 0x0000000715200000|  0%| F|  |TAMS 0x0000000715100000, 0x0000000715100000| Untracked 
| 274|0x0000000715200000, 0x0000000715200000, 0x0000000715300000|  0%| F|  |TAMS 0x0000000715200000, 0x0000000715200000| Untracked 
| 275|0x0000000715300000, 0x0000000715300000, 0x0000000715400000|  0%| F|  |TAMS 0x0000000715300000, 0x0000000715300000| Untracked 
| 276|0x0000000715400000, 0x0000000715400000, 0x0000000715500000|  0%| F|  |TAMS 0x0000000715400000, 0x0000000715400000| Untracked 
| 277|0x0000000715500000, 0x0000000715500000, 0x0000000715600000|  0%| F|  |TAMS 0x0000000715500000, 0x0000000715500000| Untracked 
| 278|0x0000000715600000, 0x0000000715600000, 0x0000000715700000|  0%| F|  |TAMS 0x0000000715600000, 0x0000000715600000| Untracked 
| 279|0x0000000715700000, 0x0000000715700000, 0x0000000715800000|  0%| F|  |TAMS 0x0000000715700000, 0x0000000715700000| Untracked 
| 280|0x0000000715800000, 0x0000000715800000, 0x0000000715900000|  0%| F|  |TAMS 0x0000000715800000, 0x0000000715800000| Untracked 
| 281|0x0000000715900000, 0x0000000715900000, 0x0000000715a00000|  0%| F|  |TAMS 0x0000000715900000, 0x0000000715900000| Untracked 
| 282|0x0000000715a00000, 0x0000000715a00000, 0x0000000715b00000|  0%| F|  |TAMS 0x0000000715a00000, 0x0000000715a00000| Untracked 
| 283|0x0000000715b00000, 0x0000000715b00000, 0x0000000715c00000|  0%| F|  |TAMS 0x0000000715b00000, 0x0000000715b00000| Untracked 
| 284|0x0000000715c00000, 0x0000000715c00000, 0x0000000715d00000|  0%| F|  |TAMS 0x0000000715c00000, 0x0000000715c00000| Untracked 
| 285|0x0000000715d00000, 0x0000000715d00000, 0x0000000715e00000|  0%| F|  |TAMS 0x0000000715d00000, 0x0000000715d00000| Untracked 
| 286|0x0000000715e00000, 0x0000000715e00000, 0x0000000715f00000|  0%| F|  |TAMS 0x0000000715e00000, 0x0000000715e00000| Untracked 
| 287|0x0000000715f00000, 0x0000000715f00000, 0x0000000716000000|  0%| F|  |TAMS 0x0000000715f00000, 0x0000000715f00000| Untracked 
| 288|0x0000000716000000, 0x0000000716000000, 0x0000000716100000|  0%| F|  |TAMS 0x0000000716000000, 0x0000000716000000| Untracked 
| 289|0x0000000716100000, 0x0000000716100000, 0x0000000716200000|  0%| F|  |TAMS 0x0000000716100000, 0x0000000716100000| Untracked 
| 290|0x0000000716200000, 0x0000000716200000, 0x0000000716300000|  0%| F|  |TAMS 0x0000000716200000, 0x0000000716200000| Untracked 
| 291|0x0000000716300000, 0x0000000716300000, 0x0000000716400000|  0%| F|  |TAMS 0x0000000716300000, 0x0000000716300000| Untracked 
| 292|0x0000000716400000, 0x0000000716400000, 0x0000000716500000|  0%| F|  |TAMS 0x0000000716400000, 0x0000000716400000| Untracked 
| 293|0x0000000716500000, 0x0000000716500000, 0x0000000716600000|  0%| F|  |TAMS 0x0000000716500000, 0x0000000716500000| Untracked 
| 294|0x0000000716600000, 0x0000000716600000, 0x0000000716700000|  0%| F|  |TAMS 0x0000000716600000, 0x0000000716600000| Untracked 
| 295|0x0000000716700000, 0x0000000716700000, 0x0000000716800000|  0%| F|  |TAMS 0x0000000716700000, 0x0000000716700000| Untracked 
| 296|0x0000000716800000, 0x0000000716800000, 0x0000000716900000|  0%| F|  |TAMS 0x0000000716800000, 0x0000000716800000| Untracked 
| 297|0x0000000716900000, 0x0000000716900000, 0x0000000716a00000|  0%| F|  |TAMS 0x0000000716900000, 0x0000000716900000| Untracked 
| 298|0x0000000716a00000, 0x0000000716a00000, 0x0000000716b00000|  0%| F|  |TAMS 0x0000000716a00000, 0x0000000716a00000| Untracked 
| 299|0x0000000716b00000, 0x0000000716b00000, 0x0000000716c00000|  0%| F|  |TAMS 0x0000000716b00000, 0x0000000716b00000| Untracked 
| 300|0x0000000716c00000, 0x0000000716c00000, 0x0000000716d00000|  0%| F|  |TAMS 0x0000000716c00000, 0x0000000716c00000| Untracked 
| 301|0x0000000716d00000, 0x0000000716d00000, 0x0000000716e00000|  0%| F|  |TAMS 0x0000000716d00000, 0x0000000716d00000| Untracked 
| 302|0x0000000716e00000, 0x0000000716e00000, 0x0000000716f00000|  0%| F|  |TAMS 0x0000000716e00000, 0x0000000716e00000| Untracked 

Card table byte_map: [0x000001a8ff540000,0x000001a8ffd20000] _byte_map_base: 0x000001a8fbd20000

Marking Bits (Prev, Next): (CMBitMap*) 0x000001a8e5fad210, (CMBitMap*) 0x000001a8e5fad1d8
 Prev Bits: [0x000001a8846e0000, 0x000001a8885e0000)
 Next Bits: [0x000001a8807e0000, 0x000001a8846e0000)

Polling page: 0x000001a8eed80000

Metaspace:

Usage:
  Non-class:     68.57 MB capacity,    67.27 MB ( 98%) used,     1.05 MB (  2%) free+waste,   255.94 KB ( <1%) overhead. 
      Class:     10.58 MB capacity,     9.74 MB ( 92%) used,   739.55 KB (  7%) free+waste,   129.31 KB (  1%) overhead. 
       Both:     79.16 MB capacity,    77.01 MB ( 97%) used,     1.77 MB (  2%) free+waste,   385.25 KB ( <1%) overhead. 

Virtual space:
  Non-class space:       70.00 MB reserved,      68.75 MB ( 98%) committed 
      Class space:        1.00 GB reserved,      10.63 MB (  1%) committed 
             Both:        1.07 GB reserved,      79.38 MB (  7%) committed 

Chunk freelists:
   Non-Class:  6.75 KB
       Class:  1.13 KB
        Both:  7.88 KB

CodeHeap 'non-profiled nmethods': size=233856Kb used=13053Kb max_used=13053Kb free=220802Kb
 bounds [0x000001a8ef940000, 0x000001a8f0600000, 0x000001a8fdda0000]
CodeHeap 'non-nmethods': size=11904Kb used=1325Kb max_used=1325Kb free=10578Kb
 bounds [0x000001a8eeda0000, 0x000001a8ef010000, 0x000001a8ef940000]
 total_blobs=8829 nmethods=8113 adapters=641
 compilation: enabled
              stopped_count=0, restarted_count=0
 full_count=0

Compilation events (10 events):
Event: 21.510 Thread 0x000001a88bdd0800 8109   !   1       org.apache.tomcat.util.http.parser.HttpParser::isToken (9 bytes)
Event: 21.510 Thread 0x000001a88bdd0800 nmethod 8109 0x000001a8f05fc110 code [0x000001a8f05fc2a0, 0x000001a8f05fc398]
Event: 21.510 Thread 0x000001a88bdd0800 8110       1       org.apache.tomcat.util.http.MimeHeaderField::getName (5 bytes)
Event: 21.510 Thread 0x000001a88bdd0800 nmethod 8110 0x000001a8f05fc490 code [0x000001a8f05fc620, 0x000001a8f05fc6d8]
Event: 21.528 Thread 0x000001a88bdd0800 8111 %     1       java.util.Properties$LineReader::readLine @ 293 (584 bytes)
Event: 21.529 Thread 0x000001a88bdd0800 nmethod 8111% 0x000001a8f05fc790 code [0x000001a8f05fca00, 0x000001a8f05fddb8]
Event: 21.531 Thread 0x000001a88bdd0800 8112       1       ch.qos.logback.core.recovery.ResilientOutputStreamBase::postSuccessfulWrite (52 bytes)
Event: 21.531 Thread 0x000001a88bdd0800 nmethod 8112 0x000001a8f05fe810 code [0x000001a8f05fea20, 0x000001a8f05fee98]
Event: 21.554 Thread 0x000001a88bdd0800 8113       1       java.util.Calendar::setTime (9 bytes)
Event: 21.554 Thread 0x000001a88bdd0800 nmethod 8113 0x000001a8f05ff110 code [0x000001a8f05ff2c0, 0x000001a8f05ff3b8]

GC Heap History (10 events):
Event: 2.341 GC heap after
{Heap after GC invocations=8 (full 0):
 garbage-first heap   total 258048K, used 19140K [0x0000000704000000, 0x0000000800000000)
  region size 1024K, 8 young (8192K), 8 survivors (8192K)
 Metaspace       used 34788K, capacity 35692K, committed 35840K, reserved 1081344K
  class space    used 4360K, capacity 4760K, committed 4864K, reserved 1048576K
}
Event: 3.352 GC heap before
{Heap before GC invocations=9 (full 0):
 garbage-first heap   total 258048K, used 165572K [0x0000000704000000, 0x0000000800000000)
  region size 1024K, 151 young (154624K), 8 survivors (8192K)
 Metaspace       used 42964K, capacity 44058K, committed 44288K, reserved 1087488K
  class space    used 5394K, capacity 5880K, committed 5888K, reserved 1048576K
}
Event: 3.358 GC heap after
{Heap after GC invocations=10 (full 0):
 garbage-first heap   total 310272K, used 23777K [0x0000000704000000, 0x0000000800000000)
  region size 1024K, 13 young (13312K), 13 survivors (13312K)
 Metaspace       used 42964K, capacity 44058K, committed 44288K, reserved 1087488K
  class space    used 5394K, capacity 5880K, committed 5888K, reserved 1048576K
}
Event: 4.655 GC heap before
{Heap before GC invocations=10 (full 0):
 garbage-first heap   total 310272K, used 195809K [0x0000000704000000, 0x0000000800000000)
  region size 1024K, 181 young (185344K), 13 survivors (13312K)
 Metaspace       used 56103K, capacity 57537K, committed 57728K, reserved 1099776K
  class space    used 7142K, capacity 7746K, committed 7808K, reserved 1048576K
}
Event: 4.664 GC heap after
{Heap after GC invocations=11 (full 0):
 garbage-first heap   total 310272K, used 30826K [0x0000000704000000, 0x0000000800000000)
  region size 1024K, 19 young (19456K), 19 survivors (19456K)
 Metaspace       used 56103K, capacity 57537K, committed 57728K, reserved 1099776K
  class space    used 7142K, capacity 7746K, committed 7808K, reserved 1048576K
}
Event: 4.909 GC heap before
{Heap before GC invocations=11 (full 0):
 garbage-first heap   total 310272K, used 89194K [0x0000000704000000, 0x0000000800000000)
  region size 1024K, 72 young (73728K), 19 survivors (19456K)
 Metaspace       used 58739K, capacity 60130K, committed 60160K, reserved 1101824K
  class space    used 7428K, capacity 8035K, committed 8064K, reserved 1048576K
}
Event: 4.921 GC heap after
{Heap after GC invocations=12 (full 0):
 garbage-first heap   total 310272K, used 33407K [0x0000000704000000, 0x0000000800000000)
  region size 1024K, 11 young (11264K), 11 survivors (11264K)
 Metaspace       used 58739K, capacity 60130K, committed 60160K, reserved 1101824K
  class space    used 7428K, capacity 8035K, committed 8064K, reserved 1048576K
}
Event: 6.246 GC heap before
{Heap before GC invocations=13 (full 0):
 garbage-first heap   total 310272K, used 207487K [0x0000000704000000, 0x0000000800000000)
  region size 1024K, 181 young (185344K), 11 survivors (11264K)
 Metaspace       used 72470K, capacity 74151K, committed 74368K, reserved 1114112K
  class space    used 9096K, capacity 9770K, committed 9856K, reserved 1048576K
}
Event: 6.253 GC heap after
{Heap after GC invocations=14 (full 0):
 garbage-first heap   total 310272K, used 39560K [0x0000000704000000, 0x0000000800000000)
  region size 1024K, 17 young (17408K), 17 survivors (17408K)
 Metaspace       used 72470K, capacity 74151K, committed 74368K, reserved 1114112K
  class space    used 9096K, capacity 9770K, committed 9856K, reserved 1048576K
}
Event: 21.561 GC heap before
{Heap before GC invocations=14 (full 0):
 garbage-first heap   total 310272K, used 207496K [0x0000000704000000, 0x0000000800000000)
  region size 1024K, 181 young (185344K), 17 survivors (17408K)
 Metaspace       used 78858K, capacity 81057K, committed 81280K, reserved 1120256K
  class space    used 9970K, capacity 10839K, committed 10880K, reserved 1048576K
}

Deoptimization events (0 events):
No events

Classes redefined (0 events):
No events

Internal exceptions (10 events):
Event: 7.686 Thread 0x000001a8e5f49000 Exception <a 'java/lang/NoSuchMethodError'{0x000000070e616880}: java.lang.invoke.DirectMethodHandle$Holder.invokeStatic(Ljava/lang/Object;Ljava/lang/Object;Ljava/lang/Object;I)Ljava/lang/Object;> (0x000000070e616880) thrown at [./open/src/hotspot/share/in
Event: 7.686 Thread 0x000001a8e5f49000 Exception <a 'java/lang/NoSuchMethodError'{0x000000070e61a248}: java.lang.invoke.DirectMethodHandle$Holder.invokeSpecial(Ljava/lang/Object;Ljava/lang/Object;Ljava/lang/Object;Ljava/lang/Object;I)Ljava/lang/Object;> (0x000000070e61a248) thrown at [./open/s
Event: 7.686 Thread 0x000001a8e5f49000 Exception <a 'java/lang/NoSuchMethodError'{0x000000070e61d2a8}: java.lang.invoke.Invokers$Holder.linkToTargetMethod(Ljava/lang/Object;Ljava/lang/Object;ILjava/lang/Object;)Ljava/lang/Object;> (0x000000070e61d2a8) thrown at [./open/src/hotspot/share/interp
Event: 7.699 Thread 0x000001a8e5f49000 Exception <a 'java/lang/ClassNotFoundException'{0x000000070e439f48}: > (0x000000070e439f48) thrown at [./open/src/hotspot/share/prims/jni.cpp, line 632]
Event: 7.699 Thread 0x000001a8e5f49000 Exception <a 'java/lang/ClassNotFoundException'{0x000000070e43fd10}: > (0x000000070e43fd10) thrown at [./open/src/hotspot/share/prims/jni.cpp, line 632]
Event: 7.699 Thread 0x000001a8e5f49000 Exception <a 'java/lang/ClassNotFoundException'{0x000000070e445b00}: > (0x000000070e445b00) thrown at [./open/src/hotspot/share/prims/jni.cpp, line 632]
Event: 7.699 Thread 0x000001a8e5f49000 Exception <a 'java/lang/ClassNotFoundException'{0x000000070e44b980}: > (0x000000070e44b980) thrown at [./open/src/hotspot/share/prims/jni.cpp, line 632]
Event: 7.699 Thread 0x000001a8e5f49000 Exception <a 'java/lang/ClassNotFoundException'{0x000000070e451750}: > (0x000000070e451750) thrown at [./open/src/hotspot/share/prims/jni.cpp, line 632]
Event: 11.624 Thread 0x000001a88d61e000 Exception <a 'java/io/FileNotFoundException'{0x000000070dbd6580}> (0x000000070dbd6580) thrown at [./open/src/hotspot/share/prims/jni.cpp, line 611]
Event: 11.625 Thread 0x000001a88d61e000 Exception <a 'java/io/FileNotFoundException'{0x000000070dbd6d10}> (0x000000070dbd6d10) thrown at [./open/src/hotspot/share/prims/jni.cpp, line 611]

Events (10 events):
Event: 21.559 loading class com/alibaba/csp/sentinel/init/InitOrder done
Event: 21.560 loading class com/alibaba/csp/sentinel/transport/init/HeartbeatSenderInitFunc
Event: 21.560 loading class com/alibaba/csp/sentinel/transport/init/HeartbeatSenderInitFunc done
Event: 21.560 loading class com/alibaba/csp/sentinel/init/ParamFlowStatisticSlotCallbackInit
Event: 21.560 loading class com/alibaba/csp/sentinel/init/ParamFlowStatisticSlotCallbackInit done
Event: 21.560 Executing VM operation: RevokeBias
Event: 21.560 Executing VM operation: RevokeBias done
Event: 21.561 loading class com/alibaba/csp/sentinel/cluster/server/init/DefaultClusterServerInitFunc
Event: 21.561 loading class com/alibaba/csp/sentinel/cluster/server/init/DefaultClusterServerInitFunc done
Event: 21.561 Executing VM operation: G1CollectForAllocation


Dynamic libraries:
0x00007ff765e80000 - 0x00007ff765e8f000 	C:\Program Files\Java\jdk-11.0.15.1\bin\java.exe
0x00007ff8f26d0000 - 0x00007ff8f28e7000 	C:\WINDOWS\SYSTEM32\ntdll.dll
0x00007ff8f12e0000 - 0x00007ff8f13a4000 	C:\WINDOWS\System32\KERNEL32.DLL
0x00007ff8efa40000 - 0x00007ff8efde6000 	C:\WINDOWS\System32\KERNELBASE.dll
0x00007ff8f0290000 - 0x00007ff8f03a1000 	C:\WINDOWS\System32\ucrtbase.dll
0x00007ff8cf270000 - 0x00007ff8cf288000 	C:\Program Files\Java\jdk-11.0.15.1\bin\jli.dll
0x00007ff8d1480000 - 0x00007ff8d1495000 	C:\Program Files\Java\jdk-11.0.15.1\bin\VCRUNTIME140.dll
0x00007ff8f0600000 - 0x00007ff8f06b1000 	C:\WINDOWS\System32\ADVAPI32.dll
0x00007ff8f13b0000 - 0x00007ff8f1457000 	C:\WINDOWS\System32\msvcrt.dll
0x00007ff8f0420000 - 0x00007ff8f04c5000 	C:\WINDOWS\System32\sechost.dll
0x00007ff8f06c0000 - 0x00007ff8f07d7000 	C:\WINDOWS\System32\RPCRT4.dll
0x00007ff8f0a70000 - 0x00007ff8f0c1e000 	C:\WINDOWS\System32\USER32.dll
0x00007ff8d55f0000 - 0x00007ff8d5883000 	C:\WINDOWS\WinSxS\amd64_microsoft.windows.common-controls_6595b64144ccf1df_6.0.22621.2506_none_270c5ae97388e100\COMCTL32.dll
0x00007ff8f0070000 - 0x00007ff8f0096000 	C:\WINDOWS\System32\win32u.dll
0x00007ff8f2660000 - 0x00007ff8f2689000 	C:\WINDOWS\System32\GDI32.dll
0x00007ff8efdf0000 - 0x00007ff8eff08000 	C:\WINDOWS\System32\gdi32full.dll
0x00007ff8eff10000 - 0x00007ff8effaa000 	C:\WINDOWS\System32\msvcp_win.dll
0x00007ff8e2210000 - 0x00007ff8e221a000 	C:\WINDOWS\SYSTEM32\VERSION.dll
0x00007ff8f1f40000 - 0x00007ff8f1f71000 	C:\WINDOWS\System32\IMM32.DLL
0x00007ff8a0d10000 - 0x00007ff8a0dab000 	C:\Program Files\Java\jdk-11.0.15.1\bin\msvcp140.dll
0x00007ff837d90000 - 0x00007ff8388a6000 	C:\Program Files\Java\jdk-11.0.15.1\bin\server\jvm.dll
0x00007ff8f0a60000 - 0x00007ff8f0a68000 	C:\WINDOWS\System32\PSAPI.DLL
0x00007ff8e7ef0000 - 0x00007ff8e7ef9000 	C:\WINDOWS\SYSTEM32\WSOCK32.dll
0x00007ff8e4380000 - 0x00007ff8e43b4000 	C:\WINDOWS\SYSTEM32\WINMM.dll
0x00007ff8f24e0000 - 0x00007ff8f2551000 	C:\WINDOWS\System32\WS2_32.dll
0x00007ff8eeb30000 - 0x00007ff8eeb48000 	C:\WINDOWS\SYSTEM32\kernel.appcore.dll
0x00007ff8de120000 - 0x00007ff8de130000 	C:\Program Files\Java\jdk-11.0.15.1\bin\verify.dll
0x00007ff8ed0e0000 - 0x00007ff8ed313000 	C:\WINDOWS\SYSTEM32\DBGHELP.DLL
0x00007ff8f1f80000 - 0x00007ff8f2309000 	C:\WINDOWS\System32\combase.dll
0x00007ff8f1200000 - 0x00007ff8f12d7000 	C:\WINDOWS\System32\OLEAUT32.dll
0x00007ff8e1970000 - 0x00007ff8e19a2000 	C:\WINDOWS\SYSTEM32\dbgcore.DLL
0x00007ff8f00a0000 - 0x00007ff8f011a000 	C:\WINDOWS\System32\bcryptPrimitives.dll
0x00007ff8cecb0000 - 0x00007ff8cecd8000 	C:\Program Files\Java\jdk-11.0.15.1\bin\java.dll
0x00007ff8dded0000 - 0x00007ff8ddeda000 	C:\Program Files\Java\jdk-11.0.15.1\bin\jimage.dll
0x00007ff8de390000 - 0x00007ff8de39e000 	C:\Program Files\Java\jdk-11.0.15.1\bin\instrument.dll
0x00007ff8cf070000 - 0x00007ff8cf086000 	C:\Program Files\Java\jdk-11.0.15.1\bin\zip.dll
0x00007ff8f1470000 - 0x00007ff8f1cca000 	C:\WINDOWS\System32\SHELL32.dll
0x00007ff8ed970000 - 0x00007ff8ee266000 	C:\WINDOWS\SYSTEM32\windows.storage.dll
0x00007ff8ed830000 - 0x00007ff8ed96e000 	C:\WINDOWS\SYSTEM32\wintypes.dll
0x00007ff8f0960000 - 0x00007ff8f0a53000 	C:\WINDOWS\System32\SHCORE.dll
0x00007ff8f0540000 - 0x00007ff8f059e000 	C:\WINDOWS\System32\shlwapi.dll
0x00007ff8ef970000 - 0x00007ff8ef996000 	C:\WINDOWS\SYSTEM32\profapi.dll
0x00007ff8cee00000 - 0x00007ff8cee19000 	C:\Program Files\Java\jdk-11.0.15.1\bin\net.dll
0x00007ff8e7000000 - 0x00007ff8e7137000 	C:\WINDOWS\SYSTEM32\WINHTTP.dll
0x00007ff8eefb0000 - 0x00007ff8ef019000 	C:\WINDOWS\system32\mswsock.dll
0x00007ff8cdfb0000 - 0x00007ff8cdfc2000 	C:\Program Files\Java\jdk-11.0.15.1\bin\nio.dll
0x00007ff8a6e80000 - 0x00007ff8a6e9a000 	F:\idea\IntelliJ IDEA 2023.2.2\bin\breakgen64.dll
0x00007ff8ee5b0000 - 0x00007ff8ee6a9000 	C:\WINDOWS\SYSTEM32\DNSAPI.dll
0x00007ff8ee580000 - 0x00007ff8ee5ad000 	C:\WINDOWS\SYSTEM32\IPHLPAPI.DLL
0x00007ff8f1460000 - 0x00007ff8f1469000 	C:\WINDOWS\System32\NSI.dll
0x00007ff8e6290000 - 0x00007ff8e629a000 	C:\Windows\System32\rasadhlp.dll
0x00007ff8e5820000 - 0x00007ff8e58a3000 	C:\WINDOWS\System32\fwpuclnt.dll
0x00007ff8de380000 - 0x00007ff8de389000 	C:\Program Files\Java\jdk-11.0.15.1\bin\management.dll
0x00007ff8d1680000 - 0x00007ff8d168b000 	C:\Program Files\Java\jdk-11.0.15.1\bin\management_ext.dll
0x00007ff8ef200000 - 0x00007ff8ef21b000 	C:\WINDOWS\SYSTEM32\CRYPTSP.dll
0x00007ff8eea90000 - 0x00007ff8eeac5000 	C:\WINDOWS\system32\rsaenh.dll
0x00007ff8ef0a0000 - 0x00007ff8ef0cc000 	C:\WINDOWS\SYSTEM32\USERENV.dll
0x00007ff8ef3d0000 - 0x00007ff8ef3f8000 	C:\WINDOWS\SYSTEM32\bcrypt.dll
0x00007ff8ef220000 - 0x00007ff8ef22c000 	C:\WINDOWS\SYSTEM32\CRYPTBASE.dll
0x00007ff8e76f0000 - 0x00007ff8e7709000 	C:\WINDOWS\SYSTEM32\dhcpcsvc6.DLL
0x00007ff8e61c0000 - 0x00007ff8e61df000 	C:\WINDOWS\SYSTEM32\dhcpcsvc.DLL
0x00007ff8dea00000 - 0x00007ff8dea17000 	C:\WINDOWS\system32\napinsp.dll
0x00007ff8dea40000 - 0x00007ff8dea5b000 	C:\WINDOWS\system32\pnrpnsp.dll
0x00007ff8dea20000 - 0x00007ff8dea31000 	C:\WINDOWS\System32\winrnr.dll
0x00007ff8de9e0000 - 0x00007ff8de9f5000 	C:\WINDOWS\system32\wshbth.dll
0x00007ff8de9b0000 - 0x00007ff8de9d1000 	C:\WINDOWS\system32\nlansp_c.dll
0x00007ff8d1670000 - 0x00007ff8d167d000 	C:\Program Files\Java\jdk-11.0.15.1\bin\sunmscapi.dll
0x00007ff8f0120000 - 0x00007ff8f0286000 	C:\WINDOWS\System32\CRYPT32.dll
0x00007ff8ef3a0000 - 0x00007ff8ef3cd000 	C:\WINDOWS\SYSTEM32\ncrypt.dll
0x00007ff8ef360000 - 0x00007ff8ef397000 	C:\WINDOWS\SYSTEM32\NTASN1.dll
0x00007ff8a4a60000 - 0x00007ff8a4a85000 	C:\Program Files\Java\jdk-11.0.15.1\bin\sunec.dll

dbghelp: loaded successfully - version: 4.0.5 - missing functions: none
symbol engine: initialized successfully - sym options: 0x614 - pdb path: .;C:\Program Files\Java\jdk-11.0.15.1\bin;C:\WINDOWS\SYSTEM32;C:\WINDOWS\WinSxS\amd64_microsoft.windows.common-controls_6595b64144ccf1df_6.0.22621.2506_none_270c5ae97388e100;C:\Program Files\Java\jdk-11.0.15.1\bin\server;F:\idea\IntelliJ IDEA 2023.2.2\bin

VM Arguments:
jvm_args: -XX:TieredStopAtLevel=1 -Xverify:none -Dspring.profiles.active=local -Dspring.output.ansi.enabled=always -Dcom.sun.management.jmxremote -Dspring.jmx.enabled=true -Dspring.liveBeansView.mbeanDomain -Dspring.application.admin.enabled=true -Dmanagement.endpoints.jmx.exposure.include=* -javaagent:F:\idea\IntelliJ IDEA 2023.2.2\lib\idea_rt.jar=57934:F:\idea\IntelliJ IDEA 2023.2.2\bin -Dfile.encoding=UTF-8 
java_command: com.hmall.cart.CartApplication
java_class_path (initial): D:\Desktop\Technology-Stack\Microservices\hmall\cart-service\target\classes;C:\Users\86183\.m2\repository\com\alibaba\cloud\spring-cloud-starter-alibaba-seata\2021.0.4.0\spring-cloud-starter-alibaba-seata-2021.0.4.0.jar;C:\Users\86183\.m2\repository\org\springframework\boot\spring-boot-starter-aop\2.7.12\spring-boot-starter-aop-2.7.12.jar;C:\Users\86183\.m2\repository\org\springframework\spring-aop\5.3.27\spring-aop-5.3.27.jar;C:\Users\86183\.m2\repository\org\aspectj\aspectjweaver\1.9.7\aspectjweaver-1.9.7.jar;C:\Users\86183\.m2\repository\io\seata\seata-spring-boot-starter\1.5.2\seata-spring-boot-starter-1.5.2.jar;C:\Users\86183\.m2\repository\io\seata\seata-spring-autoconfigure-client\1.5.2\seata-spring-autoconfigure-client-1.5.2.jar;C:\Users\86183\.m2\repository\io\seata\seata-spring-autoconfigure-core\1.5.2\seata-spring-autoconfigure-core-1.5.2.jar;C:\Users\86183\.m2\repository\io\seata\seata-all\1.5.2\seata-all-1.5.2.jar;C:\Users\86183\.m2\repository\io\netty\netty-all\4.1.92.Final\netty-all-4.1.92.Final.jar;C:\Users\86183\.m2\repository\io\netty\netty-buffer\4.1.92.Final\netty-buffer-4.1.92.Final.jar;C:\Users\86183\.m2\repository\io\netty\netty-codec\4.1.92.Final\netty-codec-4.1.92.Final.jar;C:\Users\86183\.m2\repository\io\netty\netty-codec-dns\4.1.92.Final\netty-codec-dns-4.1.92.Final.jar;C:\Users\86183\.m2\repository\io\netty\netty-codec-haproxy\4.1.92.Final\netty-codec-haproxy-4.1.92.Final.jar;C:\Users\86183\.m2\repository\io\netty\netty-codec-http\4.1.92.Final\netty-codec-http-4.1.92.Final.jar;C:\Users\86183\.m2\repository\io\netty\netty-codec-http2\4.1.92.Final\netty-codec-http2-4.1.92.Final.jar;C:\Users\86183\.m2\repository\io\netty\netty-codec-memcache\4.1.92.Final\netty-codec-memcache-4.1.92.Final.jar;C:\Users\86183\.m2\repository\io\netty\netty-codec-mqtt\4.1.92.Final\netty-codec-mqtt-4.1.92.Final.jar;C:\Users\86183\.m2\repository\io\netty\netty-codec-redis\4.1.92.Final\netty-codec-redis-4.1.92.Final.jar;C:\Users\86183\.
Launcher Type: SUN_STANDARD

[Global flags]
     bool BytecodeVerificationLocal                = false                                     {product} {command line}
     bool BytecodeVerificationRemote               = false                                     {product} {command line}
     intx CICompilerCount                          = 12                                        {product} {ergonomic}
     uint ConcGCThreads                            = 3                                         {product} {ergonomic}
     uint G1ConcRefinementThreads                  = 13                                        {product} {ergonomic}
   size_t G1HeapRegionSize                         = 1048576                                   {product} {ergonomic}
    uintx GCDrainStackTargetSize                   = 64                                        {product} {ergonomic}
   size_t InitialHeapSize                          = 264241152                                 {product} {ergonomic}
     bool ManagementServer                         = true                                      {product} {command line}
   size_t MarkStackSize                            = 4194304                                   {product} {ergonomic}
   size_t MaxHeapSize                              = 4227858432                                {product} {ergonomic}
   size_t MaxNewSize                               = 2536505344                                {product} {ergonomic}
   size_t MinHeapDeltaBytes                        = 1048576                                   {product} {ergonomic}
    uintx NonNMethodCodeHeapSize                   = 12163472                               {pd product} {ergonomic}
    uintx NonProfiledCodeHeapSize                  = 239494768                              {pd product} {ergonomic}
    uintx ProfiledCodeHeapSize                     = 0                                      {pd product} {ergonomic}
    uintx ReservedCodeCacheSize                    = 251658240                              {pd product} {ergonomic}
     bool SegmentedCodeCache                       = true                                      {product} {ergonomic}
     intx TieredStopAtLevel                        = 1                                         {product} {command line}
     bool UseCompressedClassPointers               = true                                 {lp64_product} {ergonomic}
     bool UseCompressedOops                        = true                                 {lp64_product} {ergonomic}
     bool UseG1GC                                  = true                                      {product} {ergonomic}
     bool UseLargePagesIndividualAllocation        = false                                  {pd product} {ergonomic}

Logging:
Log output configuration:
 #0: stdout all=warning uptime,level,tags
 #1: stderr all=off uptime,level,tags

Environment Variables:
JAVA_HOME=C:\Program Files (x86)\Java\jdk1.8.0_121
PATH=F:\linux\bin\;C:\Program Files\Common Files\Oracle\Java\javapath;C:\Program Files (x86)\Java\jdk1.8.0_121\bin;C:\Program Files (x86)\Common Files\Oracle\Java\javapath;C:\Windows\system32;C:\Windows;C:\Windows\System32\Wbem;C:\Windows\System32\WindowsPowerShell\v1.0\;C:\Windows\System32\OpenSSH\;C:\Program Files (x86)\NVIDIA Corporation\PhysX\Common;C:\Program Files\NVIDIA Corporation\NVIDIA NvDLISR;C:\Program Files\dotnet\;C:\WINDOWS\system32;C:\WINDOWS;C:\WINDOWS\System32\Wbem;C:\WINDOWS\System32\WindowsPowerShell\v1.0\;C:\WINDOWS\System32\OpenSSH\;F:\NodeJS\;D:\Desktop\Web\Maven\Maven2\apache-maven-3.6.1-bin\apache-maven-3.6.1\bin;F:\MySQL\mysql-8.0.33-winx64\bin;F:\Git\Git\Git\cmd;F:\RedisWin\;C:\Program Files\Cloudflare\Cloudflare WARP\;F:\python\python3.10.4\Scripts\;F:\python\python3.10.4\;F:\最终版python3.11.1\Scripts\;F:\最终版python3.11.1\;C:\Users\86183\AppData\Local\Microsoft\WindowsApps;D:\软件\PyCharm Community Edition 2022.2\bin;;C:\Program Files (x86)\Java\jdk1.8.0_121\bin;F:\idea\IntelliJ IDEA 2023.2.2\bin;;F:\Final-pycharm\pycharm-2023.2.1\PyCharm 2023.2.1\bin;;F:\VScode\Microsoft VS Code\bin;C:\Users\86183\AppData\Roaming\npm;C:\Users\86183\AppData\Local\GitHubDesktop\bin;;F:\DataGrip 2023.2.2\bin;
USERNAME=86183
OS=Windows_NT
PROCESSOR_IDENTIFIER=Intel64 Family 6 Model 141 Stepping 1, GenuineIntel



---------------  S Y S T E M  ---------------

OS: Windows 11 , 64 bit Build 22621 (10.0.22621.2506)

CPU:total 16 (initial active 16) (8 cores per cpu, 2 threads per core) family 6 model 141 stepping 1 microcode 0x34, cmov, cx8, fxsr, mmx, sse, sse2, sse3, ssse3, sse4.1, sse4.2, popcnt, avx, avx2, aes, clmul, erms, 3dnowpref, lzcnt, ht, tsc, tscinvbit, bmi1, bmi2, adx, evex, sha, fma

Memory: 4k page, system-wide physical 16122M (1589M free)
TotalPageFile size 35182M (AvailPageFile size 33M)
current process WorkingSet (physical memory assigned to process): 473M, peak: 666M
current process commit charge ("private bytes"): 849M, peak: 910M

vm_info: Java HotSpot(TM) 64-Bit Server VM (11.0.15.1+2-LTS-10) for windows-amd64 JRE (11.0.15.1+2-LTS-10), built on Apr 25 2022 21:51:57 by "mach5one" with MS VC++ 15.9 (VS2017)

END.
