#
# There is insufficient memory for the Java Runtime Environment to continue.
# Native memory allocation (mmap) failed to map 264241152 bytes for Failed to commit area from 0x0000000704000000 to 0x0000000713c00000 of length 264241152.
# Possible reasons:
#   The system is out of physical RAM or swap space
#   The process is running with CompressedOops enabled, and the Java Heap may be blocking the growth of the native heap
# Possible solutions:
#   Reduce memory load on the system
#   Increase physical memory or swap space
#   Check if swap backing store is full
#   Decrease Java heap size (-Xmx/-Xms)
#   Decrease number of Java threads
#   Decrease Java thread stack sizes (-Xss)
#   Set larger code cache with -XX:ReservedCodeCacheSize=
# This output file may be truncated or incomplete.
#
#  Out of Memory Error (./open/src/hotspot/os/windows/os_windows.cpp:3287), pid=21392, tid=7092
#
# JRE version:  (11.0.15.1+2) (build )
# Java VM: Java HotSpot(TM) 64-Bit Server VM (11.0.15.1+2-LTS-10, mixed mode, sharing, tiered, compressed oops, g1 gc, windows-amd64)
# No core dump will be written. Minidumps are not enabled by default on client versions of Windows
#

---------------  S U M M A R Y ------------

Command Line: -XX:TieredStopAtLevel=1 -Xverify:none -Dspring.profiles.active=local -Dspring.output.ansi.enabled=always -Dcom.sun.management.jmxremote -Dspring.jmx.enabled=true -Dspring.liveBeansView.mbeanDomain -Dspring.application.admin.enabled=true -Dmanagement.endpoints.jmx.exposure.include=* -javaagent:F:\idea\IntelliJ IDEA 2023.2.2\lib\idea_rt.jar=52141:F:\idea\IntelliJ IDEA 2023.2.2\bin -Dfile.encoding=UTF-8 com.hmall.item.ItermApplication

Host: 11th Gen Intel(R) Core(TM) i7-11800H @ 2.30GHz, 16 cores, 15G,  Windows 11 , 64 bit Build 22621 (10.0.22621.2506)
Time: Wed Dec 27 22:46:33 2023 中国标准时间 elapsed time: 0.032432 seconds (0d 0h 0m 0s)

---------------  T H R E A D  ---------------

Current thread (0x000001eb4c3ea800):  JavaThread "Unknown thread" [_thread_in_vm, id=7092, stack(0x00000047b9f00000,0x00000047ba000000)]

Stack: [0x00000047b9f00000,0x00000047ba000000]
Native frames: (J=compiled Java code, j=interpreted, Vv=VM code, C=native code)
V  [jvm.dll+0x629d8a]
V  [jvm.dll+0x7638ff]
V  [jvm.dll+0x764fa9]
V  [jvm.dll+0x765633]
V  [jvm.dll+0x23d9c8]
V  [jvm.dll+0x6270aa]
V  [jvm.dll+0x61be35]
V  [jvm.dll+0x2f27dc]
V  [jvm.dll+0x2f2662]
V  [jvm.dll+0x2f7386]
V  [jvm.dll+0x339d8f]
V  [jvm.dll+0x3397c0]
V  [jvm.dll+0x2cfdf8]
V  [jvm.dll+0x2d0f66]
V  [jvm.dll+0x73df07]
V  [jvm.dll+0x73f79f]
V  [jvm.dll+0x346ab9]
V  [jvm.dll+0x723810]
V  [jvm.dll+0x3b56cf]
V  [jvm.dll+0x3b77e1]
C  [jli.dll+0x5207]
C  [ucrtbase.dll+0x29363]
C  [KERNEL32.DLL+0x1257d]
C  [ntdll.dll+0x5aa58]


---------------  P R O C E S S  ---------------

Threads class SMR info:
_java_thread_list=0x000001eb4c14e130, length=0, elements={
}

Java Threads: ( => current thread )

Other Threads:
  0x000001eb4c400800 GCTaskThread "GC Thread#0" [stack: 0x00000047ba000000,0x00000047ba100000] [id=31976]
  0x000001eb4c45d800 ConcurrentGCThread "G1 Main Marker" [stack: 0x00000047ba100000,0x00000047ba200000] [id=34256]
  0x000001eb4c461000 ConcurrentGCThread "G1 Conc#0" [stack: 0x00000047ba200000,0x00000047ba300000] [id=33636]

[error occurred during error reporting (printing all threads), id 0xc0000005, EXCEPTION_ACCESS_VIOLATION (0xc0000005) at pc=0x00007ffa7535f087]

VM state:not at safepoint (not fully initialized)

VM Mutex/Monitor currently owned by a thread:  ([mutex/lock_event])
[0x000001eb4c3e7510] Heap_lock - owner thread: 0x000001eb4c3ea800

Heap address: 0x0000000704000000, size: 4032 MB, Compressed Oops mode: Non-zero based: 0x0000000704000000
Narrow klass base: 0x0000000000000000, Narrow klass shift: 0

GC Heap History (0 events):
No events

Deoptimization events (0 events):
No events

Classes redefined (0 events):
No events

Internal exceptions (0 events):
No events

Events (0 events):
No events


Dynamic libraries:
0x00007ff760470000 - 0x00007ff76047f000 	C:\Program Files\Java\jdk-11.0.15.1\bin\java.exe
0x00007ffb55090000 - 0x00007ffb552a7000 	C:\WINDOWS\SYSTEM32\ntdll.dll
0x00007ffb54200000 - 0x00007ffb542c4000 	C:\WINDOWS\System32\KERNEL32.DLL
0x00007ffb52400000 - 0x00007ffb527a6000 	C:\WINDOWS\System32\KERNELBASE.dll
0x00007ffb52cc0000 - 0x00007ffb52dd1000 	C:\WINDOWS\System32\ucrtbase.dll
0x00007ffb38910000 - 0x00007ffb38928000 	C:\Program Files\Java\jdk-11.0.15.1\bin\jli.dll
0x00007ffb53700000 - 0x00007ffb537b1000 	C:\WINDOWS\System32\ADVAPI32.dll
0x00007ffb545c0000 - 0x00007ffb54667000 	C:\WINDOWS\System32\msvcrt.dll
0x00007ffb54050000 - 0x00007ffb540f5000 	C:\WINDOWS\System32\sechost.dll
0x00007ffb54480000 - 0x00007ffb54597000 	C:\WINDOWS\System32\RPCRT4.dll
0x00007ffb35ec0000 - 0x00007ffb35ed5000 	C:\Program Files\Java\jdk-11.0.15.1\bin\VCRUNTIME140.dll
0x00007ffb54670000 - 0x00007ffb5481e000 	C:\WINDOWS\System32\USER32.dll
0x00007ffb52ba0000 - 0x00007ffb52bc6000 	C:\WINDOWS\System32\win32u.dll
0x00007ffb39330000 - 0x00007ffb395c3000 	C:\WINDOWS\WinSxS\amd64_microsoft.windows.common-controls_6595b64144ccf1df_6.0.22621.2506_none_270c5ae97388e100\COMCTL32.dll
0x00007ffb543d0000 - 0x00007ffb543f9000 	C:\WINDOWS\System32\GDI32.dll
0x00007ffb527b0000 - 0x00007ffb528c8000 	C:\WINDOWS\System32\gdi32full.dll
0x00007ffb528d0000 - 0x00007ffb5296a000 	C:\WINDOWS\System32\msvcp_win.dll
0x00007ffb465d0000 - 0x00007ffb465da000 	C:\WINDOWS\SYSTEM32\VERSION.dll
0x00007ffb54890000 - 0x00007ffb548c1000 	C:\WINDOWS\System32\IMM32.DLL
0x00007ffb28970000 - 0x00007ffb28a0b000 	C:\Program Files\Java\jdk-11.0.15.1\bin\msvcp140.dll
0x00007ffa75080000 - 0x00007ffa75b96000 	C:\Program Files\Java\jdk-11.0.15.1\bin\server\jvm.dll
0x00007ffb54040000 - 0x00007ffb54048000 	C:\WINDOWS\System32\PSAPI.DLL
0x00007ffb4a820000 - 0x00007ffb4a829000 	C:\WINDOWS\SYSTEM32\WSOCK32.dll
0x00007ffb54400000 - 0x00007ffb54471000 	C:\WINDOWS\System32\WS2_32.dll
0x00007ffb46dd0000 - 0x00007ffb46e04000 	C:\WINDOWS\SYSTEM32\WINMM.dll
0x00007ffb514f0000 - 0x00007ffb51508000 	C:\WINDOWS\SYSTEM32\kernel.appcore.dll
0x00007ffb4a9c0000 - 0x00007ffb4a9d0000 	C:\Program Files\Java\jdk-11.0.15.1\bin\verify.dll
0x00007ffb4faf0000 - 0x00007ffb4fd23000 	C:\WINDOWS\SYSTEM32\DBGHELP.DLL
0x00007ffb54a70000 - 0x00007ffb54df9000 	C:\WINDOWS\System32\combase.dll
0x00007ffb52f40000 - 0x00007ffb53017000 	C:\WINDOWS\System32\OLEAUT32.dll
0x00007ffb3eb40000 - 0x00007ffb3eb72000 	C:\WINDOWS\SYSTEM32\dbgcore.DLL
0x00007ffb52c40000 - 0x00007ffb52cba000 	C:\WINDOWS\System32\bcryptPrimitives.dll
0x00007ffb34b60000 - 0x00007ffb34b88000 	C:\Program Files\Java\jdk-11.0.15.1\bin\java.dll
0x00007ffb40120000 - 0x00007ffb4012a000 	C:\Program Files\Java\jdk-11.0.15.1\bin\jimage.dll
0x00007ffb4f110000 - 0x00007ffb4f11e000 	C:\Program Files\Java\jdk-11.0.15.1\bin\instrument.dll
0x00007ffb35ea0000 - 0x00007ffb35eb6000 	C:\Program Files\Java\jdk-11.0.15.1\bin\zip.dll

dbghelp: loaded successfully - version: 4.0.5 - missing functions: none
symbol engine: initialized successfully - sym options: 0x614 - pdb path: .;C:\Program Files\Java\jdk-11.0.15.1\bin;C:\WINDOWS\SYSTEM32;C:\WINDOWS\WinSxS\amd64_microsoft.windows.common-controls_6595b64144ccf1df_6.0.22621.2506_none_270c5ae97388e100;C:\Program Files\Java\jdk-11.0.15.1\bin\server

VM Arguments:
jvm_args: -XX:TieredStopAtLevel=1 -Xverify:none -Dspring.profiles.active=local -Dspring.output.ansi.enabled=always -Dcom.sun.management.jmxremote -Dspring.jmx.enabled=true -Dspring.liveBeansView.mbeanDomain -Dspring.application.admin.enabled=true -Dmanagement.endpoints.jmx.exposure.include=* -javaagent:F:\idea\IntelliJ IDEA 2023.2.2\lib\idea_rt.jar=52141:F:\idea\IntelliJ IDEA 2023.2.2\bin -Dfile.encoding=UTF-8 
java_command: com.hmall.item.ItermApplication
java_class_path (initial): D:\Desktop\Technology-Stack\Microservices\hmall\item-service\target\classes;C:\Users\86183\.m2\repository\com\alibaba\cloud\spring-cloud-starter-alibaba-nacos-discovery\2021.0.4.0\spring-cloud-starter-alibaba-nacos-discovery-2021.0.4.0.jar;C:\Users\86183\.m2\repository\com\alibaba\cloud\spring-cloud-alibaba-commons\2021.0.4.0\spring-cloud-alibaba-commons-2021.0.4.0.jar;C:\Users\86183\.m2\repository\com\alibaba\nacos\nacos-client\2.0.4\nacos-client-2.0.4.jar;C:\Users\86183\.m2\repository\commons-codec\commons-codec\1.15\commons-codec-1.15.jar;C:\Users\86183\.m2\repository\com\fasterxml\jackson\core\jackson-core\2.13.5\jackson-core-2.13.5.jar;C:\Users\86183\.m2\repository\com\fasterxml\jackson\core\jackson-databind\2.13.5\jackson-databind-2.13.5.jar;C:\Users\86183\.m2\repository\com\fasterxml\jackson\core\jackson-annotations\2.13.5\jackson-annotations-2.13.5.jar;C:\Users\86183\.m2\repository\org\apache\httpcomponents\httpasyncclient\4.1.5\httpasyncclient-4.1.5.jar;C:\Users\86183\.m2\repository\org\apache\httpcomponents\httpcore\4.4.16\httpcore-4.4.16.jar;C:\Users\86183\.m2\repository\org\apache\httpcomponents\httpcore-nio\4.4.16\httpcore-nio-4.4.16.jar;C:\Users\86183\.m2\repository\org\apache\httpcomponents\httpclient\4.5.14\httpclient-4.5.14.jar;C:\Users\86183\.m2\repository\org\reflections\reflections\0.9.11\reflections-0.9.11.jar;C:\Users\86183\.m2\repository\com\google\guava\guava\20.0\guava-20.0.jar;C:\Users\86183\.m2\repository\io\prometheus\simpleclient\0.15.0\simpleclient-0.15.0.jar;C:\Users\86183\.m2\repository\io\prometheus\simpleclient_tracer_otel\0.15.0\simpleclient_tracer_otel-0.15.0.jar;C:\Users\86183\.m2\repository\io\prometheus\simpleclient_tracer_common\0.15.0\simpleclient_tracer_common-0.15.0.jar;C:\Users\86183\.m2\repository\io\prometheus\simpleclient_tracer_otel_agent\0.15.0\simpleclient_tracer_otel_agent-0.15.0.jar;C:\Users\86183\.m2\repository\org\yaml\snakeyaml\1.30\snakeyaml-1.30.jar;C:\Users\86183\.m2\repository\co
Launcher Type: SUN_STANDARD

[Global flags]
     bool BytecodeVerificationLocal                = false                                     {product} {command line}
     bool BytecodeVerificationRemote               = false                                     {product} {command line}
     intx CICompilerCount                          = 12                                        {product} {ergonomic}
     uint ConcGCThreads                            = 3                                         {product} {ergonomic}
     uint G1ConcRefinementThreads                  = 13                                        {product} {ergonomic}
   size_t G1HeapRegionSize                         = 1048576                                   {product} {ergonomic}
    uintx GCDrainStackTargetSize                   = 64                                        {product} {ergonomic}
   size_t InitialHeapSize                          = 264241152                                 {product} {ergonomic}
     bool ManagementServer                         = true                                      {product} {command line}
   size_t MarkStackSize                            = 4194304                                   {product} {ergonomic}
   size_t MaxHeapSize                              = 4227858432                                {product} {ergonomic}
   size_t MinHeapDeltaBytes                        = 1048576                                   {product} {ergonomic}
    uintx NonNMethodCodeHeapSize                   = 12163472                               {pd product} {ergonomic}
    uintx NonProfiledCodeHeapSize                  = 239494768                              {pd product} {ergonomic}
    uintx ProfiledCodeHeapSize                     = 0                                      {pd product} {ergonomic}
    uintx ReservedCodeCacheSize                    = 251658240                              {pd product} {ergonomic}
     bool SegmentedCodeCache                       = true                                      {product} {ergonomic}
     intx TieredStopAtLevel                        = 1                                         {product} {command line}
     bool UseCompressedClassPointers               = true                                 {lp64_product} {ergonomic}
     bool UseCompressedOops                        = true                                 {lp64_product} {ergonomic}
     bool UseG1GC                                  = true                                      {product} {ergonomic}
     bool UseLargePagesIndividualAllocation        = false                                  {pd product} {ergonomic}

Logging:
Log output configuration:
 #0: stdout all=warning uptime,level,tags
 #1: stderr all=off uptime,level,tags

Environment Variables:
JAVA_HOME=C:\Program Files (x86)\Java\jdk1.8.0_121
PATH=F:\linux\bin\;C:\Program Files\Common Files\Oracle\Java\javapath;C:\Program Files (x86)\Java\jdk1.8.0_121\bin;C:\Program Files (x86)\Common Files\Oracle\Java\javapath;C:\Windows\system32;C:\Windows;C:\Windows\System32\Wbem;C:\Windows\System32\WindowsPowerShell\v1.0\;C:\Windows\System32\OpenSSH\;C:\Program Files (x86)\NVIDIA Corporation\PhysX\Common;C:\Program Files\NVIDIA Corporation\NVIDIA NvDLISR;C:\Program Files\dotnet\;C:\WINDOWS\system32;C:\WINDOWS;C:\WINDOWS\System32\Wbem;C:\WINDOWS\System32\WindowsPowerShell\v1.0\;C:\WINDOWS\System32\OpenSSH\;F:\NodeJS\;D:\Desktop\Web\Maven\Maven2\apache-maven-3.6.1-bin\apache-maven-3.6.1\bin;F:\MySQL\mysql-8.0.33-winx64\bin;F:\Git\Git\Git\cmd;F:\RedisWin\;C:\Program Files\Cloudflare\Cloudflare WARP\;F:\python\python3.10.4\Scripts\;F:\python\python3.10.4\;F:\最终版python3.11.1\Scripts\;F:\最终版python3.11.1\;C:\Users\86183\AppData\Local\Microsoft\WindowsApps;D:\软件\PyCharm Community Edition 2022.2\bin;;C:\Program Files (x86)\Java\jdk1.8.0_121\bin;F:\idea\IntelliJ IDEA 2023.2.2\bin;;F:\Final-pycharm\pycharm-2023.2.1\PyCharm 2023.2.1\bin;;F:\VScode\Microsoft VS Code\bin;C:\Users\86183\AppData\Roaming\npm;C:\Users\86183\AppData\Local\GitHubDesktop\bin;;F:\DataGrip 2023.2.2\bin;
USERNAME=86183
OS=Windows_NT
PROCESSOR_IDENTIFIER=Intel64 Family 6 Model 141 Stepping 1, GenuineIntel



---------------  S Y S T E M  ---------------

OS: Windows 11 , 64 bit Build 22621 (10.0.22621.2506)

CPU:total 16 (initial active 16) (8 cores per cpu, 2 threads per core) family 6 model 141 stepping 1 microcode 0x34, cmov, cx8, fxsr, mmx, sse, sse2, sse3, ssse3, sse4.1, sse4.2, popcnt, avx, avx2, aes, clmul, erms, 3dnowpref, lzcnt, ht, tsc, tscinvbit, bmi1, bmi2, adx, evex, sha, fma

Memory: 4k page, system-wide physical 16122M (216M free)
TotalPageFile size 35176M (AvailPageFile size 204M)
current process WorkingSet (physical memory assigned to process): 11M, peak: 11M
current process commit charge ("private bytes"): 69M, peak: 321M

vm_info: Java HotSpot(TM) 64-Bit Server VM (11.0.15.1+2-LTS-10) for windows-amd64 JRE (11.0.15.1+2-LTS-10), built on Apr 25 2022 21:51:57 by "mach5one" with MS VC++ 15.9 (VS2017)

END.
