#
# There is insufficient memory for the Java Runtime Environment to continue.
# Native memory allocation (mmap) failed to map 63963136 bytes for Failed to commit area from 0x0000000716f00000 to 0x000000071ac00000 of length 63963136.
# Possible reasons:
#   The system is out of physical RAM or swap space
#   The process is running with CompressedOops enabled, and the Java Heap may be blocking the growth of the native heap
# Possible solutions:
#   Reduce memory load on the system
#   Increase physical memory or swap space
#   Check if swap backing store is full
#   Decrease Java heap size (-Xmx/-Xms)
#   Decrease number of Java threads
#   Decrease Java thread stack sizes (-Xss)
#   Set larger code cache with -XX:ReservedCodeCacheSize=
#   JVM is running with Zero Based Compressed Oops mode in which the Java heap is
#     placed in the first 32GB address space. The Java Heap base address is the
#     maximum limit for the native heap growth. Please use -XX:HeapBaseMinAddress
#     to set the Java Heap base and to place the Java Heap above 32GB virtual address.
# This output file may be truncated or incomplete.
#
#  Out of Memory Error (./open/src/hotspot/os/windows/os_windows.cpp:3287), pid=11756, tid=46880
#
# JRE version: Java(TM) SE Runtime Environment 18.9 (11.0.15.1+2) (build 11.0.15.1+2-LTS-10)
# Java VM: Java HotSpot(TM) 64-Bit Server VM 18.9 (11.0.15.1+2-LTS-10, mixed mode, tiered, compressed oops, g1 gc, windows-amd64)
# No core dump will be written. Minidumps are not enabled by default on client versions of Windows
#

---------------  S U M M A R Y ------------

Command Line: -agentlib:jdwp=transport=dt_socket,address=127.0.0.1:61278,suspend=y,server=n -XX:TieredStopAtLevel=1 -Xverify:none -Dspring.profiles.active=local -Dspring.output.ansi.enabled=always -Dcom.sun.management.jmxremote -Dspring.jmx.enabled=true -Dspring.liveBeansView.mbeanDomain -Dspring.application.admin.enabled=true -Dmanagement.endpoints.jmx.exposure.include=* -Dfile.encoding=UTF-8 com.hmall.trade.TradeApplication

Host: 11th Gen Intel(R) Core(TM) i7-11800H @ 2.30GHz, 16 cores, 15G,  Windows 11 , 64 bit Build 22621 (10.0.22621.2506)
Time: Sun Jan  7 23:32:52 2024 中国标准时间 elapsed time: 414.017063 seconds (0d 0h 6m 54s)

---------------  T H R E A D  ---------------

Current thread (0x00000200928a4000):  VMThread "VM Thread" [stack: 0x0000002296c00000,0x0000002296d00000] [id=46880]

Stack: [0x0000002296c00000,0x0000002296d00000]
[error occurred during error reporting (printing stack bounds), id 0xc0000005, EXCEPTION_ACCESS_VIOLATION (0xc0000005) at pc=0x00000200800010e7]

Native frames: (J=compiled Java code, j=interpreted, Vv=VM code, C=native code)
V  [jvm.dll+0x629d8a]
V  [jvm.dll+0x7638ff]
V  [jvm.dll+0x764fa9]
V  [jvm.dll+0x765595]
V  [jvm.dll+0x76554b]
V  [jvm.dll+0x629273]
V  [jvm.dll+0x629988]
C  [ntdll.dll+0xa441f]
C  [ntdll.dll+0x1e466]
C  [ntdll.dll+0xa340e]
C  0x00000200800010e7

VM_Operation (0x000000229b6fe4b0): G1CollectForAllocation, mode: safepoint, requested by thread 0x000002009695e000


---------------  P R O C E S S  ---------------

Threads class SMR info:
_java_thread_list=0x000002009302b920, length=155, elements={
0x00000200928a7000, 0x00000200928b2000, 0x000002009291b000, 0x000002009291e800,
0x0000020092920800, 0x0000020092921800, 0x0000020092922800, 0x0000020092850800,
0x0000020092bd2800, 0x0000020092bba800, 0x0000020092bbb800, 0x0000020093582800,
0x0000020093bee000, 0x0000020093ddf000, 0x0000020093c89000, 0x000002009423b800,
0x0000020093c85000, 0x000002009427e000, 0x00000200942b0800, 0x00000200942ac800,
0x00000200942b2800, 0x00000200942b1800, 0x00000200942b3000, 0x00000200942b0000,
0x00000200942ae800, 0x000002009600e800, 0x0000020096012800, 0x000002009600f800,
0x0000020096011000, 0x000002009694f800, 0x0000020096951800, 0x0000020096956000,
0x0000020096950000, 0x0000020096956800, 0x0000020096955000, 0x0000020096952800,
0x0000020096958800, 0x000002009695c800, 0x000002009695d000, 0x000002009695a800,
0x000002009695b800, 0x000002009695e000, 0x000002009695a000, 0x0000020096b2a800,
0x0000020096b2b000, 0x0000020096b2c800, 0x0000020096b29800, 0x0000020096b2e800,
0x0000020096b28800, 0x0000020096b35000, 0x0000020096b32800, 0x0000020096b30000,
0x0000020096b2f000, 0x0000020096b31000, 0x0000020096b34000, 0x0000020096b35800,
0x0000020096b36800, 0x0000020096b37800, 0x0000020096b31800, 0x000002009f12f000,
0x000002009f131800, 0x000002009f133000, 0x000002009f134000, 0x000002009f12e000,
0x000002009f138800, 0x000002009f139800, 0x000002009f13a800, 0x000002009f134800,
0x000002009f136800, 0x000002009f137000, 0x000002009f13b000, 0x000002009f135800,
0x000002009f13c000, 0x000002009f138000, 0x000002009f175000, 0x000002009f179000,
0x000002009f17c800, 0x000002009f17a000, 0x000002009f17a800, 0x000002009f177800,
0x000002009f176800, 0x000002009f181000, 0x000002009f182000, 0x0000020096007000,
0x0000020096009000, 0x0000020096005800, 0x000002009600c000, 0x000002009600d000,
0x000002009600d800, 0x0000020096953800, 0x0000020096951000, 0x0000020096957800,
0x0000020096959000, 0x0000020096954000, 0x000002009f132000, 0x000002009f12d800,
0x000002009f130800, 0x0000020096b2c000, 0x0000020096b33000, 0x0000020096b2d800,
0x000002009f17b800, 0x000002009f17d000, 0x00000200942af000, 0x00000200942ad800,
0x000002009f2b5000, 0x000002009f2b9000, 0x000002009f2b6800, 0x000002009f2b5800,
0x000002009f2b7800, 0x000002009f2ba000, 0x000002009f2b8000, 0x000002009f2b4000,
0x000002009f2c0800, 0x000002009f2be800, 0x000002009f2ba800, 0x000002009f2bd000,
0x000002009f2bb800, 0x000002009f2be000, 0x000002009f2c1000, 0x000002009f2c2000,
0x000002009f2bf800, 0x000002009f2bc800, 0x000002009f2c3000, 0x000002009f180800,
0x000002009ea69800, 0x000002009ea6b800, 0x000002009ea6c000, 0x000002009ea6a800,
0x000002009ea68000, 0x000002009ea6f800, 0x000002009ea71000, 0x000002009ea72000,
0x000002009ef04800, 0x000002009ef00800, 0x000002009eeff000, 0x000002009ef06000,
0x000002009ef07000, 0x000002009ef02000, 0x00000200abf90800, 0x00000200abf91800,
0x00000200abf8d000, 0x00000200abf9a800, 0x00000200abf99800, 0x00000200abf8f000,
0x00000200abf98000, 0x00000200abf8c800, 0x00000200abf8f800, 0x00000200abf8e000,
0x00000200abf89000, 0x00000200abf8b800, 0x00000200abf8a000, 0x00000200abf8a800,
0x00000200abf94800, 0x00000200abf93000, 0x00000200abf95800
}

Java Threads: ( => current thread )
  0x00000200928a7000 JavaThread "Reference Handler" daemon [_thread_blocked, id=39588, stack(0x0000002296d00000,0x0000002296e00000)]
  0x00000200928b2000 JavaThread "Finalizer" daemon [_thread_blocked, id=2356, stack(0x0000002296e00000,0x0000002296f00000)]
  0x000002009291b000 JavaThread "Signal Dispatcher" daemon [_thread_blocked, id=15932, stack(0x0000002296f00000,0x0000002297000000)]
  0x000002009291e800 JavaThread "Attach Listener" daemon [_thread_blocked, id=53836, stack(0x0000002297000000,0x0000002297100000)]
  0x0000020092920800 JavaThread "Service Thread" daemon [_thread_blocked, id=46076, stack(0x0000002297100000,0x0000002297200000)]
  0x0000020092921800 JavaThread "C1 CompilerThread0" daemon [_thread_blocked, id=11468, stack(0x0000002297200000,0x0000002297300000)]
  0x0000020092922800 JavaThread "Sweeper thread" daemon [_thread_blocked, id=24276, stack(0x0000002297300000,0x0000002297400000)]
  0x0000020092850800 JavaThread "Common-Cleaner" daemon [_thread_blocked, id=19504, stack(0x0000002297400000,0x0000002297500000)]
  0x0000020092bd2800 JavaThread "JDWP Transport Listener: dt_socket" daemon [_thread_blocked, id=42732, stack(0x0000002297500000,0x0000002297600000)]
  0x0000020092bba800 JavaThread "JDWP Event Helper Thread" daemon [_thread_blocked, id=39324, stack(0x0000002297600000,0x0000002297700000)]
  0x0000020092bbb800 JavaThread "JDWP Command Reader" daemon [_thread_in_native, id=52216, stack(0x0000002297700000,0x0000002297800000)]
  0x0000020093582800 JavaThread "RMI TCP Accept-0" daemon [_thread_in_native, id=14828, stack(0x0000002297800000,0x0000002297900000)]
  0x0000020093bee000 JavaThread "RMI Scheduler(0)" daemon [_thread_blocked, id=19604, stack(0x0000002298000000,0x0000002298100000)]
  0x0000020093ddf000 JavaThread "logback-1" daemon [_thread_blocked, id=29272, stack(0x0000002298300000,0x0000002298400000)]
  0x0000020093c89000 JavaThread "logback-2" daemon [_thread_blocked, id=29296, stack(0x0000002298500000,0x0000002298600000)]
  0x000002009423b800 JavaThread "logback-3" daemon [_thread_blocked, id=21992, stack(0x0000002298600000,0x0000002298700000)]
  0x0000020093c85000 JavaThread "com.alibaba.nacos.client.identify.watcher.0" daemon [_thread_blocked, id=41436, stack(0x0000002298400000,0x0000002298500000)]
  0x000002009427e000 JavaThread "com.alibaba.nacos.client.Worker" daemon [_thread_blocked, id=53592, stack(0x0000002298700000,0x0000002298800000)]
  0x00000200942b0800 JavaThread "logback-4" daemon [_thread_blocked, id=42652, stack(0x0000002298800000,0x0000002298900000)]
  0x00000200942ac800 JavaThread "logback-5" daemon [_thread_blocked, id=41412, stack(0x0000002298900000,0x0000002298a00000)]
  0x00000200942b2800 JavaThread "nacos.publisher-com.alibaba.nacos.common.notify.SlowEvent" daemon [_thread_blocked, id=30808, stack(0x0000002298a00000,0x0000002298b00000)]
  0x00000200942b1800 JavaThread "com.alibaba.nacos.client.remote.worker" daemon [_thread_blocked, id=49956, stack(0x0000002298b00000,0x0000002298c00000)]
  0x00000200942b3000 JavaThread "com.alibaba.nacos.client.remote.worker" daemon [_thread_blocked, id=21112, stack(0x0000002298c00000,0x0000002298d00000)]
  0x00000200942b0000 JavaThread "grpc-nio-worker-ELG-1-1" daemon [_thread_in_native, id=27548, stack(0x0000002298d00000,0x0000002298e00000)]
  0x00000200942ae800 JavaThread "grpc-nio-worker-ELG-1-2" daemon [_thread_in_native, id=51816, stack(0x0000002298f00000,0x0000002299000000)]
  0x000002009600e800 JavaThread "fileListener_3_1" daemon [_thread_blocked, id=6268, stack(0x000000229a100000,0x000000229a200000)]
  0x0000020096012800 JavaThread "timeoutChecker_1_1" daemon [_thread_blocked, id=53964, stack(0x000000229a200000,0x000000229a300000)]
  0x000002009600f800 JavaThread "nacos.publisher-com.alibaba.nacos.client.naming.event.InstancesChangeEvent" daemon [_thread_blocked, id=7576, stack(0x000000229a300000,0x000000229a400000)]
  0x0000020096011000 JavaThread "com.alibaba.nacos.naming.failover" daemon [_thread_blocked, id=30584, stack(0x000000229a400000,0x000000229a500000)]
  0x000002009694f800 JavaThread "com.alibaba.nacos.client.naming.security" daemon [_thread_blocked, id=652, stack(0x000000229a500000,0x000000229a600000)]
  0x0000020096951800 JavaThread "com.alibaba.nacos.naming.push.receiver" daemon [_thread_in_native, id=19260, stack(0x000000229a600000,0x000000229a700000)]
  0x0000020096956000 JavaThread "com.alibaba.nacos.client.naming.grpc.redo.0" daemon [_thread_blocked, id=40276, stack(0x000000229a700000,0x000000229a800000)]
  0x0000020096950000 JavaThread "com.alibaba.nacos.client.remote.worker" daemon [_thread_blocked, id=30396, stack(0x000000229a800000,0x000000229a900000)]
  0x0000020096956800 JavaThread "com.alibaba.nacos.client.remote.worker" daemon [_thread_blocked, id=31396, stack(0x000000229a900000,0x000000229aa00000)]
  0x0000020096955000 JavaThread "grpc-nio-worker-ELG-1-3" daemon [_thread_in_native, id=240, stack(0x000000229aa00000,0x000000229ab00000)]
  0x0000020096952800 JavaThread "grpc-nio-worker-ELG-1-4" daemon [_thread_in_native, id=42984, stack(0x000000229ab00000,0x000000229ac00000)]
  0x0000020096958800 JavaThread "com.alibaba.nacos.client.naming.updater.0" daemon [_thread_blocked, id=24596, stack(0x000000229af00000,0x000000229b000000)]
  0x000002009695c800 JavaThread "NettyClientSelector_TMROLE_1_1" daemon [_thread_in_native, id=724, stack(0x000000229b200000,0x000000229b300000)]
  0x000002009695d000 JavaThread "AsyncWorker_1_1_2" daemon [_thread_blocked, id=29924, stack(0x000000229b300000,0x000000229b400000)]
  0x000002009695a800 JavaThread "xaTwoPhaseTimeoutChecker_1_1" daemon [_thread_blocked, id=54096, stack(0x000000229b400000,0x000000229b500000)]
  0x000002009695b800 JavaThread "timeoutChecker_2_1" daemon [_thread_blocked, id=14080, stack(0x000000229b500000,0x000000229b600000)]
  0x000002009695e000 JavaThread "rpcMergeMessageSend_RMROLE_1_1" daemon [_thread_blocked, id=32876, stack(0x000000229b600000,0x000000229b700000)]
  0x000002009695a000 JavaThread "AsyncWorker_1_2_2" daemon [_thread_blocked, id=34676, stack(0x000000229b700000,0x000000229b800000)]
  0x0000020096b2a800 JavaThread "com.alibaba.nacos.client.naming.updater.1" daemon [_thread_blocked, id=17916, stack(0x000000229bb00000,0x000000229bc00000)]
  0x0000020096b2b000 JavaThread "Catalina-utility-1" [_thread_blocked, id=19772, stack(0x000000229bc00000,0x000000229bd00000)]
  0x0000020096b2c800 JavaThread "Catalina-utility-2" [_thread_blocked, id=35632, stack(0x000000229bd00000,0x000000229be00000)]
  0x0000020096b29800 JavaThread "container-0" [_thread_blocked, id=33400, stack(0x000000229be00000,0x000000229bf00000)]
  0x0000020096b2e800 JavaThread "mysql-cj-abandoned-connection-cleanup" daemon [_thread_blocked, id=5132, stack(0x000000229bf00000,0x000000229c000000)]
  0x0000020096b28800 JavaThread "HikariPool-1 housekeeper" daemon [_thread_blocked, id=36840, stack(0x000000229c000000,0x000000229c100000)]
  0x0000020096b35000 JavaThread "NettyClientSelector_RMROLE_1_1" daemon [_thread_in_native, id=50148, stack(0x000000229c100000,0x000000229c200000)]
  0x0000020096b32800 JavaThread "tableMetaChecker_1_1" daemon [_thread_blocked, id=47432, stack(0x000000229c200000,0x000000229c300000)]
  0x0000020096b30000 JavaThread "spring.cloud.inetutils" daemon [_thread_blocked, id=9436, stack(0x000000229c500000,0x000000229c600000)]
  0x0000020096b2f000 JavaThread "fenceLogCleanThread_1_1" daemon [_thread_blocked, id=19856, stack(0x000000229c600000,0x000000229c700000)]
  0x0000020096b31000 JavaThread "com.alibaba.nacos.naming.failover" daemon [_thread_blocked, id=43256, stack(0x000000229c700000,0x000000229c800000)]
  0x0000020096b34000 JavaThread "com.alibaba.nacos.client.naming.security" daemon [_thread_blocked, id=29068, stack(0x000000229c800000,0x000000229c900000)]
  0x0000020096b35800 JavaThread "com.alibaba.nacos.naming.push.receiver" daemon [_thread_in_native, id=45456, stack(0x000000229c900000,0x000000229ca00000)]
  0x0000020096b36800 JavaThread "com.alibaba.nacos.client.naming.grpc.redo.0" daemon [_thread_blocked, id=14364, stack(0x000000229ca00000,0x000000229cb00000)]
  0x0000020096b37800 JavaThread "com.alibaba.nacos.client.remote.worker" daemon [_thread_blocked, id=34680, stack(0x000000229cb00000,0x000000229cc00000)]
  0x0000020096b31800 JavaThread "com.alibaba.nacos.client.remote.worker" daemon [_thread_blocked, id=42132, stack(0x000000229cc00000,0x000000229cd00000)]
  0x000002009f12f000 JavaThread "grpc-nio-worker-ELG-1-5" daemon [_thread_in_native, id=13572, stack(0x000000229cd00000,0x000000229ce00000)]
  0x000002009f131800 JavaThread "grpc-nio-worker-ELG-1-6" daemon [_thread_in_native, id=49332, stack(0x000000229ce00000,0x000000229cf00000)]
  0x000002009f133000 JavaThread "com.alibaba.nacos.client.naming.updater.0" daemon [_thread_blocked, id=37900, stack(0x000000229d200000,0x000000229d300000)]
  0x000002009f134000 JavaThread "Nacos-Watch-Task-Scheduler-1" [_thread_blocked, id=35380, stack(0x000000229d400000,0x000000229d500000)]
  0x000002009f12e000 JavaThread "http-nio-8085-exec-1" daemon [_thread_blocked, id=40704, stack(0x000000229d500000,0x000000229d600000)]
  0x000002009f138800 JavaThread "http-nio-8085-exec-2" daemon [_thread_blocked, id=37988, stack(0x000000229d600000,0x000000229d700000)]
  0x000002009f139800 JavaThread "http-nio-8085-exec-3" daemon [_thread_blocked, id=18984, stack(0x000000229d700000,0x000000229d800000)]
  0x000002009f13a800 JavaThread "http-nio-8085-exec-4" daemon [_thread_blocked, id=14620, stack(0x000000229d800000,0x000000229d900000)]
  0x000002009f134800 JavaThread "http-nio-8085-exec-5" daemon [_thread_blocked, id=17296, stack(0x000000229d900000,0x000000229da00000)]
  0x000002009f136800 JavaThread "http-nio-8085-exec-6" daemon [_thread_blocked, id=44688, stack(0x000000229da00000,0x000000229db00000)]
  0x000002009f137000 JavaThread "http-nio-8085-exec-7" daemon [_thread_blocked, id=51660, stack(0x000000229db00000,0x000000229dc00000)]
  0x000002009f13b000 JavaThread "http-nio-8085-exec-8" daemon [_thread_blocked, id=30828, stack(0x000000229dc00000,0x000000229dd00000)]
  0x000002009f135800 JavaThread "http-nio-8085-exec-9" daemon [_thread_blocked, id=45540, stack(0x000000229dd00000,0x000000229de00000)]
  0x000002009f13c000 JavaThread "http-nio-8085-exec-10" daemon [_thread_blocked, id=43436, stack(0x000000229de00000,0x000000229df00000)]
  0x000002009f138000 JavaThread "http-nio-8085-Poller" daemon [_thread_in_native, id=11464, stack(0x000000229df00000,0x000000229e000000)]
  0x000002009f175000 JavaThread "http-nio-8085-Acceptor" daemon [_thread_in_native, id=4620, stack(0x000000229e000000,0x000000229e100000)]
  0x000002009f179000 JavaThread "DestroyJavaVM" [_thread_blocked, id=13592, stack(0x0000002296600000,0x0000002296700000)]
  0x000002009f17c800 JavaThread "com.alibaba.nacos.client.naming.updater.1" daemon [_thread_blocked, id=31256, stack(0x000000229ec00000,0x000000229ed00000)]
  0x000002009f17a000 JavaThread "sentinel-heartbeat-send-task-thread-1" daemon [_thread_blocked, id=15792, stack(0x0000002299800000,0x0000002299900000)]
  0x000002009f17a800 JavaThread "sentinel-time-tick-thread" daemon [_thread_blocked, id=27728, stack(0x0000002299900000,0x0000002299a00000)]
  0x000002009f177800 JavaThread "sentinel-system-status-record-task-thread-1" daemon [_thread_blocked, id=41452, stack(0x0000002299a00000,0x0000002299b00000)]
  0x000002009f176800 JavaThread "sentinel-metrics-record-task-thread-1" daemon [_thread_blocked, id=40400, stack(0x0000002299b00000,0x0000002299c00000)]
  0x000002009f181000 JavaThread "boundedElastic-evictor-1" daemon [_thread_blocked, id=29092, stack(0x0000002299d00000,0x0000002299e00000)]
  0x000002009f182000 JavaThread "sentinel-command-center-executor-thread-1" daemon [_thread_in_native, id=27360, stack(0x0000002299e00000,0x0000002299f00000)]
  0x0000020096007000 JavaThread "com.alibaba.nacos.client.naming.updater.2" daemon [_thread_blocked, id=10672, stack(0x0000002299f00000,0x000000229a000000)]
  0x0000020096009000 JavaThread "ForkJoinPool.commonPool-worker-19" daemon [_thread_blocked, id=35716, stack(0x000000229ad00000,0x000000229ae00000)]
  0x0000020096005800 JavaThread "com.alibaba.nacos.client.naming.updater.3" daemon [_thread_blocked, id=41120, stack(0x000000229ba00000,0x000000229bb00000)]
  0x000002009600c000 JavaThread "System Clock" daemon [_thread_blocked, id=31948, stack(0x000000229c300000,0x000000229c400000)]
  0x000002009600d000 JavaThread "sentinel-heartbeat-send-task-thread-2" daemon [_thread_blocked, id=20900, stack(0x0000002296400000,0x0000002296500000)]
  0x000002009600d800 JavaThread "logback-7" daemon [_thread_blocked, id=51596, stack(0x0000002296500000,0x0000002296600000)]
  0x0000020096953800 JavaThread "logback-8" daemon [_thread_blocked, id=3028, stack(0x0000002298e00000,0x0000002298f00000)]
  0x0000020096951000 JavaThread "logback-9" daemon [_thread_blocked, id=32328, stack(0x0000002299200000,0x0000002299300000)]
  0x0000020096957800 JavaThread "logback-10" daemon [_thread_blocked, id=39276, stack(0x0000002299700000,0x0000002299800000)]
  0x0000020096959000 JavaThread "logback-11" daemon [_thread_blocked, id=21824, stack(0x000000229cf00000,0x000000229d000000)]
  0x0000020096954000 JavaThread "logback-12" daemon [_thread_blocked, id=16088, stack(0x000000229d000000,0x000000229d100000)]
  0x000002009f132000 JavaThread "logback-13" daemon [_thread_blocked, id=33952, stack(0x000000229d100000,0x000000229d200000)]
  0x000002009f12d800 JavaThread "logback-14" daemon [_thread_blocked, id=15920, stack(0x000000229d300000,0x000000229d400000)]
  0x000002009f130800 JavaThread "logback-6" daemon [_thread_blocked, id=34012, stack(0x000000229e400000,0x000000229e500000)]
  0x0000020096b2c000 JavaThread "logback-15" daemon [_thread_blocked, id=32664, stack(0x000000229e500000,0x000000229e600000)]
  0x0000020096b33000 JavaThread "logback-18" daemon [_thread_blocked, id=16956, stack(0x000000229e600000,0x000000229e700000)]
  0x0000020096b2d800 JavaThread "logback-17" daemon [_thread_blocked, id=49256, stack(0x000000229e700000,0x000000229e800000)]
  0x000002009f17b800 JavaThread "logback-20" daemon [_thread_blocked, id=27520, stack(0x000000229e800000,0x000000229e900000)]
  0x000002009f17d000 JavaThread "logback-16" daemon [_thread_blocked, id=46548, stack(0x000000229eb00000,0x000000229ec00000)]
  0x00000200942af000 JavaThread "logback-22" daemon [_thread_blocked, id=45832, stack(0x000000229ee00000,0x000000229ef00000)]
  0x00000200942ad800 JavaThread "logback-21" daemon [_thread_blocked, id=34552, stack(0x000000229ef00000,0x000000229f000000)]
  0x000002009f2b5000 JavaThread "logback-19" daemon [_thread_blocked, id=53616, stack(0x000000229f000000,0x000000229f100000)]
  0x000002009f2b9000 JavaThread "logback-25" daemon [_thread_blocked, id=8508, stack(0x000000229f100000,0x000000229f200000)]
  0x000002009f2b6800 JavaThread "logback-24" daemon [_thread_blocked, id=36616, stack(0x000000229f200000,0x000000229f300000)]
  0x000002009f2b5800 JavaThread "logback-23" daemon [_thread_blocked, id=46716, stack(0x000000229f300000,0x000000229f400000)]
  0x000002009f2b7800 JavaThread "logback-27" daemon [_thread_blocked, id=41688, stack(0x000000229f400000,0x000000229f500000)]
  0x000002009f2ba000 JavaThread "logback-26" daemon [_thread_blocked, id=51812, stack(0x000000229f500000,0x000000229f600000)]
  0x000002009f2b8000 JavaThread "logback-31" daemon [_thread_blocked, id=19724, stack(0x000000229f600000,0x000000229f700000)]
  0x000002009f2b4000 JavaThread "logback-32" daemon [_thread_blocked, id=36064, stack(0x0000002299100000,0x0000002299200000)]
  0x000002009f2c0800 JavaThread "logback-33" daemon [_thread_blocked, id=46476, stack(0x000000229b100000,0x000000229b200000)]
  0x000002009f2be800 JavaThread "logback-30" daemon [_thread_blocked, id=32152, stack(0x000000229f700000,0x000000229f800000)]
  0x000002009f2ba800 JavaThread "logback-29" daemon [_thread_blocked, id=13792, stack(0x000000229f800000,0x000000229f900000)]
  0x000002009f2bd000 JavaThread "logback-28" daemon [_thread_blocked, id=41728, stack(0x000000229f900000,0x000000229fa00000)]
  0x000002009f2bb800 JavaThread "logback-37" daemon [_thread_blocked, id=47400, stack(0x000000229fa00000,0x000000229fb00000)]
  0x000002009f2be000 JavaThread "logback-36" daemon [_thread_blocked, id=24716, stack(0x000000229fb00000,0x000000229fc00000)]
  0x000002009f2c1000 JavaThread "logback-35" daemon [_thread_blocked, id=30340, stack(0x000000229fc00000,0x000000229fd00000)]
  0x000002009f2c2000 JavaThread "logback-34" daemon [_thread_blocked, id=41896, stack(0x000000229fd00000,0x000000229fe00000)]
  0x000002009f2bf800 JavaThread "logback-38" daemon [_thread_blocked, id=14844, stack(0x000000229fe00000,0x000000229ff00000)]
  0x000002009f2bc800 JavaThread "logback-40" daemon [_thread_blocked, id=50396, stack(0x0000002299500000,0x0000002299600000)]
  0x000002009f2c3000 JavaThread "logback-39" daemon [_thread_blocked, id=24936, stack(0x000000229ff00000,0x00000022a0000000)]
  0x000002009f180800 JavaThread "grpc-nio-worker-ELG-1-7" daemon [_thread_in_native, id=41908, stack(0x00000022a0200000,0x00000022a0300000)]
  0x000002009ea69800 JavaThread "grpc-nio-worker-ELG-1-9" daemon [_thread_in_native, id=45960, stack(0x00000022a0300000,0x00000022a0400000)]
  0x000002009ea6b800 JavaThread "grpc-nio-worker-ELG-1-8" daemon [_thread_in_native, id=44272, stack(0x00000022a0400000,0x00000022a0500000)]
  0x000002009ea6c000 JavaThread "grpc-nio-worker-ELG-1-10" daemon [_thread_in_native, id=49280, stack(0x00000022a0600000,0x00000022a0700000)]
  0x000002009ea6a800 JavaThread "grpc-nio-worker-ELG-1-11" daemon [_thread_in_native, id=19812, stack(0x00000022a0700000,0x00000022a0800000)]
  0x000002009ea68000 JavaThread "grpc-nio-worker-ELG-1-12" daemon [_thread_in_native, id=53276, stack(0x00000022a0800000,0x00000022a0900000)]
  0x000002009ea6f800 JavaThread "grpc-nio-worker-ELG-1-13" daemon [_thread_in_native, id=42272, stack(0x00000022a1300000,0x00000022a1400000)]
  0x000002009ea71000 JavaThread "grpc-nio-worker-ELG-1-15" daemon [_thread_in_native, id=19112, stack(0x00000022a1400000,0x00000022a1500000)]
  0x000002009ea72000 JavaThread "grpc-nio-worker-ELG-1-14" daemon [_thread_in_native, id=28620, stack(0x00000022a1500000,0x00000022a1600000)]
  0x000002009ef04800 JavaThread "grpc-nio-worker-ELG-1-16" daemon [_thread_in_native, id=47116, stack(0x00000022a1600000,0x00000022a1700000)]
  0x000002009ef00800 JavaThread "grpc-nio-worker-ELG-1-17" daemon [_thread_in_native, id=32420, stack(0x00000022a1700000,0x00000022a1800000)]
  0x000002009eeff000 JavaThread "grpc-nio-worker-ELG-1-18" daemon [_thread_in_native, id=26648, stack(0x00000022a1800000,0x00000022a1900000)]
  0x000002009ef06000 JavaThread "com.alibaba.nacos.client.naming.updater.2" daemon [_thread_blocked, id=26360, stack(0x00000022a1d00000,0x00000022a1e00000)]
  0x000002009ef07000 JavaThread "com.alibaba.nacos.client.naming.updater.4" daemon [_thread_blocked, id=48084, stack(0x00000022a1e00000,0x00000022a1f00000)]
  0x000002009ef02000 JavaThread "com.alibaba.nacos.client.naming.updater.5" daemon [_thread_blocked, id=49468, stack(0x00000022a1f00000,0x00000022a2000000)]
  0x00000200abf90800 JavaThread "com.alibaba.nacos.client.naming.updater.6" daemon [_thread_blocked, id=46492, stack(0x00000022a3100000,0x00000022a3200000)]
  0x00000200abf91800 JavaThread "com.alibaba.nacos.client.naming.updater.3" daemon [_thread_blocked, id=29680, stack(0x00000022a3200000,0x00000022a3300000)]
  0x00000200abf8d000 JavaThread "com.alibaba.nacos.client.naming.updater.7" daemon [_thread_blocked, id=36248, stack(0x00000022a3300000,0x00000022a3400000)]
  0x00000200abf9a800 JavaThread "rpcDispatch_RMROLE_1_1_32" daemon [_thread_blocked, id=33100, stack(0x00000022a3c00000,0x00000022a3d00000)]
  0x00000200abf99800 JavaThread "rpcDispatch_RMROLE_1_2_32" daemon [_thread_blocked, id=32700, stack(0x00000022a3d00000,0x00000022a3e00000)]
  0x00000200abf8f000 JavaThread "com.alibaba.nacos.client.naming.updater.4" daemon [_thread_blocked, id=53572, stack(0x0000002299c00000,0x0000002299d00000)]
  0x00000200abf98000 JavaThread "com.alibaba.nacos.client.naming.updater.5" daemon [_thread_blocked, id=10944, stack(0x000000229b000000,0x000000229b100000)]
  0x00000200abf8c800 JavaThread "nacos-grpc-client-executor-68" daemon [_thread_blocked, id=23884, stack(0x0000002299300000,0x0000002299400000)]
  0x00000200abf8f800 JavaThread "nacos-grpc-client-executor-69" daemon [_thread_blocked, id=14424, stack(0x0000002299400000,0x0000002299500000)]
  0x00000200abf8e000 JavaThread "nacos-grpc-client-executor-59" daemon [_thread_blocked, id=50188, stack(0x000000229a000000,0x000000229a100000)]
  0x00000200abf89000 JavaThread "nacos-grpc-client-executor-70" daemon [_thread_blocked, id=5292, stack(0x0000002296300000,0x0000002296400000)]
  0x00000200abf8b800 JavaThread "nacos-grpc-client-executor-69" daemon [_thread_blocked, id=28460, stack(0x0000002297f00000,0x0000002298000000)]
  0x00000200abf8a000 JavaThread "nacos-grpc-client-executor-60" daemon [_thread_blocked, id=18516, stack(0x0000002299600000,0x0000002299700000)]
  0x00000200abf8a800 JavaThread "nacos-grpc-client-executor-71" daemon [_thread_blocked, id=28448, stack(0x000000229ac00000,0x000000229ad00000)]
  0x00000200abf94800 JavaThread "nacos-grpc-client-executor-72" daemon [_thread_blocked, id=48864, stack(0x000000229ae00000,0x000000229af00000)]
  0x00000200abf93000 JavaThread "nacos-grpc-client-executor-61" daemon [_thread_blocked, id=35588, stack(0x000000229b800000,0x000000229b900000)]
  0x00000200abf95800 JavaThread "com.alibaba.nacos.client.naming.updater.6" daemon [_thread_blocked, id=32304, stack(0x000000229e100000,0x000000229e200000)]

Other Threads:
=>0x00000200928a4000 VMThread "VM Thread" [stack: 0x0000002296c00000,0x0000002296d00000] [id=46880]
  0x000002009358a000 WatcherThread [stack: 0x0000002297900000,0x0000002297a00000] [id=39564]
  0x00000200ee91f000 GCTaskThread "GC Thread#0" [stack: 0x0000002296700000,0x0000002296800000] [id=39264]
  0x00000200938af000 GCTaskThread "GC Thread#1" [stack: 0x0000002297a00000,0x0000002297b00000] [id=43812]
  0x00000200938af800 GCTaskThread "GC Thread#2" [stack: 0x0000002297b00000,0x0000002297c00000] [id=49328]
  0x00000200938b0800 GCTaskThread "GC Thread#3" [stack: 0x0000002297c00000,0x0000002297d00000] [id=39236]
  0x00000200938b1000 GCTaskThread "GC Thread#4" [stack: 0x0000002297d00000,0x0000002297e00000] [id=20028]
  0x00000200938b2000 GCTaskThread "GC Thread#5" [stack: 0x0000002297e00000,0x0000002297f00000] [id=41076]
  0x0000020096bab800 GCTaskThread "GC Thread#6" [stack: 0x000000229b900000,0x000000229ba00000] [id=25928]
  0x000002009ed59800 GCTaskThread "GC Thread#7" [stack: 0x000000229c400000,0x000000229c500000] [id=50736]
  0x000002009f199000 GCTaskThread "GC Thread#8" [stack: 0x000000229e200000,0x000000229e300000] [id=32620]
  0x000002009f321800 GCTaskThread "GC Thread#9" [stack: 0x000000229e300000,0x000000229e400000] [id=53736]
  0x00000200ee97d800 ConcurrentGCThread "G1 Main Marker" [stack: 0x0000002296800000,0x0000002296900000] [id=31532]
  0x00000200ee97f800 ConcurrentGCThread "G1 Conc#0" [stack: 0x0000002296900000,0x0000002296a00000] [id=460]
  0x0000020093c6d000 ConcurrentGCThread "G1 Conc#1" [stack: 0x0000002298100000,0x0000002298200000] [id=18532]
  0x0000020093d6e800 ConcurrentGCThread "G1 Conc#2" [stack: 0x0000002298200000,0x0000002298300000] [id=2016]
  0x0000020091665000 ConcurrentGCThread "G1 Refine#0" [stack: 0x0000002296a00000,0x0000002296b00000] [id=31308]
  0x0000020091666000 ConcurrentGCThread "G1 Young RemSet Sampling" [stack: 0x0000002296b00000,0x0000002296c00000] [id=15324]

Threads with active compile tasks:

VM state:at safepoint (normal execution)

VM Mutex/Monitor currently owned by a thread:  ([mutex/lock_event])
[0x00000200ee9055e0] Threads_lock - owner thread: 0x00000200928a4000
[0x00000200ee905af0] Heap_lock - owner thread: 0x000002009695e000

Heap address: 0x0000000704000000, size: 4032 MB, Compressed Oops mode: Zero based, Oop shift amount: 3
Narrow klass base: 0x0000000800000000, Narrow klass shift: 0
Compressed class space size: 1073741824 Address: 0x0000000800000000

Heap:
 garbage-first heap   total 372736K, used 57414K [0x0000000704000000, 0x0000000800000000)
  region size 1024K, 19 young (19456K), 19 survivors (19456K)
 Metaspace       used 89001K, capacity 91704K, committed 92032K, reserved 1128448K
  class space    used 11034K, capacity 12070K, committed 12160K, reserved 1048576K
Heap Regions: E=young(eden), S=young(survivor), O=old, HS=humongous(starts), HC=humongous(continues), CS=collection set, F=free, A=archive, TAMS=top-at-mark-start (previous, next)
|   0|0x0000000704000000, 0x0000000704100000, 0x0000000704100000|100%|HS|  |TAMS 0x0000000704100000, 0x0000000704000000| Complete 
|   1|0x0000000704100000, 0x0000000704200000, 0x0000000704200000|100%| O|  |TAMS 0x0000000704200000, 0x0000000704100000| Untracked 
|   2|0x0000000704200000, 0x0000000704300000, 0x0000000704300000|100%| O|  |TAMS 0x0000000704300000, 0x0000000704200000| Untracked 
|   3|0x0000000704300000, 0x0000000704400000, 0x0000000704400000|100%| O|  |TAMS 0x0000000704400000, 0x0000000704300000| Untracked 
|   4|0x0000000704400000, 0x0000000704500000, 0x0000000704500000|100%| O|  |TAMS 0x0000000704500000, 0x0000000704400000| Untracked 
|   5|0x0000000704500000, 0x0000000704600000, 0x0000000704600000|100%| O|  |TAMS 0x0000000704600000, 0x0000000704500000| Untracked 
|   6|0x0000000704600000, 0x0000000704700000, 0x0000000704700000|100%| O|  |TAMS 0x0000000704700000, 0x0000000704600000| Untracked 
|   7|0x0000000704700000, 0x0000000704800000, 0x0000000704800000|100%| O|  |TAMS 0x0000000704800000, 0x0000000704700000| Untracked 
|   8|0x0000000704800000, 0x0000000704900000, 0x0000000704900000|100%| O|  |TAMS 0x0000000704900000, 0x0000000704800000| Untracked 
|   9|0x0000000704900000, 0x0000000704a00000, 0x0000000704a00000|100%| O|  |TAMS 0x0000000704a00000, 0x0000000704900000| Untracked 
|  10|0x0000000704a00000, 0x0000000704b00000, 0x0000000704b00000|100%| O|  |TAMS 0x0000000704b00000, 0x0000000704a00000| Untracked 
|  11|0x0000000704b00000, 0x0000000704c00000, 0x0000000704c00000|100%| O|  |TAMS 0x0000000704c00000, 0x0000000704b00000| Untracked 
|  12|0x0000000704c00000, 0x0000000704d00000, 0x0000000704d00000|100%| O|  |TAMS 0x0000000704c00000, 0x0000000704c00000| Untracked 
|  13|0x0000000704d00000, 0x0000000704e00000, 0x0000000704e00000|100%| O|  |TAMS 0x0000000704d00000, 0x0000000704d00000| Untracked 
|  14|0x0000000704e00000, 0x0000000704f00000, 0x0000000704f00000|100%| O|  |TAMS 0x0000000704e00000, 0x0000000704e00000| Untracked 
|  15|0x0000000704f00000, 0x0000000705000000, 0x0000000705000000|100%| O|  |TAMS 0x0000000704f00000, 0x0000000704f00000| Untracked 
|  16|0x0000000705000000, 0x0000000705100000, 0x0000000705100000|100%| O|  |TAMS 0x0000000705100000, 0x0000000705000000| Untracked 
|  17|0x0000000705100000, 0x0000000705200000, 0x0000000705200000|100%| O|  |TAMS 0x0000000705200000, 0x0000000705100000| Untracked 
|  18|0x0000000705200000, 0x0000000705300000, 0x0000000705300000|100%| O|  |TAMS 0x0000000705300000, 0x0000000705200000| Untracked 
|  19|0x0000000705300000, 0x0000000705400000, 0x0000000705400000|100%| O|  |TAMS 0x0000000705400000, 0x0000000705300000| Untracked 
|  20|0x0000000705400000, 0x0000000705500000, 0x0000000705500000|100%| O|  |TAMS 0x0000000705500000, 0x0000000705400000| Untracked 
|  21|0x0000000705500000, 0x0000000705600000, 0x0000000705600000|100%| O|  |TAMS 0x0000000705600000, 0x0000000705500000| Untracked 
|  22|0x0000000705600000, 0x0000000705700000, 0x0000000705700000|100%| O|  |TAMS 0x0000000705700000, 0x0000000705600000| Untracked 
|  23|0x0000000705700000, 0x0000000705800000, 0x0000000705800000|100%| O|  |TAMS 0x0000000705800000, 0x0000000705700000| Untracked 
|  24|0x0000000705800000, 0x0000000705900000, 0x0000000705900000|100%| O|  |TAMS 0x0000000705900000, 0x0000000705800000| Untracked 
|  25|0x0000000705900000, 0x0000000705a00000, 0x0000000705a00000|100%| O|  |TAMS 0x0000000705a00000, 0x0000000705900000| Untracked 
|  26|0x0000000705a00000, 0x0000000705b00000, 0x0000000705b00000|100%| O|  |TAMS 0x0000000705a4d000, 0x0000000705a00000| Untracked 
|  27|0x0000000705b00000, 0x0000000705c00000, 0x0000000705c00000|100%| O|  |TAMS 0x0000000705b00000, 0x0000000705b00000| Untracked 
|  28|0x0000000705c00000, 0x0000000705d00000, 0x0000000705d00000|100%| O|  |TAMS 0x0000000705c00000, 0x0000000705c00000| Untracked 
|  29|0x0000000705d00000, 0x0000000705e00000, 0x0000000705e00000|100%| O|  |TAMS 0x0000000705d00000, 0x0000000705d00000| Untracked 
|  30|0x0000000705e00000, 0x0000000705f00000, 0x0000000705f00000|100%| O|  |TAMS 0x0000000705e00000, 0x0000000705e00000| Untracked 
|  31|0x0000000705f00000, 0x0000000706000000, 0x0000000706000000|100%| O|  |TAMS 0x0000000705f00000, 0x0000000705f00000| Untracked 
|  32|0x0000000706000000, 0x0000000706100000, 0x0000000706100000|100%| O|  |TAMS 0x0000000706000000, 0x0000000706000000| Untracked 
|  33|0x0000000706100000, 0x0000000706200000, 0x0000000706200000|100%| O|  |TAMS 0x0000000706100000, 0x0000000706100000| Untracked 
|  34|0x0000000706200000, 0x0000000706300000, 0x0000000706300000|100%| O|  |TAMS 0x0000000706200000, 0x0000000706200000| Untracked 
|  35|0x0000000706300000, 0x0000000706400000, 0x0000000706400000|100%| O|  |TAMS 0x0000000706300000, 0x0000000706300000| Untracked 
|  36|0x0000000706400000, 0x0000000706500000, 0x0000000706500000|100%| O|  |TAMS 0x0000000706400000, 0x0000000706400000| Untracked 
|  37|0x0000000706500000, 0x000000070657a600, 0x0000000706600000| 47%| O|  |TAMS 0x0000000706500000, 0x0000000706500000| Untracked 
|  38|0x0000000706600000, 0x0000000706600000, 0x0000000706700000|  0%| F|  |TAMS 0x0000000706600000, 0x0000000706600000| Untracked 
|  39|0x0000000706700000, 0x0000000706700000, 0x0000000706800000|  0%| F|  |TAMS 0x0000000706700000, 0x0000000706700000| Untracked 
|  40|0x0000000706800000, 0x0000000706800000, 0x0000000706900000|  0%| F|  |TAMS 0x0000000706800000, 0x0000000706800000| Untracked 
|  41|0x0000000706900000, 0x0000000706900000, 0x0000000706a00000|  0%| F|  |TAMS 0x0000000706900000, 0x0000000706900000| Untracked 
|  42|0x0000000706a00000, 0x0000000706a00000, 0x0000000706b00000|  0%| F|  |TAMS 0x0000000706a00000, 0x0000000706a00000| Untracked 
|  43|0x0000000706b00000, 0x0000000706b00000, 0x0000000706c00000|  0%| F|  |TAMS 0x0000000706b00000, 0x0000000706b00000| Untracked 
|  44|0x0000000706c00000, 0x0000000706c00000, 0x0000000706d00000|  0%| F|  |TAMS 0x0000000706c00000, 0x0000000706c00000| Untracked 
|  45|0x0000000706d00000, 0x0000000706d00000, 0x0000000706e00000|  0%| F|  |TAMS 0x0000000706d00000, 0x0000000706d00000| Untracked 
|  46|0x0000000706e00000, 0x0000000706e00000, 0x0000000706f00000|  0%| F|  |TAMS 0x0000000706e00000, 0x0000000706e00000| Untracked 
|  47|0x0000000706f00000, 0x0000000706f00000, 0x0000000707000000|  0%| F|  |TAMS 0x0000000706f00000, 0x0000000706f00000| Untracked 
|  48|0x0000000707000000, 0x0000000707000000, 0x0000000707100000|  0%| F|  |TAMS 0x0000000707000000, 0x0000000707000000| Untracked 
|  49|0x0000000707100000, 0x0000000707100000, 0x0000000707200000|  0%| F|  |TAMS 0x0000000707100000, 0x0000000707100000| Untracked 
|  50|0x0000000707200000, 0x0000000707200000, 0x0000000707300000|  0%| F|  |TAMS 0x0000000707200000, 0x0000000707200000| Untracked 
|  51|0x0000000707300000, 0x0000000707300000, 0x0000000707400000|  0%| F|  |TAMS 0x0000000707300000, 0x0000000707300000| Untracked 
|  52|0x0000000707400000, 0x0000000707400000, 0x0000000707500000|  0%| F|  |TAMS 0x0000000707400000, 0x0000000707400000| Untracked 
|  53|0x0000000707500000, 0x0000000707500000, 0x0000000707600000|  0%| F|  |TAMS 0x0000000707500000, 0x0000000707500000| Untracked 
|  54|0x0000000707600000, 0x0000000707600000, 0x0000000707700000|  0%| F|  |TAMS 0x0000000707600000, 0x0000000707600000| Untracked 
|  55|0x0000000707700000, 0x0000000707700000, 0x0000000707800000|  0%| F|  |TAMS 0x0000000707700000, 0x0000000707700000| Untracked 
|  56|0x0000000707800000, 0x0000000707800000, 0x0000000707900000|  0%| F|  |TAMS 0x0000000707800000, 0x0000000707800000| Untracked 
|  57|0x0000000707900000, 0x0000000707900000, 0x0000000707a00000|  0%| F|  |TAMS 0x0000000707900000, 0x0000000707900000| Untracked 
|  58|0x0000000707a00000, 0x0000000707a00000, 0x0000000707b00000|  0%| F|  |TAMS 0x0000000707a00000, 0x0000000707a00000| Untracked 
|  59|0x0000000707b00000, 0x0000000707b00000, 0x0000000707c00000|  0%| F|  |TAMS 0x0000000707b00000, 0x0000000707b00000| Untracked 
|  60|0x0000000707c00000, 0x0000000707c00000, 0x0000000707d00000|  0%| F|  |TAMS 0x0000000707c00000, 0x0000000707c00000| Untracked 
|  61|0x0000000707d00000, 0x0000000707d00000, 0x0000000707e00000|  0%| F|  |TAMS 0x0000000707d00000, 0x0000000707d00000| Untracked 
|  62|0x0000000707e00000, 0x0000000707e00000, 0x0000000707f00000|  0%| F|  |TAMS 0x0000000707e00000, 0x0000000707e00000| Untracked 
|  63|0x0000000707f00000, 0x0000000707f00000, 0x0000000708000000|  0%| F|  |TAMS 0x0000000707f00000, 0x0000000707f00000| Untracked 
|  64|0x0000000708000000, 0x0000000708000000, 0x0000000708100000|  0%| F|  |TAMS 0x0000000708000000, 0x0000000708000000| Untracked 
|  65|0x0000000708100000, 0x0000000708100000, 0x0000000708200000|  0%| F|  |TAMS 0x0000000708100000, 0x0000000708100000| Untracked 
|  66|0x0000000708200000, 0x0000000708200000, 0x0000000708300000|  0%| F|  |TAMS 0x0000000708200000, 0x0000000708200000| Untracked 
|  67|0x0000000708300000, 0x0000000708300000, 0x0000000708400000|  0%| F|  |TAMS 0x0000000708300000, 0x0000000708300000| Untracked 
|  68|0x0000000708400000, 0x0000000708400000, 0x0000000708500000|  0%| F|  |TAMS 0x0000000708400000, 0x0000000708400000| Untracked 
|  69|0x0000000708500000, 0x0000000708500000, 0x0000000708600000|  0%| F|  |TAMS 0x0000000708500000, 0x0000000708500000| Untracked 
|  70|0x0000000708600000, 0x0000000708600000, 0x0000000708700000|  0%| F|  |TAMS 0x0000000708600000, 0x0000000708600000| Untracked 
|  71|0x0000000708700000, 0x0000000708700000, 0x0000000708800000|  0%| F|  |TAMS 0x0000000708700000, 0x0000000708700000| Untracked 
|  72|0x0000000708800000, 0x0000000708800000, 0x0000000708900000|  0%| F|  |TAMS 0x0000000708800000, 0x0000000708800000| Untracked 
|  73|0x0000000708900000, 0x0000000708900000, 0x0000000708a00000|  0%| F|  |TAMS 0x0000000708900000, 0x0000000708900000| Untracked 
|  74|0x0000000708a00000, 0x0000000708a00000, 0x0000000708b00000|  0%| F|  |TAMS 0x0000000708a00000, 0x0000000708a00000| Untracked 
|  75|0x0000000708b00000, 0x0000000708b00000, 0x0000000708c00000|  0%| F|  |TAMS 0x0000000708b00000, 0x0000000708b00000| Untracked 
|  76|0x0000000708c00000, 0x0000000708c00000, 0x0000000708d00000|  0%| F|  |TAMS 0x0000000708c00000, 0x0000000708c00000| Untracked 
|  77|0x0000000708d00000, 0x0000000708d00000, 0x0000000708e00000|  0%| F|  |TAMS 0x0000000708d00000, 0x0000000708d00000| Untracked 
|  78|0x0000000708e00000, 0x0000000708e00000, 0x0000000708f00000|  0%| F|  |TAMS 0x0000000708e00000, 0x0000000708e00000| Untracked 
|  79|0x0000000708f00000, 0x0000000708f00000, 0x0000000709000000|  0%| F|  |TAMS 0x0000000708f00000, 0x0000000708f00000| Untracked 
|  80|0x0000000709000000, 0x0000000709000000, 0x0000000709100000|  0%| F|  |TAMS 0x0000000709000000, 0x0000000709000000| Untracked 
|  81|0x0000000709100000, 0x0000000709100000, 0x0000000709200000|  0%| F|  |TAMS 0x0000000709100000, 0x0000000709100000| Untracked 
|  82|0x0000000709200000, 0x0000000709200000, 0x0000000709300000|  0%| F|  |TAMS 0x0000000709200000, 0x0000000709200000| Untracked 
|  83|0x0000000709300000, 0x0000000709300000, 0x0000000709400000|  0%| F|  |TAMS 0x0000000709300000, 0x0000000709300000| Untracked 
|  84|0x0000000709400000, 0x0000000709400000, 0x0000000709500000|  0%| F|  |TAMS 0x0000000709400000, 0x0000000709400000| Untracked 
|  85|0x0000000709500000, 0x0000000709500000, 0x0000000709600000|  0%| F|  |TAMS 0x0000000709500000, 0x0000000709500000| Untracked 
|  86|0x0000000709600000, 0x0000000709600000, 0x0000000709700000|  0%| F|  |TAMS 0x0000000709600000, 0x0000000709600000| Untracked 
|  87|0x0000000709700000, 0x0000000709700000, 0x0000000709800000|  0%| F|  |TAMS 0x0000000709700000, 0x0000000709700000| Untracked 
|  88|0x0000000709800000, 0x0000000709800000, 0x0000000709900000|  0%| F|  |TAMS 0x0000000709800000, 0x0000000709800000| Untracked 
|  89|0x0000000709900000, 0x0000000709900000, 0x0000000709a00000|  0%| F|  |TAMS 0x0000000709900000, 0x0000000709900000| Untracked 
|  90|0x0000000709a00000, 0x0000000709a00000, 0x0000000709b00000|  0%| F|  |TAMS 0x0000000709a00000, 0x0000000709a00000| Untracked 
|  91|0x0000000709b00000, 0x0000000709b00000, 0x0000000709c00000|  0%| F|  |TAMS 0x0000000709b00000, 0x0000000709b00000| Untracked 
|  92|0x0000000709c00000, 0x0000000709c00000, 0x0000000709d00000|  0%| F|  |TAMS 0x0000000709c00000, 0x0000000709c00000| Untracked 
|  93|0x0000000709d00000, 0x0000000709d00000, 0x0000000709e00000|  0%| F|  |TAMS 0x0000000709d00000, 0x0000000709d00000| Untracked 
|  94|0x0000000709e00000, 0x0000000709e00000, 0x0000000709f00000|  0%| F|  |TAMS 0x0000000709e00000, 0x0000000709e00000| Untracked 
|  95|0x0000000709f00000, 0x0000000709f00000, 0x000000070a000000|  0%| F|  |TAMS 0x0000000709f00000, 0x0000000709f00000| Untracked 
|  96|0x000000070a000000, 0x000000070a000000, 0x000000070a100000|  0%| F|  |TAMS 0x000000070a000000, 0x000000070a000000| Untracked 
|  97|0x000000070a100000, 0x000000070a100000, 0x000000070a200000|  0%| F|  |TAMS 0x000000070a100000, 0x000000070a100000| Untracked 
|  98|0x000000070a200000, 0x000000070a200000, 0x000000070a300000|  0%| F|  |TAMS 0x000000070a200000, 0x000000070a200000| Untracked 
|  99|0x000000070a300000, 0x000000070a300000, 0x000000070a400000|  0%| F|  |TAMS 0x000000070a300000, 0x000000070a300000| Untracked 
| 100|0x000000070a400000, 0x000000070a400000, 0x000000070a500000|  0%| F|  |TAMS 0x000000070a400000, 0x000000070a400000| Untracked 
| 101|0x000000070a500000, 0x000000070a500000, 0x000000070a600000|  0%| F|  |TAMS 0x000000070a500000, 0x000000070a500000| Untracked 
| 102|0x000000070a600000, 0x000000070a600000, 0x000000070a700000|  0%| F|  |TAMS 0x000000070a600000, 0x000000070a600000| Untracked 
| 103|0x000000070a700000, 0x000000070a7974a0, 0x000000070a800000| 59%| S|CS|TAMS 0x000000070a700000, 0x000000070a700000| Complete 
| 104|0x000000070a800000, 0x000000070a900000, 0x000000070a900000|100%| S|CS|TAMS 0x000000070a800000, 0x000000070a800000| Complete 
| 105|0x000000070a900000, 0x000000070aa00000, 0x000000070aa00000|100%| S|CS|TAMS 0x000000070a900000, 0x000000070a900000| Complete 
| 106|0x000000070aa00000, 0x000000070ab00000, 0x000000070ab00000|100%| S|CS|TAMS 0x000000070aa00000, 0x000000070aa00000| Complete 
| 107|0x000000070ab00000, 0x000000070ac00000, 0x000000070ac00000|100%| S|CS|TAMS 0x000000070ab00000, 0x000000070ab00000| Complete 
| 108|0x000000070ac00000, 0x000000070ad00000, 0x000000070ad00000|100%| S|CS|TAMS 0x000000070ac00000, 0x000000070ac00000| Complete 
| 109|0x000000070ad00000, 0x000000070ae00000, 0x000000070ae00000|100%| S|CS|TAMS 0x000000070ad00000, 0x000000070ad00000| Complete 
| 110|0x000000070ae00000, 0x000000070af00000, 0x000000070af00000|100%| S|CS|TAMS 0x000000070ae00000, 0x000000070ae00000| Complete 
| 111|0x000000070af00000, 0x000000070b000000, 0x000000070b000000|100%| S|CS|TAMS 0x000000070af00000, 0x000000070af00000| Complete 
| 112|0x000000070b000000, 0x000000070b100000, 0x000000070b100000|100%| S|CS|TAMS 0x000000070b000000, 0x000000070b000000| Complete 
| 113|0x000000070b100000, 0x000000070b200000, 0x000000070b200000|100%| S|CS|TAMS 0x000000070b100000, 0x000000070b100000| Complete 
| 114|0x000000070b200000, 0x000000070b300000, 0x000000070b300000|100%| S|CS|TAMS 0x000000070b200000, 0x000000070b200000| Complete 
| 115|0x000000070b300000, 0x000000070b400000, 0x000000070b400000|100%| S|CS|TAMS 0x000000070b300000, 0x000000070b300000| Complete 
| 116|0x000000070b400000, 0x000000070b500000, 0x000000070b500000|100%| S|CS|TAMS 0x000000070b400000, 0x000000070b400000| Complete 
| 117|0x000000070b500000, 0x000000070b600000, 0x000000070b600000|100%| S|CS|TAMS 0x000000070b500000, 0x000000070b500000| Complete 
| 118|0x000000070b600000, 0x000000070b700000, 0x000000070b700000|100%| S|CS|TAMS 0x000000070b600000, 0x000000070b600000| Complete 
| 119|0x000000070b700000, 0x000000070b800000, 0x000000070b800000|100%| S|CS|TAMS 0x000000070b700000, 0x000000070b700000| Complete 
| 120|0x000000070b800000, 0x000000070b900000, 0x000000070b900000|100%| S|CS|TAMS 0x000000070b800000, 0x000000070b800000| Complete 
| 121|0x000000070b900000, 0x000000070ba00000, 0x000000070ba00000|100%| S|CS|TAMS 0x000000070b900000, 0x000000070b900000| Complete 
| 122|0x000000070ba00000, 0x000000070ba00000, 0x000000070bb00000|  0%| F|  |TAMS 0x000000070ba00000, 0x000000070ba00000| Untracked 
| 123|0x000000070bb00000, 0x000000070bb00000, 0x000000070bc00000|  0%| F|  |TAMS 0x000000070bb00000, 0x000000070bb00000| Untracked 
| 124|0x000000070bc00000, 0x000000070bc00000, 0x000000070bd00000|  0%| F|  |TAMS 0x000000070bc00000, 0x000000070bc00000| Untracked 
| 125|0x000000070bd00000, 0x000000070bd00000, 0x000000070be00000|  0%| F|  |TAMS 0x000000070bd00000, 0x000000070bd00000| Untracked 
| 126|0x000000070be00000, 0x000000070be00000, 0x000000070bf00000|  0%| F|  |TAMS 0x000000070be00000, 0x000000070be00000| Untracked 
| 127|0x000000070bf00000, 0x000000070bf00000, 0x000000070c000000|  0%| F|  |TAMS 0x000000070bf00000, 0x000000070bf00000| Untracked 
| 128|0x000000070c000000, 0x000000070c000000, 0x000000070c100000|  0%| F|  |TAMS 0x000000070c000000, 0x000000070c000000| Untracked 
| 129|0x000000070c100000, 0x000000070c100000, 0x000000070c200000|  0%| F|  |TAMS 0x000000070c100000, 0x000000070c100000| Untracked 
| 130|0x000000070c200000, 0x000000070c200000, 0x000000070c300000|  0%| F|  |TAMS 0x000000070c200000, 0x000000070c200000| Untracked 
| 131|0x000000070c300000, 0x000000070c300000, 0x000000070c400000|  0%| F|  |TAMS 0x000000070c300000, 0x000000070c300000| Untracked 
| 132|0x000000070c400000, 0x000000070c400000, 0x000000070c500000|  0%| F|  |TAMS 0x000000070c400000, 0x000000070c400000| Untracked 
| 133|0x000000070c500000, 0x000000070c500000, 0x000000070c600000|  0%| F|  |TAMS 0x000000070c500000, 0x000000070c500000| Untracked 
| 134|0x000000070c600000, 0x000000070c600000, 0x000000070c700000|  0%| F|  |TAMS 0x000000070c600000, 0x000000070c600000| Untracked 
| 135|0x000000070c700000, 0x000000070c700000, 0x000000070c800000|  0%| F|  |TAMS 0x000000070c700000, 0x000000070c700000| Untracked 
| 136|0x000000070c800000, 0x000000070c800000, 0x000000070c900000|  0%| F|  |TAMS 0x000000070c800000, 0x000000070c800000| Untracked 
| 137|0x000000070c900000, 0x000000070c900000, 0x000000070ca00000|  0%| F|  |TAMS 0x000000070c900000, 0x000000070c900000| Untracked 
| 138|0x000000070ca00000, 0x000000070ca00000, 0x000000070cb00000|  0%| F|  |TAMS 0x000000070ca00000, 0x000000070ca00000| Untracked 
| 139|0x000000070cb00000, 0x000000070cb00000, 0x000000070cc00000|  0%| F|  |TAMS 0x000000070cb00000, 0x000000070cb00000| Untracked 
| 140|0x000000070cc00000, 0x000000070cc00000, 0x000000070cd00000|  0%| F|  |TAMS 0x000000070cc00000, 0x000000070cc00000| Untracked 
| 141|0x000000070cd00000, 0x000000070cd00000, 0x000000070ce00000|  0%| F|  |TAMS 0x000000070cd00000, 0x000000070cd00000| Untracked 
| 142|0x000000070ce00000, 0x000000070ce00000, 0x000000070cf00000|  0%| F|  |TAMS 0x000000070ce00000, 0x000000070ce00000| Untracked 
| 143|0x000000070cf00000, 0x000000070cf00000, 0x000000070d000000|  0%| F|  |TAMS 0x000000070cf00000, 0x000000070cf00000| Untracked 
| 144|0x000000070d000000, 0x000000070d000000, 0x000000070d100000|  0%| F|  |TAMS 0x000000070d000000, 0x000000070d000000| Untracked 
| 145|0x000000070d100000, 0x000000070d100000, 0x000000070d200000|  0%| F|  |TAMS 0x000000070d100000, 0x000000070d100000| Untracked 
| 146|0x000000070d200000, 0x000000070d200000, 0x000000070d300000|  0%| F|  |TAMS 0x000000070d200000, 0x000000070d200000| Untracked 
| 147|0x000000070d300000, 0x000000070d300000, 0x000000070d400000|  0%| F|  |TAMS 0x000000070d300000, 0x000000070d300000| Untracked 
| 148|0x000000070d400000, 0x000000070d400000, 0x000000070d500000|  0%| F|  |TAMS 0x000000070d400000, 0x000000070d400000| Untracked 
| 149|0x000000070d500000, 0x000000070d500000, 0x000000070d600000|  0%| F|  |TAMS 0x000000070d500000, 0x000000070d500000| Untracked 
| 150|0x000000070d600000, 0x000000070d600000, 0x000000070d700000|  0%| F|  |TAMS 0x000000070d600000, 0x000000070d600000| Untracked 
| 151|0x000000070d700000, 0x000000070d700000, 0x000000070d800000|  0%| F|  |TAMS 0x000000070d700000, 0x000000070d700000| Untracked 
| 152|0x000000070d800000, 0x000000070d800000, 0x000000070d900000|  0%| F|  |TAMS 0x000000070d800000, 0x000000070d800000| Untracked 
| 153|0x000000070d900000, 0x000000070d900000, 0x000000070da00000|  0%| F|  |TAMS 0x000000070d900000, 0x000000070d900000| Untracked 
| 154|0x000000070da00000, 0x000000070da00000, 0x000000070db00000|  0%| F|  |TAMS 0x000000070da00000, 0x000000070da00000| Untracked 
| 155|0x000000070db00000, 0x000000070db00000, 0x000000070dc00000|  0%| F|  |TAMS 0x000000070db00000, 0x000000070db00000| Untracked 
| 156|0x000000070dc00000, 0x000000070dc00000, 0x000000070dd00000|  0%| F|  |TAMS 0x000000070dc00000, 0x000000070dc00000| Untracked 
| 157|0x000000070dd00000, 0x000000070dd00000, 0x000000070de00000|  0%| F|  |TAMS 0x000000070dd00000, 0x000000070dd00000| Untracked 
| 158|0x000000070de00000, 0x000000070de00000, 0x000000070df00000|  0%| F|  |TAMS 0x000000070de00000, 0x000000070de00000| Untracked 
| 159|0x000000070df00000, 0x000000070df00000, 0x000000070e000000|  0%| F|  |TAMS 0x000000070df00000, 0x000000070df00000| Untracked 
| 160|0x000000070e000000, 0x000000070e000000, 0x000000070e100000|  0%| F|  |TAMS 0x000000070e000000, 0x000000070e000000| Untracked 
| 161|0x000000070e100000, 0x000000070e100000, 0x000000070e200000|  0%| F|  |TAMS 0x000000070e100000, 0x000000070e100000| Untracked 
| 162|0x000000070e200000, 0x000000070e200000, 0x000000070e300000|  0%| F|  |TAMS 0x000000070e200000, 0x000000070e200000| Untracked 
| 163|0x000000070e300000, 0x000000070e300000, 0x000000070e400000|  0%| F|  |TAMS 0x000000070e300000, 0x000000070e300000| Untracked 
| 164|0x000000070e400000, 0x000000070e400000, 0x000000070e500000|  0%| F|  |TAMS 0x000000070e400000, 0x000000070e400000| Untracked 
| 165|0x000000070e500000, 0x000000070e500000, 0x000000070e600000|  0%| F|  |TAMS 0x000000070e500000, 0x000000070e500000| Untracked 
| 166|0x000000070e600000, 0x000000070e600000, 0x000000070e700000|  0%| F|  |TAMS 0x000000070e600000, 0x000000070e600000| Untracked 
| 167|0x000000070e700000, 0x000000070e700000, 0x000000070e800000|  0%| F|  |TAMS 0x000000070e700000, 0x000000070e700000| Untracked 
| 168|0x000000070e800000, 0x000000070e800000, 0x000000070e900000|  0%| F|  |TAMS 0x000000070e800000, 0x000000070e800000| Untracked 
| 169|0x000000070e900000, 0x000000070e900000, 0x000000070ea00000|  0%| F|  |TAMS 0x000000070e900000, 0x000000070e900000| Untracked 
| 170|0x000000070ea00000, 0x000000070ea00000, 0x000000070eb00000|  0%| F|  |TAMS 0x000000070ea00000, 0x000000070ea00000| Untracked 
| 171|0x000000070eb00000, 0x000000070eb00000, 0x000000070ec00000|  0%| F|  |TAMS 0x000000070eb00000, 0x000000070eb00000| Untracked 
| 172|0x000000070ec00000, 0x000000070ec00000, 0x000000070ed00000|  0%| F|  |TAMS 0x000000070ec00000, 0x000000070ec00000| Untracked 
| 173|0x000000070ed00000, 0x000000070ed00000, 0x000000070ee00000|  0%| F|  |TAMS 0x000000070ed00000, 0x000000070ed00000| Untracked 
| 174|0x000000070ee00000, 0x000000070ee00000, 0x000000070ef00000|  0%| F|  |TAMS 0x000000070ee00000, 0x000000070ee00000| Untracked 
| 175|0x000000070ef00000, 0x000000070ef00000, 0x000000070f000000|  0%| F|  |TAMS 0x000000070ef00000, 0x000000070ef00000| Untracked 
| 176|0x000000070f000000, 0x000000070f000000, 0x000000070f100000|  0%| F|  |TAMS 0x000000070f000000, 0x000000070f000000| Untracked 
| 177|0x000000070f100000, 0x000000070f100000, 0x000000070f200000|  0%| F|  |TAMS 0x000000070f100000, 0x000000070f100000| Untracked 
| 178|0x000000070f200000, 0x000000070f200000, 0x000000070f300000|  0%| F|  |TAMS 0x000000070f200000, 0x000000070f200000| Untracked 
| 179|0x000000070f300000, 0x000000070f300000, 0x000000070f400000|  0%| F|  |TAMS 0x000000070f300000, 0x000000070f300000| Untracked 
| 180|0x000000070f400000, 0x000000070f400000, 0x000000070f500000|  0%| F|  |TAMS 0x000000070f400000, 0x000000070f400000| Untracked 
| 181|0x000000070f500000, 0x000000070f500000, 0x000000070f600000|  0%| F|  |TAMS 0x000000070f500000, 0x000000070f500000| Untracked 
| 182|0x000000070f600000, 0x000000070f600000, 0x000000070f700000|  0%| F|  |TAMS 0x000000070f600000, 0x000000070f600000| Untracked 
| 183|0x000000070f700000, 0x000000070f700000, 0x000000070f800000|  0%| F|  |TAMS 0x000000070f700000, 0x000000070f700000| Untracked 
| 184|0x000000070f800000, 0x000000070f800000, 0x000000070f900000|  0%| F|  |TAMS 0x000000070f800000, 0x000000070f800000| Untracked 
| 185|0x000000070f900000, 0x000000070f900000, 0x000000070fa00000|  0%| F|  |TAMS 0x000000070f900000, 0x000000070f900000| Untracked 
| 186|0x000000070fa00000, 0x000000070fa00000, 0x000000070fb00000|  0%| F|  |TAMS 0x000000070fa00000, 0x000000070fa00000| Untracked 
| 187|0x000000070fb00000, 0x000000070fb00000, 0x000000070fc00000|  0%| F|  |TAMS 0x000000070fb00000, 0x000000070fb00000| Untracked 
| 188|0x000000070fc00000, 0x000000070fc00000, 0x000000070fd00000|  0%| F|  |TAMS 0x000000070fc00000, 0x000000070fc00000| Untracked 
| 189|0x000000070fd00000, 0x000000070fd00000, 0x000000070fe00000|  0%| F|  |TAMS 0x000000070fd00000, 0x000000070fd00000| Untracked 
| 190|0x000000070fe00000, 0x000000070fe00000, 0x000000070ff00000|  0%| F|  |TAMS 0x000000070fe00000, 0x000000070fe00000| Untracked 
| 191|0x000000070ff00000, 0x000000070ff00000, 0x0000000710000000|  0%| F|  |TAMS 0x000000070ff00000, 0x000000070ff00000| Untracked 
| 192|0x0000000710000000, 0x0000000710000000, 0x0000000710100000|  0%| F|  |TAMS 0x0000000710000000, 0x0000000710000000| Untracked 
| 193|0x0000000710100000, 0x0000000710100000, 0x0000000710200000|  0%| F|  |TAMS 0x0000000710100000, 0x0000000710100000| Untracked 
| 194|0x0000000710200000, 0x0000000710200000, 0x0000000710300000|  0%| F|  |TAMS 0x0000000710200000, 0x0000000710200000| Untracked 
| 195|0x0000000710300000, 0x0000000710300000, 0x0000000710400000|  0%| F|  |TAMS 0x0000000710300000, 0x0000000710300000| Untracked 
| 196|0x0000000710400000, 0x0000000710400000, 0x0000000710500000|  0%| F|  |TAMS 0x0000000710400000, 0x0000000710400000| Untracked 
| 197|0x0000000710500000, 0x0000000710500000, 0x0000000710600000|  0%| F|  |TAMS 0x0000000710500000, 0x0000000710500000| Untracked 
| 198|0x0000000710600000, 0x0000000710600000, 0x0000000710700000|  0%| F|  |TAMS 0x0000000710600000, 0x0000000710600000| Untracked 
| 199|0x0000000710700000, 0x0000000710700000, 0x0000000710800000|  0%| F|  |TAMS 0x0000000710700000, 0x0000000710700000| Untracked 
| 200|0x0000000710800000, 0x0000000710800000, 0x0000000710900000|  0%| F|  |TAMS 0x0000000710800000, 0x0000000710800000| Untracked 
| 201|0x0000000710900000, 0x0000000710900000, 0x0000000710a00000|  0%| F|  |TAMS 0x0000000710900000, 0x0000000710900000| Untracked 
| 202|0x0000000710a00000, 0x0000000710a00000, 0x0000000710b00000|  0%| F|  |TAMS 0x0000000710a00000, 0x0000000710a00000| Untracked 
| 203|0x0000000710b00000, 0x0000000710b00000, 0x0000000710c00000|  0%| F|  |TAMS 0x0000000710b00000, 0x0000000710b00000| Untracked 
| 204|0x0000000710c00000, 0x0000000710c00000, 0x0000000710d00000|  0%| F|  |TAMS 0x0000000710c00000, 0x0000000710c00000| Untracked 
| 205|0x0000000710d00000, 0x0000000710d00000, 0x0000000710e00000|  0%| F|  |TAMS 0x0000000710d00000, 0x0000000710d00000| Untracked 
| 206|0x0000000710e00000, 0x0000000710e00000, 0x0000000710f00000|  0%| F|  |TAMS 0x0000000710e00000, 0x0000000710e00000| Untracked 
| 207|0x0000000710f00000, 0x0000000710f00000, 0x0000000711000000|  0%| F|  |TAMS 0x0000000710f00000, 0x0000000710f00000| Untracked 
| 208|0x0000000711000000, 0x0000000711000000, 0x0000000711100000|  0%| F|  |TAMS 0x0000000711000000, 0x0000000711000000| Untracked 
| 209|0x0000000711100000, 0x0000000711100000, 0x0000000711200000|  0%| F|  |TAMS 0x0000000711100000, 0x0000000711100000| Untracked 
| 210|0x0000000711200000, 0x0000000711200000, 0x0000000711300000|  0%| F|  |TAMS 0x0000000711200000, 0x0000000711200000| Untracked 
| 211|0x0000000711300000, 0x0000000711300000, 0x0000000711400000|  0%| F|  |TAMS 0x0000000711300000, 0x0000000711300000| Untracked 
| 212|0x0000000711400000, 0x0000000711400000, 0x0000000711500000|  0%| F|  |TAMS 0x0000000711400000, 0x0000000711400000| Untracked 
| 213|0x0000000711500000, 0x0000000711500000, 0x0000000711600000|  0%| F|  |TAMS 0x0000000711500000, 0x0000000711500000| Untracked 
| 214|0x0000000711600000, 0x0000000711600000, 0x0000000711700000|  0%| F|  |TAMS 0x0000000711600000, 0x0000000711600000| Untracked 
| 215|0x0000000711700000, 0x0000000711700000, 0x0000000711800000|  0%| F|  |TAMS 0x0000000711700000, 0x0000000711700000| Untracked 
| 216|0x0000000711800000, 0x0000000711800000, 0x0000000711900000|  0%| F|  |TAMS 0x0000000711800000, 0x0000000711800000| Untracked 
| 217|0x0000000711900000, 0x0000000711900000, 0x0000000711a00000|  0%| F|  |TAMS 0x0000000711900000, 0x0000000711900000| Untracked 
| 218|0x0000000711a00000, 0x0000000711a00000, 0x0000000711b00000|  0%| F|  |TAMS 0x0000000711a00000, 0x0000000711a00000| Untracked 
| 219|0x0000000711b00000, 0x0000000711b00000, 0x0000000711c00000|  0%| F|  |TAMS 0x0000000711b00000, 0x0000000711b00000| Untracked 
| 220|0x0000000711c00000, 0x0000000711c00000, 0x0000000711d00000|  0%| F|  |TAMS 0x0000000711c00000, 0x0000000711c00000| Untracked 
| 221|0x0000000711d00000, 0x0000000711d00000, 0x0000000711e00000|  0%| F|  |TAMS 0x0000000711d00000, 0x0000000711d00000| Untracked 
| 222|0x0000000711e00000, 0x0000000711e00000, 0x0000000711f00000|  0%| F|  |TAMS 0x0000000711e00000, 0x0000000711e00000| Untracked 
| 223|0x0000000711f00000, 0x0000000711f00000, 0x0000000712000000|  0%| F|  |TAMS 0x0000000711f00000, 0x0000000711f00000| Untracked 
| 224|0x0000000712000000, 0x0000000712000000, 0x0000000712100000|  0%| F|  |TAMS 0x0000000712000000, 0x0000000712000000| Untracked 
| 225|0x0000000712100000, 0x0000000712100000, 0x0000000712200000|  0%| F|  |TAMS 0x0000000712100000, 0x0000000712100000| Untracked 
| 226|0x0000000712200000, 0x0000000712200000, 0x0000000712300000|  0%| F|  |TAMS 0x0000000712200000, 0x0000000712200000| Untracked 
| 227|0x0000000712300000, 0x0000000712300000, 0x0000000712400000|  0%| F|  |TAMS 0x0000000712300000, 0x0000000712300000| Untracked 
| 228|0x0000000712400000, 0x0000000712400000, 0x0000000712500000|  0%| F|  |TAMS 0x0000000712400000, 0x0000000712400000| Untracked 
| 229|0x0000000712500000, 0x0000000712500000, 0x0000000712600000|  0%| F|  |TAMS 0x0000000712500000, 0x0000000712500000| Untracked 
| 230|0x0000000712600000, 0x0000000712600000, 0x0000000712700000|  0%| F|  |TAMS 0x0000000712600000, 0x0000000712600000| Untracked 
| 231|0x0000000712700000, 0x0000000712700000, 0x0000000712800000|  0%| F|  |TAMS 0x0000000712700000, 0x0000000712700000| Untracked 
| 232|0x0000000712800000, 0x0000000712800000, 0x0000000712900000|  0%| F|  |TAMS 0x0000000712800000, 0x0000000712800000| Untracked 
| 233|0x0000000712900000, 0x0000000712900000, 0x0000000712a00000|  0%| F|  |TAMS 0x0000000712900000, 0x0000000712900000| Untracked 
| 234|0x0000000712a00000, 0x0000000712a00000, 0x0000000712b00000|  0%| F|  |TAMS 0x0000000712a00000, 0x0000000712a00000| Untracked 
| 235|0x0000000712b00000, 0x0000000712b00000, 0x0000000712c00000|  0%| F|  |TAMS 0x0000000712b00000, 0x0000000712b00000| Untracked 
| 236|0x0000000712c00000, 0x0000000712c00000, 0x0000000712d00000|  0%| F|  |TAMS 0x0000000712c00000, 0x0000000712c00000| Untracked 
| 237|0x0000000712d00000, 0x0000000712d00000, 0x0000000712e00000|  0%| F|  |TAMS 0x0000000712d00000, 0x0000000712d00000| Untracked 
| 238|0x0000000712e00000, 0x0000000712e00000, 0x0000000712f00000|  0%| F|  |TAMS 0x0000000712e00000, 0x0000000712e00000| Untracked 
| 239|0x0000000712f00000, 0x0000000712f00000, 0x0000000713000000|  0%| F|  |TAMS 0x0000000712f00000, 0x0000000712f00000| Untracked 
| 240|0x0000000713000000, 0x0000000713000000, 0x0000000713100000|  0%| F|  |TAMS 0x0000000713000000, 0x0000000713000000| Untracked 
| 241|0x0000000713100000, 0x0000000713100000, 0x0000000713200000|  0%| F|  |TAMS 0x0000000713100000, 0x0000000713100000| Untracked 
| 242|0x0000000713200000, 0x0000000713200000, 0x0000000713300000|  0%| F|  |TAMS 0x0000000713200000, 0x0000000713200000| Untracked 
| 243|0x0000000713300000, 0x0000000713300000, 0x0000000713400000|  0%| F|  |TAMS 0x0000000713300000, 0x0000000713300000| Untracked 
| 244|0x0000000713400000, 0x0000000713400000, 0x0000000713500000|  0%| F|  |TAMS 0x0000000713400000, 0x0000000713400000| Untracked 
| 245|0x0000000713500000, 0x0000000713500000, 0x0000000713600000|  0%| F|  |TAMS 0x0000000713500000, 0x0000000713500000| Untracked 
| 246|0x0000000713600000, 0x0000000713600000, 0x0000000713700000|  0%| F|  |TAMS 0x0000000713600000, 0x0000000713600000| Untracked 
| 247|0x0000000713700000, 0x0000000713700000, 0x0000000713800000|  0%| F|  |TAMS 0x0000000713700000, 0x0000000713700000| Untracked 
| 248|0x0000000713800000, 0x0000000713800000, 0x0000000713900000|  0%| F|  |TAMS 0x0000000713800000, 0x0000000713800000| Untracked 
| 249|0x0000000713900000, 0x0000000713900000, 0x0000000713a00000|  0%| F|  |TAMS 0x0000000713900000, 0x0000000713900000| Untracked 
| 250|0x0000000713a00000, 0x0000000713a00000, 0x0000000713b00000|  0%| F|  |TAMS 0x0000000713a00000, 0x0000000713a00000| Untracked 
| 251|0x0000000713b00000, 0x0000000713b00000, 0x0000000713c00000|  0%| F|  |TAMS 0x0000000713b00000, 0x0000000713b00000| Untracked 
| 252|0x0000000713c00000, 0x0000000713c00000, 0x0000000713d00000|  0%| F|  |TAMS 0x0000000713c00000, 0x0000000713c00000| Untracked 
| 253|0x0000000713d00000, 0x0000000713d00000, 0x0000000713e00000|  0%| F|  |TAMS 0x0000000713d00000, 0x0000000713d00000| Untracked 
| 254|0x0000000713e00000, 0x0000000713e00000, 0x0000000713f00000|  0%| F|  |TAMS 0x0000000713e00000, 0x0000000713e00000| Untracked 
| 255|0x0000000713f00000, 0x0000000713f00000, 0x0000000714000000|  0%| F|  |TAMS 0x0000000713f00000, 0x0000000713f00000| Untracked 
| 256|0x0000000714000000, 0x0000000714000000, 0x0000000714100000|  0%| F|  |TAMS 0x0000000714000000, 0x0000000714000000| Untracked 
| 257|0x0000000714100000, 0x0000000714100000, 0x0000000714200000|  0%| F|  |TAMS 0x0000000714100000, 0x0000000714100000| Untracked 
| 258|0x0000000714200000, 0x0000000714200000, 0x0000000714300000|  0%| F|  |TAMS 0x0000000714200000, 0x0000000714200000| Untracked 
| 259|0x0000000714300000, 0x0000000714300000, 0x0000000714400000|  0%| F|  |TAMS 0x0000000714300000, 0x0000000714300000| Untracked 
| 260|0x0000000714400000, 0x0000000714400000, 0x0000000714500000|  0%| F|  |TAMS 0x0000000714400000, 0x0000000714400000| Untracked 
| 261|0x0000000714500000, 0x0000000714500000, 0x0000000714600000|  0%| F|  |TAMS 0x0000000714500000, 0x0000000714500000| Untracked 
| 262|0x0000000714600000, 0x0000000714600000, 0x0000000714700000|  0%| F|  |TAMS 0x0000000714600000, 0x0000000714600000| Untracked 
| 263|0x0000000714700000, 0x0000000714700000, 0x0000000714800000|  0%| F|  |TAMS 0x0000000714700000, 0x0000000714700000| Untracked 
| 264|0x0000000714800000, 0x0000000714800000, 0x0000000714900000|  0%| F|  |TAMS 0x0000000714800000, 0x0000000714800000| Untracked 
| 265|0x0000000714900000, 0x0000000714900000, 0x0000000714a00000|  0%| F|  |TAMS 0x0000000714900000, 0x0000000714900000| Untracked 
| 266|0x0000000714a00000, 0x0000000714a00000, 0x0000000714b00000|  0%| F|  |TAMS 0x0000000714a00000, 0x0000000714a00000| Untracked 
| 267|0x0000000714b00000, 0x0000000714b00000, 0x0000000714c00000|  0%| F|  |TAMS 0x0000000714b00000, 0x0000000714b00000| Untracked 
| 268|0x0000000714c00000, 0x0000000714c00000, 0x0000000714d00000|  0%| F|  |TAMS 0x0000000714c00000, 0x0000000714c00000| Untracked 
| 269|0x0000000714d00000, 0x0000000714d00000, 0x0000000714e00000|  0%| F|  |TAMS 0x0000000714d00000, 0x0000000714d00000| Untracked 
| 270|0x0000000714e00000, 0x0000000714e00000, 0x0000000714f00000|  0%| F|  |TAMS 0x0000000714e00000, 0x0000000714e00000| Untracked 
| 271|0x0000000714f00000, 0x0000000714f00000, 0x0000000715000000|  0%| F|  |TAMS 0x0000000714f00000, 0x0000000714f00000| Untracked 
| 272|0x0000000715000000, 0x0000000715000000, 0x0000000715100000|  0%| F|  |TAMS 0x0000000715000000, 0x0000000715000000| Untracked 
| 273|0x0000000715100000, 0x0000000715100000, 0x0000000715200000|  0%| F|  |TAMS 0x0000000715100000, 0x0000000715100000| Untracked 
| 274|0x0000000715200000, 0x0000000715200000, 0x0000000715300000|  0%| F|  |TAMS 0x0000000715200000, 0x0000000715200000| Untracked 
| 275|0x0000000715300000, 0x0000000715300000, 0x0000000715400000|  0%| F|  |TAMS 0x0000000715300000, 0x0000000715300000| Untracked 
| 276|0x0000000715400000, 0x0000000715400000, 0x0000000715500000|  0%| F|  |TAMS 0x0000000715400000, 0x0000000715400000| Untracked 
| 277|0x0000000715500000, 0x0000000715500000, 0x0000000715600000|  0%| F|  |TAMS 0x0000000715500000, 0x0000000715500000| Untracked 
| 278|0x0000000715600000, 0x0000000715600000, 0x0000000715700000|  0%| F|  |TAMS 0x0000000715600000, 0x0000000715600000| Untracked 
| 279|0x0000000715700000, 0x0000000715700000, 0x0000000715800000|  0%| F|  |TAMS 0x0000000715700000, 0x0000000715700000| Untracked 
| 280|0x0000000715800000, 0x0000000715800000, 0x0000000715900000|  0%| F|  |TAMS 0x0000000715800000, 0x0000000715800000| Untracked 
| 281|0x0000000715900000, 0x0000000715900000, 0x0000000715a00000|  0%| F|  |TAMS 0x0000000715900000, 0x0000000715900000| Untracked 
| 282|0x0000000715a00000, 0x0000000715a00000, 0x0000000715b00000|  0%| F|  |TAMS 0x0000000715a00000, 0x0000000715a00000| Untracked 
| 283|0x0000000715b00000, 0x0000000715b00000, 0x0000000715c00000|  0%| F|  |TAMS 0x0000000715b00000, 0x0000000715b00000| Untracked 
| 284|0x0000000715c00000, 0x0000000715c00000, 0x0000000715d00000|  0%| F|  |TAMS 0x0000000715c00000, 0x0000000715c00000| Untracked 
| 285|0x0000000715d00000, 0x0000000715d00000, 0x0000000715e00000|  0%| F|  |TAMS 0x0000000715d00000, 0x0000000715d00000| Untracked 
| 286|0x0000000715e00000, 0x0000000715e00000, 0x0000000715f00000|  0%| F|  |TAMS 0x0000000715e00000, 0x0000000715e00000| Untracked 
| 287|0x0000000715f00000, 0x0000000715f00000, 0x0000000716000000|  0%| F|  |TAMS 0x0000000715f00000, 0x0000000715f00000| Untracked 
| 288|0x0000000716000000, 0x0000000716000000, 0x0000000716100000|  0%| F|  |TAMS 0x0000000716000000, 0x0000000716000000| Untracked 
| 289|0x0000000716100000, 0x0000000716100000, 0x0000000716200000|  0%| F|  |TAMS 0x0000000716100000, 0x0000000716100000| Untracked 
| 290|0x0000000716200000, 0x0000000716200000, 0x0000000716300000|  0%| F|  |TAMS 0x0000000716200000, 0x0000000716200000| Untracked 
| 291|0x0000000716300000, 0x0000000716300000, 0x0000000716400000|  0%| F|  |TAMS 0x0000000716300000, 0x0000000716300000| Untracked 
| 292|0x0000000716400000, 0x0000000716400000, 0x0000000716500000|  0%| F|  |TAMS 0x0000000716400000, 0x0000000716400000| Untracked 
| 293|0x0000000716500000, 0x0000000716500000, 0x0000000716600000|  0%| F|  |TAMS 0x0000000716500000, 0x0000000716500000| Untracked 
| 294|0x0000000716600000, 0x0000000716600000, 0x0000000716700000|  0%| F|  |TAMS 0x0000000716600000, 0x0000000716600000| Untracked 
| 295|0x0000000716700000, 0x0000000716700000, 0x0000000716800000|  0%| F|  |TAMS 0x0000000716700000, 0x0000000716700000| Untracked 
| 296|0x0000000716800000, 0x0000000716800000, 0x0000000716900000|  0%| F|  |TAMS 0x0000000716800000, 0x0000000716800000| Untracked 
| 297|0x0000000716900000, 0x0000000716900000, 0x0000000716a00000|  0%| F|  |TAMS 0x0000000716900000, 0x0000000716900000| Untracked 
| 298|0x0000000716a00000, 0x0000000716a00000, 0x0000000716b00000|  0%| F|  |TAMS 0x0000000716a00000, 0x0000000716a00000| Untracked 
| 299|0x0000000716b00000, 0x0000000716b00000, 0x0000000716c00000|  0%| F|  |TAMS 0x0000000716b00000, 0x0000000716b00000| Untracked 
| 300|0x0000000716c00000, 0x0000000716c00000, 0x0000000716d00000|  0%| F|  |TAMS 0x0000000716c00000, 0x0000000716c00000| Untracked 
| 301|0x0000000716d00000, 0x0000000716d00000, 0x0000000716e00000|  0%| F|  |TAMS 0x0000000716d00000, 0x0000000716d00000| Untracked 
| 302|0x0000000716e00000, 0x0000000716e00000, 0x0000000716f00000|  0%| F|  |TAMS 0x0000000716e00000, 0x0000000716e00000| Untracked 

Card table byte_map: [0x00000200f6ff0000,0x00000200f77d0000] _byte_map_base: 0x00000200f37d0000

Marking Bits (Prev, Next): (CMBitMap*) 0x00000200ee96d1a0, (CMBitMap*) 0x00000200ee96d168
 Prev Bits: [0x00000200fbeb0000, 0x00000200ffdb0000)
 Next Bits: [0x00000200f7fb0000, 0x00000200fbeb0000)

Polling page: 0x00000200ec820000

Metaspace:

Usage:
  Non-class:     77.77 MB capacity,    76.14 MB ( 98%) used,     1.32 MB (  2%) free+waste,   316.69 KB ( <1%) overhead. 
      Class:     11.79 MB capacity,    10.78 MB ( 91%) used,   882.02 KB (  7%) free+waste,   153.94 KB (  1%) overhead. 
       Both:     89.55 MB capacity,    86.92 MB ( 97%) used,     2.18 MB (  2%) free+waste,   470.63 KB ( <1%) overhead. 

Virtual space:
  Non-class space:       78.00 MB reserved,      78.00 MB (100%) committed 
      Class space:        1.00 GB reserved,      11.88 MB (  1%) committed 
             Both:        1.08 GB reserved,      89.88 MB (  8%) committed 

Chunk freelists:
   Non-Class:  5.75 KB
       Class:  0 bytes
        Both:  5.75 KB

CodeHeap 'non-profiled nmethods': size=233856Kb used=16817Kb max_used=16817Kb free=217038Kb
 bounds [0x0000020080ba0000, 0x0000020081c10000, 0x000002008f000000]
CodeHeap 'non-nmethods': size=11904Kb used=1443Kb max_used=1443Kb free=10460Kb
 bounds [0x0000020080000000, 0x0000020080270000, 0x0000020080ba0000]
 total_blobs=10722 nmethods=9958 adapters=697
 compilation: enabled
              stopped_count=0, restarted_count=0
 full_count=0

Compilation events (10 events):
Event: 412.125 Thread 0x0000020092921800 9954       1       com.fasterxml.jackson.databind.DeserializationContext::handleUnknownProperty (90 bytes)
Event: 412.126 Thread 0x0000020092921800 nmethod 9954 0x0000020081c0a490 code [0x0000020081c0a660, 0x0000020081c0a978]
Event: 412.126 Thread 0x0000020092921800 9955       1       com.fasterxml.jackson.databind.deser.BeanDeserializerBase::handleUnknownProperty (48 bytes)
Event: 412.126 Thread 0x0000020092921800 nmethod 9955 0x0000020081c0ac10 code [0x0000020081c0ae00, 0x0000020081c0b108]
Event: 412.126 Thread 0x0000020092921800 9956       1       com.fasterxml.jackson.databind.deser.std.StdDeserializer::handleUnknownProperty (28 bytes)
Event: 412.126 Thread 0x0000020092921800 nmethod 9956 0x0000020081c0b410 code [0x0000020081c0b5c0, 0x0000020081c0b748]
Event: 412.126 Thread 0x0000020092921800 9957       1       com.fasterxml.jackson.databind.deser.impl.BeanPropertyMap::_findWithAlias (61 bytes)
Event: 412.126 Thread 0x0000020092921800 nmethod 9957 0x0000020081c0b890 code [0x0000020081c0ba60, 0x0000020081c0bce8]
Event: 412.126 Thread 0x0000020092921800 9958   !   1       com.fasterxml.jackson.databind.deser.BeanDeserializerBase::handleUnknownVanilla (75 bytes)
Event: 412.127 Thread 0x0000020092921800 nmethod 9958 0x0000020081c0bf10 code [0x0000020081c0c120, 0x0000020081c0c478]

GC Heap History (10 events):
Event: 4.127 GC heap after
{Heap after GC invocations=9 (full 0):
 garbage-first heap   total 310272K, used 24044K [0x0000000704000000, 0x0000000800000000)
  region size 1024K, 13 young (13312K), 13 survivors (13312K)
 Metaspace       used 43850K, capacity 45021K, committed 45184K, reserved 1089536K
  class space    used 5472K, capacity 5949K, committed 6016K, reserved 1048576K
}
Event: 5.688 GC heap before
{Heap before GC invocations=9 (full 0):
 garbage-first heap   total 310272K, used 196076K [0x0000000704000000, 0x0000000800000000)
  region size 1024K, 181 young (185344K), 13 survivors (13312K)
 Metaspace       used 57657K, capacity 59112K, committed 59392K, reserved 1101824K
  class space    used 7242K, capacity 7844K, committed 7936K, reserved 1048576K
}
Event: 5.697 GC heap after
{Heap after GC invocations=10 (full 0):
 garbage-first heap   total 310272K, used 31913K [0x0000000704000000, 0x0000000800000000)
  region size 1024K, 20 young (20480K), 20 survivors (20480K)
 Metaspace       used 57657K, capacity 59112K, committed 59392K, reserved 1101824K
  class space    used 7242K, capacity 7844K, committed 7936K, reserved 1048576K
}
Event: 5.816 GC heap before
{Heap before GC invocations=10 (full 0):
 garbage-first heap   total 310272K, used 55465K [0x0000000704000000, 0x0000000800000000)
  region size 1024K, 40 young (40960K), 20 survivors (20480K)
 Metaspace       used 58387K, capacity 59793K, committed 59904K, reserved 1101824K
  class space    used 7308K, capacity 7879K, committed 7936K, reserved 1048576K
}
Event: 5.827 GC heap after
{Heap after GC invocations=11 (full 0):
 garbage-first heap   total 310272K, used 33014K [0x0000000704000000, 0x0000000800000000)
  region size 1024K, 10 young (10240K), 10 survivors (10240K)
 Metaspace       used 58387K, capacity 59793K, committed 59904K, reserved 1101824K
  class space    used 7308K, capacity 7879K, committed 7936K, reserved 1048576K
}
Event: 7.242 GC heap before
{Heap before GC invocations=12 (full 0):
 garbage-first heap   total 310272K, used 210166K [0x0000000704000000, 0x0000000800000000)
  region size 1024K, 181 young (185344K), 10 survivors (10240K)
 Metaspace       used 72692K, capacity 74475K, committed 74496K, reserved 1114112K
  class space    used 9033K, capacity 9719K, committed 9728K, reserved 1048576K
}
Event: 7.249 GC heap after
{Heap after GC invocations=13 (full 0):
 garbage-first heap   total 310272K, used 39525K [0x0000000704000000, 0x0000000800000000)
  region size 1024K, 17 young (17408K), 17 survivors (17408K)
 Metaspace       used 72692K, capacity 74475K, committed 74496K, reserved 1114112K
  class space    used 9033K, capacity 9719K, committed 9728K, reserved 1048576K
}
Event: 8.821 GC heap before
{Heap before GC invocations=13 (full 0):
 garbage-first heap   total 310272K, used 206437K [0x0000000704000000, 0x0000000800000000)
  region size 1024K, 181 young (185344K), 17 survivors (17408K)
 Metaspace       used 77785K, capacity 79847K, committed 79872K, reserved 1118208K
  class space    used 9708K, capacity 10483K, committed 10496K, reserved 1048576K
}
Event: 8.832 GC heap after
{Heap after GC invocations=14 (full 0):
 garbage-first heap   total 310272K, used 47252K [0x0000000704000000, 0x0000000800000000)
  region size 1024K, 17 young (17408K), 17 survivors (17408K)
 Metaspace       used 77785K, capacity 79847K, committed 79872K, reserved 1118208K
  class space    used 9708K, capacity 10483K, committed 10496K, reserved 1048576K
}
Event: 413.997 GC heap before
{Heap before GC invocations=14 (full 0):
 garbage-first heap   total 310272K, used 214164K [0x0000000704000000, 0x0000000800000000)
  region size 1024K, 181 young (185344K), 17 survivors (17408K)
 Metaspace       used 89001K, capacity 91704K, committed 92032K, reserved 1128448K
  class space    used 11034K, capacity 12070K, committed 12160K, reserved 1048576K
}

Deoptimization events (0 events):
No events

Classes redefined (0 events):
No events

Internal exceptions (10 events):
Event: 369.870 Thread 0x0000020093c85000 Exception <a 'java/io/FileNotFoundException'{0x000000070e4905a0}> (0x000000070e4905a0) thrown at [./open/src/hotspot/share/prims/jni.cpp, line 611]
Event: 369.870 Thread 0x0000020093c85000 Exception <a 'java/io/FileNotFoundException'{0x000000070e490d30}> (0x000000070e490d30) thrown at [./open/src/hotspot/share/prims/jni.cpp, line 611]
Event: 379.872 Thread 0x0000020093c85000 Exception <a 'java/io/FileNotFoundException'{0x000000070d137720}> (0x000000070d137720) thrown at [./open/src/hotspot/share/prims/jni.cpp, line 611]
Event: 379.872 Thread 0x0000020093c85000 Exception <a 'java/io/FileNotFoundException'{0x000000070d137eb0}> (0x000000070d137eb0) thrown at [./open/src/hotspot/share/prims/jni.cpp, line 611]
Event: 389.873 Thread 0x0000020093c85000 Exception <a 'java/io/FileNotFoundException'{0x000000070d141288}> (0x000000070d141288) thrown at [./open/src/hotspot/share/prims/jni.cpp, line 611]
Event: 389.873 Thread 0x0000020093c85000 Exception <a 'java/io/FileNotFoundException'{0x000000070d141a18}> (0x000000070d141a18) thrown at [./open/src/hotspot/share/prims/jni.cpp, line 611]
Event: 399.874 Thread 0x0000020093c85000 Exception <a 'java/io/FileNotFoundException'{0x000000070d14adf0}> (0x000000070d14adf0) thrown at [./open/src/hotspot/share/prims/jni.cpp, line 611]
Event: 399.875 Thread 0x0000020093c85000 Exception <a 'java/io/FileNotFoundException'{0x000000070d14b580}> (0x000000070d14b580) thrown at [./open/src/hotspot/share/prims/jni.cpp, line 611]
Event: 409.876 Thread 0x0000020093c85000 Exception <a 'java/io/FileNotFoundException'{0x000000070d154958}> (0x000000070d154958) thrown at [./open/src/hotspot/share/prims/jni.cpp, line 611]
Event: 409.876 Thread 0x0000020093c85000 Exception <a 'java/io/FileNotFoundException'{0x000000070d1550e8}> (0x000000070d1550e8) thrown at [./open/src/hotspot/share/prims/jni.cpp, line 611]

Events (10 events):
Event: 410.333 Executing VM operation: RevokeBias done
Event: 410.334 Thread 0x00000200abf8b800 Thread exited: 0x00000200abf8b800
Event: 410.339 Thread 0x00000200abf89000 Thread added: 0x00000200abf89000
Event: 410.339 Thread 0x00000200abf8b800 Thread added: 0x00000200abf8b800
Event: 410.339 Thread 0x00000200abf8a000 Thread added: 0x00000200abf8a000
Event: 412.120 Thread 0x00000200abf8a800 Thread added: 0x00000200abf8a800
Event: 412.121 Thread 0x00000200abf94800 Thread added: 0x00000200abf94800
Event: 412.124 Thread 0x00000200abf93000 Thread added: 0x00000200abf93000
Event: 412.125 Thread 0x00000200abf95800 Thread added: 0x00000200abf95800
Event: 413.997 Executing VM operation: G1CollectForAllocation


Dynamic libraries:
0x00007ff6a0e70000 - 0x00007ff6a0e7f000 	C:\Program Files\Java\jdk-11.0.15.1\bin\java.exe
0x00007ff8f26d0000 - 0x00007ff8f28e7000 	C:\WINDOWS\SYSTEM32\ntdll.dll
0x00007ff8f12e0000 - 0x00007ff8f13a4000 	C:\WINDOWS\System32\KERNEL32.DLL
0x00007ff8efa40000 - 0x00007ff8efde6000 	C:\WINDOWS\System32\KERNELBASE.dll
0x00007ff8f0290000 - 0x00007ff8f03a1000 	C:\WINDOWS\System32\ucrtbase.dll
0x00007ff8de440000 - 0x00007ff8de455000 	C:\Program Files\Java\jdk-11.0.15.1\bin\VCRUNTIME140.dll
0x00007ff8de420000 - 0x00007ff8de438000 	C:\Program Files\Java\jdk-11.0.15.1\bin\jli.dll
0x00007ff8f0600000 - 0x00007ff8f06b1000 	C:\WINDOWS\System32\ADVAPI32.dll
0x00007ff8f13b0000 - 0x00007ff8f1457000 	C:\WINDOWS\System32\msvcrt.dll
0x00007ff8f0420000 - 0x00007ff8f04c5000 	C:\WINDOWS\System32\sechost.dll
0x00007ff8f06c0000 - 0x00007ff8f07d7000 	C:\WINDOWS\System32\RPCRT4.dll
0x00007ff8f0a70000 - 0x00007ff8f0c1e000 	C:\WINDOWS\System32\USER32.dll
0x00007ff8d55f0000 - 0x00007ff8d5883000 	C:\WINDOWS\WinSxS\amd64_microsoft.windows.common-controls_6595b64144ccf1df_6.0.22621.2506_none_270c5ae97388e100\COMCTL32.dll
0x00007ff8f0070000 - 0x00007ff8f0096000 	C:\WINDOWS\System32\win32u.dll
0x00007ff8f2660000 - 0x00007ff8f2689000 	C:\WINDOWS\System32\GDI32.dll
0x00007ff8efdf0000 - 0x00007ff8eff08000 	C:\WINDOWS\System32\gdi32full.dll
0x00007ff8eff10000 - 0x00007ff8effaa000 	C:\WINDOWS\System32\msvcp_win.dll
0x00007ff8e2210000 - 0x00007ff8e221a000 	C:\WINDOWS\SYSTEM32\VERSION.dll
0x00007ff8f1f40000 - 0x00007ff8f1f71000 	C:\WINDOWS\System32\IMM32.DLL
0x00007ff89f0d0000 - 0x00007ff89f16b000 	C:\Program Files\Java\jdk-11.0.15.1\bin\msvcp140.dll
0x00007ff84da60000 - 0x00007ff84e576000 	C:\Program Files\Java\jdk-11.0.15.1\bin\server\jvm.dll
0x00007ff8f0a60000 - 0x00007ff8f0a68000 	C:\WINDOWS\System32\PSAPI.DLL
0x00007ff8e4380000 - 0x00007ff8e43b4000 	C:\WINDOWS\SYSTEM32\WINMM.dll
0x00007ff8e7ef0000 - 0x00007ff8e7ef9000 	C:\WINDOWS\SYSTEM32\WSOCK32.dll
0x00007ff8f24e0000 - 0x00007ff8f2551000 	C:\WINDOWS\System32\WS2_32.dll
0x00007ff8eeb30000 - 0x00007ff8eeb48000 	C:\WINDOWS\SYSTEM32\kernel.appcore.dll
0x00007ff8de8a0000 - 0x00007ff8de8b0000 	C:\Program Files\Java\jdk-11.0.15.1\bin\verify.dll
0x00007ff8ed0e0000 - 0x00007ff8ed313000 	C:\WINDOWS\SYSTEM32\DBGHELP.DLL
0x00007ff8f1f80000 - 0x00007ff8f2309000 	C:\WINDOWS\System32\combase.dll
0x00007ff8f1200000 - 0x00007ff8f12d7000 	C:\WINDOWS\System32\OLEAUT32.dll
0x00007ff8e1970000 - 0x00007ff8e19a2000 	C:\WINDOWS\SYSTEM32\dbgcore.DLL
0x00007ff8f00a0000 - 0x00007ff8f011a000 	C:\WINDOWS\System32\bcryptPrimitives.dll
0x00007ff8d1850000 - 0x00007ff8d1878000 	C:\Program Files\Java\jdk-11.0.15.1\bin\java.dll
0x00007ff8de3a0000 - 0x00007ff8de3aa000 	C:\Program Files\Java\jdk-11.0.15.1\bin\jimage.dll
0x00007ff895fb0000 - 0x00007ff895fe8000 	C:\Program Files\Java\jdk-11.0.15.1\bin\jdwp.dll
0x00007ff8d1830000 - 0x00007ff8d1846000 	C:\Program Files\Java\jdk-11.0.15.1\bin\zip.dll
0x00007ff8f1470000 - 0x00007ff8f1cca000 	C:\WINDOWS\System32\SHELL32.dll
0x00007ff8ed970000 - 0x00007ff8ee266000 	C:\WINDOWS\SYSTEM32\windows.storage.dll
0x00007ff8ed830000 - 0x00007ff8ed96e000 	C:\WINDOWS\SYSTEM32\wintypes.dll
0x00007ff8f0960000 - 0x00007ff8f0a53000 	C:\WINDOWS\System32\SHCORE.dll
0x00007ff8f0540000 - 0x00007ff8f059e000 	C:\WINDOWS\System32\shlwapi.dll
0x00007ff8ef970000 - 0x00007ff8ef996000 	C:\WINDOWS\SYSTEM32\profapi.dll
0x00007ff8c7c80000 - 0x00007ff8c7c8a000 	C:\Program Files\Java\jdk-11.0.15.1\bin\dt_socket.dll
0x00007ff8eefb0000 - 0x00007ff8ef019000 	C:\WINDOWS\system32\mswsock.dll
0x00007ff8d1480000 - 0x00007ff8d1499000 	C:\Program Files\Java\jdk-11.0.15.1\bin\net.dll
0x00007ff8e7000000 - 0x00007ff8e7137000 	C:\WINDOWS\SYSTEM32\WINHTTP.dll
0x00007ff8d08f0000 - 0x00007ff8d0902000 	C:\Program Files\Java\jdk-11.0.15.1\bin\nio.dll
0x00007ff8ee5b0000 - 0x00007ff8ee6a9000 	C:\WINDOWS\SYSTEM32\DNSAPI.dll
0x00007ff8ee580000 - 0x00007ff8ee5ad000 	C:\WINDOWS\SYSTEM32\IPHLPAPI.DLL
0x00007ff8f1460000 - 0x00007ff8f1469000 	C:\WINDOWS\System32\NSI.dll
0x00007ff8e6290000 - 0x00007ff8e629a000 	C:\Windows\System32\rasadhlp.dll
0x00007ff8e5820000 - 0x00007ff8e58a3000 	C:\WINDOWS\System32\fwpuclnt.dll
0x00007ff8de560000 - 0x00007ff8de569000 	C:\Program Files\Java\jdk-11.0.15.1\bin\management.dll
0x00007ff8de2e0000 - 0x00007ff8de2eb000 	C:\Program Files\Java\jdk-11.0.15.1\bin\management_ext.dll
0x00007ff8ef200000 - 0x00007ff8ef21b000 	C:\WINDOWS\SYSTEM32\CRYPTSP.dll
0x00007ff8eea90000 - 0x00007ff8eeac5000 	C:\WINDOWS\system32\rsaenh.dll
0x00007ff8ef0a0000 - 0x00007ff8ef0cc000 	C:\WINDOWS\SYSTEM32\USERENV.dll
0x00007ff8ef3d0000 - 0x00007ff8ef3f8000 	C:\WINDOWS\SYSTEM32\bcrypt.dll
0x00007ff8ef220000 - 0x00007ff8ef22c000 	C:\WINDOWS\SYSTEM32\CRYPTBASE.dll
0x00007ff8e76f0000 - 0x00007ff8e7709000 	C:\WINDOWS\SYSTEM32\dhcpcsvc6.DLL
0x00007ff8e61c0000 - 0x00007ff8e61df000 	C:\WINDOWS\SYSTEM32\dhcpcsvc.DLL
0x00007ff8dea00000 - 0x00007ff8dea17000 	C:\WINDOWS\system32\napinsp.dll
0x00007ff8dea40000 - 0x00007ff8dea5b000 	C:\WINDOWS\system32\pnrpnsp.dll
0x00007ff8dea20000 - 0x00007ff8dea31000 	C:\WINDOWS\System32\winrnr.dll
0x00007ff8de9e0000 - 0x00007ff8de9f5000 	C:\WINDOWS\system32\wshbth.dll
0x00007ff8de9b0000 - 0x00007ff8de9d1000 	C:\WINDOWS\system32\nlansp_c.dll
0x00007ff8de290000 - 0x00007ff8de2b5000 	C:\Program Files\Java\jdk-11.0.15.1\bin\sunec.dll
0x00007ff8cecd0000 - 0x00007ff8cecdd000 	C:\Program Files\Java\jdk-11.0.15.1\bin\sunmscapi.dll
0x00007ff8f0120000 - 0x00007ff8f0286000 	C:\WINDOWS\System32\CRYPT32.dll
0x00007ff8ef3a0000 - 0x00007ff8ef3cd000 	C:\WINDOWS\SYSTEM32\ncrypt.dll
0x00007ff8ef360000 - 0x00007ff8ef397000 	C:\WINDOWS\SYSTEM32\NTASN1.dll
0x00007ff8c71e0000 - 0x00007ff8c7230000 	C:\WINDOWS\SYSTEM32\pdh.dll
0x00007ff8e7780000 - 0x00007ff8e7790000 	C:\WINDOWS\System32\perfos.dll
0x00007ff8ecd30000 - 0x00007ff8ecd40000 	C:\WINDOWS\SYSTEM32\pfclient.dll

dbghelp: loaded successfully - version: 4.0.5 - missing functions: none
symbol engine: initialized successfully - sym options: 0x614 - pdb path: .;C:\Program Files\Java\jdk-11.0.15.1\bin;C:\WINDOWS\SYSTEM32;C:\WINDOWS\WinSxS\amd64_microsoft.windows.common-controls_6595b64144ccf1df_6.0.22621.2506_none_270c5ae97388e100;C:\Program Files\Java\jdk-11.0.15.1\bin\server

VM Arguments:
jvm_args: -agentlib:jdwp=transport=dt_socket,address=127.0.0.1:61278,suspend=y,server=n -XX:TieredStopAtLevel=1 -Xverify:none -Dspring.profiles.active=local -Dspring.output.ansi.enabled=always -Dcom.sun.management.jmxremote -Dspring.jmx.enabled=true -Dspring.liveBeansView.mbeanDomain -Dspring.application.admin.enabled=true -Dmanagement.endpoints.jmx.exposure.include=* -Dfile.encoding=UTF-8 
java_command: com.hmall.trade.TradeApplication
java_class_path (initial): D:\Desktop\Technology-Stack\Microservices\hmall\trade-service\target\classes;C:\Users\86183\.m2\repository\com\alibaba\cloud\spring-cloud-starter-alibaba-nacos-config\2021.0.4.0\spring-cloud-starter-alibaba-nacos-config-2021.0.4.0.jar;C:\Users\86183\.m2\repository\com\alibaba\cloud\spring-cloud-alibaba-commons\2021.0.4.0\spring-cloud-alibaba-commons-2021.0.4.0.jar;C:\Users\86183\.m2\repository\com\alibaba\spring\spring-context-support\1.0.11\spring-context-support-1.0.11.jar;C:\Users\86183\.m2\repository\com\alibaba\nacos\nacos-client\2.0.4\nacos-client-2.0.4.jar;C:\Users\86183\.m2\repository\commons-codec\commons-codec\1.15\commons-codec-1.15.jar;C:\Users\86183\.m2\repository\com\fasterxml\jackson\core\jackson-core\2.13.5\jackson-core-2.13.5.jar;C:\Users\86183\.m2\repository\com\fasterxml\jackson\core\jackson-databind\2.13.5\jackson-databind-2.13.5.jar;C:\Users\86183\.m2\repository\com\fasterxml\jackson\core\jackson-annotations\2.13.5\jackson-annotations-2.13.5.jar;C:\Users\86183\.m2\repository\org\apache\httpcomponents\httpasyncclient\4.1.5\httpasyncclient-4.1.5.jar;C:\Users\86183\.m2\repository\org\apache\httpcomponents\httpcore\4.4.16\httpcore-4.4.16.jar;C:\Users\86183\.m2\repository\org\apache\httpcomponents\httpcore-nio\4.4.16\httpcore-nio-4.4.16.jar;C:\Users\86183\.m2\repository\org\apache\httpcomponents\httpclient\4.5.14\httpclient-4.5.14.jar;C:\Users\86183\.m2\repository\org\reflections\reflections\0.9.11\reflections-0.9.11.jar;C:\Users\86183\.m2\repository\com\google\guava\guava\20.0\guava-20.0.jar;C:\Users\86183\.m2\repository\io\prometheus\simpleclient\0.15.0\simpleclient-0.15.0.jar;C:\Users\86183\.m2\repository\io\prometheus\simpleclient_tracer_otel\0.15.0\simpleclient_tracer_otel-0.15.0.jar;C:\Users\86183\.m2\repository\io\prometheus\simpleclient_tracer_common\0.15.0\simpleclient_tracer_common-0.15.0.jar;C:\Users\86183\.m2\repository\io\prometheus\simpleclient_tracer_otel_agent\0.15.0\simpleclient_tracer_otel_agent-0.15.0.j
Launcher Type: SUN_STANDARD

[Global flags]
     bool BytecodeVerificationLocal                = false                                     {product} {command line}
     bool BytecodeVerificationRemote               = false                                     {product} {command line}
     intx CICompilerCount                          = 12                                        {product} {ergonomic}
     uint ConcGCThreads                            = 3                                         {product} {ergonomic}
     uint G1ConcRefinementThreads                  = 13                                        {product} {ergonomic}
   size_t G1HeapRegionSize                         = 1048576                                   {product} {ergonomic}
    uintx GCDrainStackTargetSize                   = 64                                        {product} {ergonomic}
   size_t InitialHeapSize                          = 264241152                                 {product} {ergonomic}
     bool ManagementServer                         = true                                      {product} {command line}
   size_t MarkStackSize                            = 4194304                                   {product} {ergonomic}
   size_t MaxHeapSize                              = 4227858432                                {product} {ergonomic}
   size_t MaxNewSize                               = 2536505344                                {product} {ergonomic}
   size_t MinHeapDeltaBytes                        = 1048576                                   {product} {ergonomic}
    uintx NonNMethodCodeHeapSize                   = 12163472                               {pd product} {ergonomic}
    uintx NonProfiledCodeHeapSize                  = 239494768                              {pd product} {ergonomic}
    uintx ProfiledCodeHeapSize                     = 0                                      {pd product} {ergonomic}
    uintx ReservedCodeCacheSize                    = 251658240                              {pd product} {ergonomic}
     bool SegmentedCodeCache                       = true                                      {product} {ergonomic}
     intx TieredStopAtLevel                        = 1                                         {product} {command line}
     bool UseCompressedClassPointers               = true                                 {lp64_product} {ergonomic}
     bool UseCompressedOops                        = true                                 {lp64_product} {ergonomic}
     bool UseG1GC                                  = true                                      {product} {ergonomic}
     bool UseLargePagesIndividualAllocation        = false                                  {pd product} {ergonomic}

Logging:
Log output configuration:
 #0: stdout all=warning uptime,level,tags
 #1: stderr all=off uptime,level,tags

Environment Variables:
JAVA_HOME=C:\Program Files (x86)\Java\jdk1.8.0_121
PATH=F:\linux\bin\;C:\Program Files\Common Files\Oracle\Java\javapath;C:\Program Files (x86)\Java\jdk1.8.0_121\bin;C:\Program Files (x86)\Common Files\Oracle\Java\javapath;C:\Windows\system32;C:\Windows;C:\Windows\System32\Wbem;C:\Windows\System32\WindowsPowerShell\v1.0\;C:\Windows\System32\OpenSSH\;C:\Program Files (x86)\NVIDIA Corporation\PhysX\Common;C:\Program Files\NVIDIA Corporation\NVIDIA NvDLISR;C:\Program Files\dotnet\;C:\WINDOWS\system32;C:\WINDOWS;C:\WINDOWS\System32\Wbem;C:\WINDOWS\System32\WindowsPowerShell\v1.0\;C:\WINDOWS\System32\OpenSSH\;F:\NodeJS\;D:\Desktop\Web\Maven\Maven2\apache-maven-3.6.1-bin\apache-maven-3.6.1\bin;F:\MySQL\mysql-8.0.33-winx64\bin;F:\Git\Git\Git\cmd;F:\RedisWin\;C:\Program Files\Cloudflare\Cloudflare WARP\;F:\python\python3.10.4\Scripts\;F:\python\python3.10.4\;F:\最终版python3.11.1\Scripts\;F:\最终版python3.11.1\;C:\Users\86183\AppData\Local\Microsoft\WindowsApps;D:\软件\PyCharm Community Edition 2022.2\bin;;C:\Program Files (x86)\Java\jdk1.8.0_121\bin;F:\idea\IntelliJ IDEA 2023.2.2\bin;;F:\Final-pycharm\pycharm-2023.2.1\PyCharm 2023.2.1\bin;;F:\VScode\Microsoft VS Code\bin;C:\Users\86183\AppData\Roaming\npm;C:\Users\86183\AppData\Local\GitHubDesktop\bin;;F:\DataGrip 2023.2.2\bin;
USERNAME=86183
OS=Windows_NT
PROCESSOR_IDENTIFIER=Intel64 Family 6 Model 141 Stepping 1, GenuineIntel



---------------  S Y S T E M  ---------------

OS: Windows 11 , 64 bit Build 22621 (10.0.22621.2506)

CPU:total 16 (initial active 16) (8 cores per cpu, 2 threads per core) family 6 model 141 stepping 1 microcode 0x34, cmov, cx8, fxsr, mmx, sse, sse2, sse3, ssse3, sse4.1, sse4.2, popcnt, avx, avx2, aes, clmul, erms, 3dnowpref, lzcnt, ht, tsc, tscinvbit, bmi1, bmi2, adx, evex, sha, fma

Memory: 4k page, system-wide physical 16122M (938M free)
TotalPageFile size 35182M (AvailPageFile size 31M)
current process WorkingSet (physical memory assigned to process): 635M, peak: 856M
current process commit charge ("private bytes"): 1095M, peak: 1156M

vm_info: Java HotSpot(TM) 64-Bit Server VM (11.0.15.1+2-LTS-10) for windows-amd64 JRE (11.0.15.1+2-LTS-10), built on Apr 25 2022 21:51:57 by "mach5one" with MS VC++ 15.9 (VS2017)

END.
